EVENT: 1 2 1
VERTEX: 0 0 0 0 1 0 0 2
TRACK:  5 0.840827 0.661726 -11.0464 1 0 0 -13
TRACK:  6 -0.786203 -0.829801 -1.94974 1 1 0 13
EVENT: 2 2 1
VERTEX: 0 0 0 0 1 0 0 2
TRACK:  5 -0.973202 -1.18009 1.0057 2 0 0 -13
TRACK:  6 0.748349 1.23768 2.15386 2 1 0 13
EVENT: 3 2 1
VERTEX: 0 0 0 0 1 0 0 2
TRACK:  6 0.0855685 -0.75475 3.61238 3 0 0 13
TRACK:  5 -0.140151 0.556699 -0.450838 3 1 0 -13
EVENT: 4 2 1
VERTEX: 0 0 0 0 1 0 0 2
TRACK:  5 -0.538633 -1.27711 -1.62835 4 0 0 -13
TRACK:  6 0.593957 1.42085 -3.95668 4 1 0 13
EVENT: 5 2 1
VERTEX: 0 0 0 0 1 0 0 2
TRACK:  5 0.386124 1.41079 -12.5834 5 0 0 -13
TRACK:  6 -0.362167 -1.3963 -6.05298 5 1 0 13
EVENT: 6 2 1
VERTEX: 0 0 0 0 1 0 0 2
TRACK:  6 -0.957993 -0.26501 0.253244 6 0 0 13
TRACK:  5 0.859359 0.305002 -2.90771 6 1 0 -13
EVENT: 7 2 1
VERTEX: 0 0 0 0 1 0 0 2
TRACK:  6 0.342936 1.41163 -1.62902 7 0 0 13
TRACK:  5 -0.353757 -1.48418 -0.656897 7 1 0 -13
EVENT: 8 2 1
VERTEX: 0 0 0 0 1 0 0 2
TRACK:  5 0.909371 -1.1795 -0.391802 8 0 0 -13
TRACK:  6 -0.99802 1.12474 0.382073 8 1 0 13
EVENT: 9 2 1
VERTEX: 0 0 0 0 1 0 0 2
TRACK:  6 0.964085 -0.135405 5.65058 9 0 0 13
TRACK:  5 -0.944613 0.138258 0.358216 9 1 0 -13
EVENT: 10 2 1
VERTEX: 0 0 0 0 1 0 0 2
TRACK:  5 0.444302 -0.739505 -0.125711 10 0 0 -13
TRACK:  6 -0.407124 0.72328 -5.33096 10 1 0 13
EVENT: 11 2 1
VERTEX: 0 0 0 0 1 0 0 2
TRACK:  5 -0.235983 1.41384 -1.3024 11 0 0 -13
TRACK:  6 0.289851 -1.54228 -0.520568 11 1 0 13
EVENT: 12 2 1
VERTEX: 0 0 0 0 1 0 0 2
TRACK:  5 -1.14444 0.92771 6.74839 12 0 0 -13
TRACK:  6 1.20888 -1.06493 8.62844 12 1 0 13
EVENT: 13 2 1
VERTEX: 0 0 0 0 1 0 0 2
TRACK:  6 1.2079 -0.458604 -3.94419 13 0 0 13
TRACK:  5 -1.05251 0.392677 -0.423654 13 1 0 -13
EVENT: 14 2 1
VERTEX: 0 0 0 0 1 0 0 2
TRACK:  5 -0.504558 -1.2277 -2.27673 14 0 0 -13
TRACK:  6 0.487559 1.3951 -0.619091 14 1 0 13
EVENT: 15 2 1
VERTEX: 0 0 0 0 1 0 0 2
TRACK:  5 -1.16254 0.995446 -2.35417 15 0 0 -13
TRACK:  6 1.1543 -1.04839 -2.44894 15 1 0 13
EVENT: 16 2 1
VERTEX: 0 0 0 0 1 0 0 2
TRACK:  6 -1.11621 0.255036 -0.0206159 16 0 0 13
TRACK:  5 1.2365 -0.160788 -2.69642 16 1 0 -13
EVENT: 17 2 1
VERTEX: 0 0 0 0 1 0 0 2
TRACK:  5 -0.983193 0.435409 1.39294 17 0 0 -13
TRACK:  6 0.994951 -0.560294 -0.792808 17 1 0 13
EVENT: 18 2 1
VERTEX: 0 0 0 0 1 0 0 2
TRACK:  6 -0.51476 0.754517 -1.35907 18 0 0 13
TRACK:  5 0.58151 -0.658179 1.16684 18 1 0 -13
EVENT: 19 2 1
VERTEX: 0 0 0 0 1 0 0 2
TRACK:  5 0.0170796 -1.25964 2.03952 19 0 0 -13
TRACK:  6 0.0167108 1.18177 8.61413 19 1 0 13
EVENT: 20 2 1
VERTEX: 0 0 0 0 1 0 0 2
TRACK:  5 -0.460314 1.48907 -7.25982 20 0 0 -13
TRACK:  6 0.454949 -1.45497 -6.19869 20 1 0 13
EVENT: 21 2 1
VERTEX: 0 0 0 0 1 0 0 2
TRACK:  6 -0.23026 -0.044453 -3.47735 21 0 0 13
TRACK:  5 0.244032 -0.135551 0.647045 21 1 0 -13
EVENT: 22 2 1
VERTEX: 0 0 0 0 1 0 0 2
TRACK:  6 0.783188 -1.29124 -3.55075 22 0 0 13
TRACK:  5 -0.770018 1.20341 -1.57367 22 1 0 -13
EVENT: 23 2 1
VERTEX: 0 0 0 0 1 0 0 2
TRACK:  5 -0.762628 -1.04097 -6.83207 23 0 0 -13
TRACK:  6 0.748222 0.994604 -1.60383 23 1 0 13
EVENT: 24 2 1
VERTEX: 0 0 0 0 1 0 0 2
TRACK:  5 1.3492 -0.212983 0.417564 24 0 0 -13
TRACK:  6 -1.45972 0.0401456 2.12138 24 1 0 13
EVENT: 25 2 1
VERTEX: 0 0 0 0 1 0 0 2
TRACK:  6 -1.47109 0.383008 -1.85832 25 0 0 13
TRACK:  5 1.35026 -0.519666 -0.665082 25 1 0 -13
EVENT: 26 2 1
VERTEX: 0 0 0 0 1 0 0 2
TRACK:  5 -0.373594 1.24049 3.60188 26 0 0 -13
TRACK:  6 0.474538 -1.26205 0.858436 26 1 0 13
EVENT: 27 2 1
VERTEX: 0 0 0 0 1 0 0 2
TRACK:  6 0.619859 -0.993265 -3.16505 27 0 0 13
TRACK:  5 -0.725543 1.08246 -0.442702 27 1 0 -13
EVENT: 28 2 1
VERTEX: 0 0 0 0 1 0 0 2
TRACK:  6 -0.0218964 0.517727 14.1201 28 0 0 13
TRACK:  5 -0.123845 -0.478307 0.23697 28 1 0 -13
EVENT: 29 2 1
VERTEX: 0 0 0 0 1 0 0 2
TRACK:  6 0.884654 0.093936 -8.3094 29 0 0 13
TRACK:  5 -0.851352 -0.176007 -0.565194 29 1 0 -13
EVENT: 30 2 1
VERTEX: 0 0 0 0 1 0 0 2
TRACK:  5 0.0368436 -1.00427 0.319539 30 0 0 -13
TRACK:  6 -0.0938182 0.944374 5.049 30 1 0 13
EVENT: 31 2 1
VERTEX: 0 0 0 0 1 0 0 2
TRACK:  6 0.854172 -1.10865 -2.33126 31 0 0 13
TRACK:  5 -0.768814 1.05608 -6.69704 31 1 0 -13
EVENT: 32 2 1
VERTEX: 0 0 0 0 1 0 0 2
TRACK:  6 -1.02682 0.177094 1.02166 32 0 0 13
TRACK:  5 0.925256 -0.20574 -1.34997 32 1 0 -13
EVENT: 33 2 1
VERTEX: 0 0 0 0 1 0 0 2
TRACK:  5 -0.233166 0.741423 -0.457504 33 0 0 -13
TRACK:  6 0.246587 -0.793434 2.9531 33 1 0 13
EVENT: 34 2 1
VERTEX: 0 0 0 0 1 0 0 2
TRACK:  6 -0.345846 0.251258 -5.28998 34 0 0 13
TRACK:  5 0.204981 -0.279575 0.362992 34 1 0 -13
EVENT: 35 2 1
VERTEX: 0 0 0 0 1 0 0 2
TRACK:  5 1.11308 0.781264 -8.83835 35 0 0 -13
TRACK:  6 -1.09775 -0.777154 -2.92483 35 1 0 13
EVENT: 36 2 1
VERTEX: 0 0 0 0 1 0 0 2
TRACK:  5 -0.935791 -0.383921 -3.36224 36 0 0 -13
TRACK:  6 1.02036 0.447918 -0.0849867 36 1 0 13
EVENT: 37 2 1
VERTEX: 0 0 0 0 1 0 0 2
TRACK:  6 -1.31872 0.0321189 -10.7851 37 0 0 13
TRACK:  5 1.25443 -0.234446 -2.95623 37 1 0 -13
EVENT: 38 2 1
VERTEX: 0 0 0 0 1 0 0 2
TRACK:  6 -0.935793 1.02206 -6.26164 38 0 0 13
TRACK:  5 0.897664 -1.08955 -2.42021 38 1 0 -13
EVENT: 39 2 1
VERTEX: 0 0 0 0 1 0 0 2
TRACK:  6 1.24917 0.52951 4.29308 39 0 0 13
TRACK:  5 -1.23437 -0.482344 12.7024 39 1 0 -13
EVENT: 40 2 1
VERTEX: 0 0 0 0 1 0 0 2
TRACK:  6 0.643639 -0.596021 -0.171596 40 0 0 13
TRACK:  5 -0.712443 0.663398 -5.28379 40 1 0 -13
EVENT: 41 2 1
VERTEX: 0 0 0 0 1 0 0 2
TRACK:  5 0.994777 0.922331 -11.5073 41 0 0 -13
TRACK:  6 -0.810446 -1.07337 -3.8159 41 1 0 13
EVENT: 42 2 1
VERTEX: 0 0 0 0 1 0 0 2
TRACK:  5 1.16353 -1.08745 -6.81136 42 0 0 -13
TRACK:  6 -1.01814 1.09969 -5.95227 42 1 0 13
EVENT: 43 2 1
VERTEX: 0 0 0 0 1 0 0 2
TRACK:  5 -0.9281 0.980603 -1.04418 43 0 0 -13
TRACK:  6 1.12219 -0.941825 -3.46756 43 1 0 13
EVENT: 44 2 1
VERTEX: 0 0 0 0 1 0 0 2
TRACK:  6 -1.0136 -1.09748 -1.25977 44 0 0 13
TRACK:  5 1.09798 1.09675 -2.09615 44 1 0 -13
EVENT: 45 2 1
VERTEX: 0 0 0 0 1 0 0 2
TRACK:  5 -0.484703 1.00059 0.430508 45 0 0 -13
TRACK:  6 0.356199 -1.13375 -1.88215 45 1 0 13
EVENT: 46 2 1
VERTEX: 0 0 0 0 1 0 0 2
TRACK:  5 -0.0810271 1.21501 -3.3868 46 0 0 -13
TRACK:  6 0.0943647 -1.37671 -0.764438 46 1 0 13
EVENT: 47 2 1
VERTEX: 0 0 0 0 1 0 0 2
TRACK:  6 -0.699811 0.287324 -0.966009 47 0 0 13
TRACK:  5 0.65631 -0.2349 -15.964 47 1 0 -13
EVENT: 48 2 1
VERTEX: 0 0 0 0 1 0 0 2
TRACK:  5 -0.790393 -0.781759 1.5505 48 0 0 -13
TRACK:  6 0.873693 0.788464 9.25017 48 1 0 13
EVENT: 49 2 1
VERTEX: 0 0 0 0 1 0 0 2
TRACK:  6 -0.915172 1.24285 1.49653 49 0 0 13
TRACK:  5 1.01683 -1.07944 2.47968 49 1 0 -13
EVENT: 50 2 1
VERTEX: 0 0 0 0 1 0 0 2
TRACK:  5 0.150467 -0.982798 0.42138 50 0 0 -13
TRACK:  6 -0.200858 0.75825 5.95528 50 1 0 13
EVENT: 51 2 1
VERTEX: 0 0 0 0 1 0 0 2
TRACK:  6 -1.41256 -0.419939 -5.14556 51 0 0 13
TRACK:  5 1.38951 0.405636 -2.42841 51 1 0 -13
EVENT: 52 2 1
VERTEX: 0 0 0 0 1 0 0 2
TRACK:  5 0.281107 1.29722 -0.566501 52 0 0 -13
TRACK:  6 -0.31309 -1.37691 0.879555 52 1 0 13
EVENT: 53 2 1
VERTEX: 0 0 0 0 1 0 0 2
TRACK:  5 -1.55234 0.1194 0.990445 53 0 0 -13
TRACK:  6 1.50854 -0.223527 0.692968 53 1 0 13
EVENT: 54 2 1
VERTEX: 0 0 0 0 1 0 0 2
TRACK:  5 -0.368296 -0.516257 0.122575 54 0 0 -13
TRACK:  6 0.362938 0.485227 -5.63369 54 1 0 13
EVENT: 55 2 1
VERTEX: 0 0 0 0 1 0 0 2
TRACK:  6 -0.662312 0.837213 -0.781865 55 0 0 13
TRACK:  5 0.651779 -0.782306 1.56062 55 1 0 -13
EVENT: 56 2 1
VERTEX: 0 0 0 0 1 0 0 2
TRACK:  6 0.24814 -1.569 -1.45629 56 0 0 13
TRACK:  5 -0.250182 1.48108 -1.43315 56 1 0 -13
EVENT: 57 2 1
VERTEX: 0 0 0 0 1 0 0 2
TRACK:  6 0.897024 1.20486 -11.0839 57 0 0 13
TRACK:  5 -0.838715 -1.26898 -7.31814 57 1 0 -13
EVENT: 58 2 1
VERTEX: 0 0 0 0 1 0 0 2
TRACK:  6 -1.00731 -1.07632 -0.654993 58 0 0 13
TRACK:  5 0.982134 1.25849 -1.17891 58 1 0 -13
EVENT: 59 2 1
VERTEX: 0 0 0 0 1 0 0 2
TRACK:  6 -0.956205 0.307956 -0.277146 59 0 0 13
TRACK:  5 0.94171 -0.273241 2.73237 59 1 0 -13
EVENT: 60 2 1
VERTEX: 0 0 0 0 1 0 0 2
TRACK:  6 1.30768 0.777594 0.958008 60 0 0 13
TRACK:  5 -1.26305 -0.760986 1.95499 60 1 0 -13
EVENT: 61 2 1
VERTEX: 0 0 0 0 1 0 0 2
TRACK:  6 1.29474 1.02824 -2.95411 61 0 0 13
TRACK:  5 -1.16235 -0.855876 -2.71313 61 1 0 -13
EVENT: 62 2 1
VERTEX: 0 0 0 0 1 0 0 2
TRACK:  6 0.77855 -1.41887 5.48571 62 0 0 13
TRACK:  5 -0.774498 1.2539 4.65765 62 1 0 -13
EVENT: 63 2 1
VERTEX: 0 0 0 0 1 0 0 2
TRACK:  6 0.734155 -0.54722 5.88604 63 0 0 13
TRACK:  5 -0.826065 0.51014 0.409652 63 1 0 -13
EVENT: 64 2 1
VERTEX: 0 0 0 0 1 0 0 2
TRACK:  5 0.952643 -0.292895 -1.4059 64 0 0 -13
TRACK:  6 -1.04198 0.118012 0.938957 64 1 0 13
EVENT: 65 2 1
VERTEX: 0 0 0 0 1 0 0 2
TRACK:  6 -0.188009 0.385807 11.3802 65 0 0 13
TRACK:  5 0.166586 -0.389717 0.0339109 65 1 0 -13
EVENT: 66 2 1
VERTEX: 0 0 0 0 1 0 0 2
TRACK:  6 0.750315 -0.992654 3.25508 66 0 0 13
TRACK:  5 -0.801078 0.9225 0.367166 66 1 0 -13
EVENT: 67 2 1
VERTEX: 0 0 0 0 1 0 0 2
TRACK:  5 -0.55414 0.366248 3.87404 67 0 0 -13
TRACK:  6 0.478978 -0.255583 -0.43078 67 1 0 13
EVENT: 68 2 1
VERTEX: 0 0 0 0 1 0 0 2
TRACK:  6 0.995068 -0.786805 0.953565 68 0 0 13
TRACK:  5 -0.963046 0.871936 -0.768831 68 1 0 -13
EVENT: 69 2 1
VERTEX: 0 0 0 0 1 0 0 2
TRACK:  6 0.390184 -1.32462 -2.81749 69 0 0 13
TRACK:  5 -0.455607 1.32215 -0.768533 69 1 0 -13
EVENT: 70 2 1
VERTEX: 0 0 0 0 1 0 0 2
TRACK:  6 -1.47023 -0.0727663 -1.16129 70 0 0 13
TRACK:  5 1.42065 -0.0244041 0.0181968 70 1 0 -13
EVENT: 71 2 1
VERTEX: 0 0 0 0 1 0 0 2
TRACK:  6 1.00007 0.301224 0.115969 71 0 0 13
TRACK:  5 -0.898388 -0.280327 3.91638 71 1 0 -13
EVENT: 72 2 1
VERTEX: 0 0 0 0 1 0 0 2
TRACK:  6 -0.891326 -0.423265 -1.99166 72 0 0 13
TRACK:  5 0.963852 0.409929 0.554318 72 1 0 -13
EVENT: 73 2 1
VERTEX: 0 0 0 0 1 0 0 2
TRACK:  5 0.759376 -0.0342431 0.336137 73 0 0 -13
TRACK:  6 -0.867094 -0.0350073 8.14808 73 1 0 13
EVENT: 74 2 1
VERTEX: 0 0 0 0 1 0 0 2
TRACK:  5 -0.333078 -0.103452 0.125286 74 0 0 -13
TRACK:  6 0.192277 0.0992788 -9.22135 74 1 0 13
EVENT: 75 2 1
VERTEX: 0 0 0 0 1 0 0 2
TRACK:  6 -0.720303 -0.167544 11.1767 75 0 0 13
TRACK:  5 0.774457 0.185915 0.678714 75 1 0 -13
EVENT: 76 2 1
VERTEX: 0 0 0 0 1 0 0 2
TRACK:  5 -0.429434 -0.75812 0.0293015 76 0 0 -13
TRACK:  6 0.442767 0.645269 4.76882 76 1 0 13
EVENT: 77 2 1
VERTEX: 0 0 0 0 1 0 0 2
TRACK:  6 -0.248873 -1.03726 0.673476 77 0 0 13
TRACK:  5 0.269839 0.968731 -1.73579 77 1 0 -13
EVENT: 78 2 1
VERTEX: 0 0 0 0 1 0 0 2
TRACK:  5 0.553586 -1.31275 1.07922 78 0 0 -13
TRACK:  6 -0.661479 1.38863 2.57636 78 1 0 13
EVENT: 79 2 1
VERTEX: 0 0 0 0 1 0 0 2
TRACK:  6 0.708331 1.32442 -0.776637 79 0 0 13
TRACK:  5 -0.692056 -1.37071 -0.191956 79 1 0 -13
EVENT: 80 2 1
VERTEX: 0 0 0 0 1 0 0 2
TRACK:  6 -0.149059 -1.49274 -2.43892 80 0 0 13
TRACK:  5 0.129678 1.52381 -1.49126 80 1 0 -13
EVENT: 81 2 1
VERTEX: 0 0 0 0 1 0 0 2
TRACK:  5 -1.15083 -0.292954 -1.48104 81 0 0 -13
TRACK:  6 1.17635 0.241362 0.561401 81 1 0 13
EVENT: 82 2 1
VERTEX: 0 0 0 0 1 0 0 2
TRACK:  5 1.08847 0.0619895 0.834482 82 0 0 -13
TRACK:  6 -1.10425 -0.0884524 6.3472 82 1 0 13
EVENT: 83 2 1
VERTEX: 0 0 0 0 1 0 0 2
TRACK:  6 1.24771 0.549917 -0.647457 83 0 0 13
TRACK:  5 -1.33776 -0.552874 -2.58343 83 1 0 -13
EVENT: 84 2 1
VERTEX: 0 0 0 0 1 0 0 2
TRACK:  6 0.091193 -1.11964 1.57768 84 0 0 13
TRACK:  5 -0.0744381 1.07401 -0.689156 84 1 0 -13
EVENT: 85 2 1
VERTEX: 0 0 0 0 1 0 0 2
TRACK:  6 -0.196738 -0.332765 4.11262 85 0 0 13
TRACK:  5 0.286388 0.398835 -0.443811 85 1 0 -13
EVENT: 86 2 1
VERTEX: 0 0 0 0 1 0 0 2
TRACK:  6 -1.13665 -0.851118 1.77671 86 0 0 13
TRACK:  5 1.10537 0.922384 0.364235 86 1 0 -13
EVENT: 87 2 1
VERTEX: 0 0 0 0 1 0 0 2
TRACK:  6 -0.13596 1.54447 -0.0182584 87 0 0 13
TRACK:  5 0.326299 -1.48029 0.410131 87 1 0 -13
EVENT: 88 2 1
VERTEX: 0 0 0 0 1 0 0 2
TRACK:  6 0.810293 0.467916 -0.235126 88 0 0 13
TRACK:  5 -0.76526 -0.413099 -5.30489 88 1 0 -13
EVENT: 89 2 1
VERTEX: 0 0 0 0 1 0 0 2
TRACK:  6 0.541374 -0.751016 0.253493 89 0 0 13
TRACK:  5 -0.510008 0.841405 -3.05684 89 1 0 -13
EVENT: 90 2 1
VERTEX: 0 0 0 0 1 0 0 2
TRACK:  5 1.36988 0.409384 10.3727 90 0 0 -13
TRACK:  6 -1.34265 -0.436184 4.3841 90 1 0 13
EVENT: 91 2 1
VERTEX: 0 0 0 0 1 0 0 2
TRACK:  5 -0.651507 -1.021 1.66389 91 0 0 -13
TRACK:  6 0.635933 0.96455 -0.479655 91 1 0 13
EVENT: 92 2 1
VERTEX: 0 0 0 0 1 0 0 2
TRACK:  5 -0.459592 -1.08667 -0.73914 92 0 0 -13
TRACK:  6 0.396801 1.09482 -4.90023 92 1 0 13
EVENT: 93 2 1
VERTEX: 0 0 0 0 1 0 0 2
TRACK:  6 0.590852 -1.48106 -5.6004 93 0 0 13
TRACK:  5 -0.597146 1.36935 -5.77248 93 1 0 -13
EVENT: 94 2 1
VERTEX: 0 0 0 0 1 0 0 2
TRACK:  6 -0.78252 1.18418 4.36967 94 0 0 13
TRACK:  5 0.791516 -1.10413 1.4035 94 1 0 -13
EVENT: 95 2 1
VERTEX: 0 0 0 0 1 0 0 2
TRACK:  5 -0.648254 0.919496 -1.67704 95 0 0 -13
TRACK:  6 0.507301 -0.9191 -10.1385 95 1 0 13
EVENT: 96 2 1
VERTEX: 0 0 0 0 1 0 0 2
TRACK:  6 0.410414 0.568825 8.12013 96 0 0 13
TRACK:  5 -0.402098 -0.587939 0.23152 96 1 0 -13
EVENT: 97 2 1
VERTEX: 0 0 0 0 1 0 0 2
TRACK:  6 -1.249 -0.214075 0.513493 97 0 0 13
TRACK:  5 1.34804 0.189308 -1.16579 97 1 0 -13
EVENT: 98 2 1
VERTEX: 0 0 0 0 1 0 0 2
TRACK:  6 0.252956 0.172789 0.14001 98 0 0 13
TRACK:  5 -0.371683 -0.244576 -9.42008 98 1 0 -13
EVENT: 99 2 1
VERTEX: 0 0 0 0 1 0 0 2
TRACK:  6 -0.0648187 0.545467 -0.559209 99 0 0 13
TRACK:  5 0.040511 -0.775415 3.17222 99 1 0 -13
EVENT: 100 2 1
VERTEX: 0 0 0 0 1 0 0 2
TRACK:  5 0.458381 -0.609345 0.467675 100 0 0 -13
TRACK:  6 -0.462707 0.41258 -3.11664 100 1 0 13
EVENT: 101 2 1
VERTEX: 0 0 0 0 1 0 0 2
TRACK:  6 0.402532 1.43056 -4.19405 101 0 0 13
TRACK:  5 -0.275088 -1.51652 -6.70852 101 1 0 -13
EVENT: 102 2 1
VERTEX: 0 0 0 0 1 0 0 2
TRACK:  5 0.139486 -0.354594 -8.86481 102 0 0 -13
TRACK:  6 -0.0537589 0.358283 0.126242 102 1 0 13
EVENT: 103 2 1
VERTEX: 0 0 0 0 1 0 0 2
TRACK:  6 -0.967959 -0.477831 -1.62494 103 0 0 13
TRACK:  5 0.924889 0.440167 -10.9025 103 1 0 -13
EVENT: 104 2 1
VERTEX: 0 0 0 0 1 0 0 2
TRACK:  5 -0.03684 -0.459441 -0.0741293 104 0 0 -13
TRACK:  6 -0.0230678 0.466586 8.25639 104 1 0 13
EVENT: 105 2 1
VERTEX: 0 0 0 0 1 0 0 2
TRACK:  5 1.11349 0.856148 1.6142 105 0 0 -13
TRACK:  6 -1.13499 -0.763662 0.0460826 105 1 0 13
EVENT: 106 2 1
VERTEX: 0 0 0 0 1 0 0 2
TRACK:  5 -0.0227726 -1.5306 5.96351 106 0 0 -13
TRACK:  6 0.0404482 1.5399 4.78073 106 1 0 13
EVENT: 107 2 1
VERTEX: 0 0 0 0 1 0 0 2
TRACK:  6 0.540228 0.38347 -3.38743 107 0 0 13
TRACK:  5 -0.465957 -0.41612 0.480464 107 1 0 -13
EVENT: 108 2 1
VERTEX: 0 0 0 0 1 0 0 2
TRACK:  5 0.65386 1.28239 1.24537 108 0 0 -13
TRACK:  6 -0.57683 -1.30564 -0.00341884 108 1 0 13
EVENT: 109 2 1
VERTEX: 0 0 0 0 1 0 0 2
TRACK:  5 -0.116112 0.729596 -0.573973 109 0 0 -13
TRACK:  6 0.189571 -0.784349 2.6899 109 1 0 13
EVENT: 110 2 1
VERTEX: 0 0 0 0 1 0 0 2
TRACK:  5 -0.520003 -0.792947 0.344116 110 0 0 -13
TRACK:  6 0.602543 0.778229 -2.70608 110 1 0 13
EVENT: 111 2 1
VERTEX: 0 0 0 0 1 0 0 2
TRACK:  5 -0.331715 1.00502 0.499418 111 0 0 -13
TRACK:  6 0.353298 -1.08807 -1.9103 111 1 0 13
EVENT: 112 2 1
VERTEX: 0 0 0 0 1 0 0 2
TRACK:  5 1.39001 -0.601626 0.895797 112 0 0 -13
TRACK:  6 -1.37062 0.571431 0.107166 112 1 0 13
EVENT: 113 2 1
VERTEX: 0 0 0 0 1 0 0 2
TRACK:  6 -0.708878 1.45496 -2.83822 113 0 0 13
TRACK:  5 0.507427 -1.381 -2.19351 113 1 0 -13
EVENT: 114 2 1
VERTEX: 0 0 0 0 1 0 0 2
TRACK:  6 0.315925 -1.1613 -1.56357 114 0 0 13
TRACK:  5 -0.385412 1.27564 0.302427 114 1 0 -13
EVENT: 115 2 1
VERTEX: 0 0 0 0 1 0 0 2
TRACK:  6 0.881243 0.955623 5.2268 115 0 0 13
TRACK:  5 -0.847223 -0.950535 1.2272 115 1 0 -13
EVENT: 116 2 1
VERTEX: 0 0 0 0 1 0 0 2
TRACK:  6 -0.4832 1.43049 -5.30182 116 0 0 13
TRACK:  5 0.341538 -1.54323 -4.95993 116 1 0 -13
EVENT: 117 2 1
VERTEX: 0 0 0 0 1 0 0 2
TRACK:  6 -1.10094 -1.10538 1.15462 117 0 0 13
TRACK:  5 0.925 1.15484 1.89152 117 1 0 -13
EVENT: 118 2 1
VERTEX: 0 0 0 0 1 0 0 2
TRACK:  5 0.456184 -1.12848 0.322596 118 0 0 -13
TRACK:  6 -0.38884 1.1156 3.27839 118 1 0 13
EVENT: 119 2 1
VERTEX: 0 0 0 0 1 0 0 2
TRACK:  6 1.13981 0.503482 7.06196 119 0 0 13
TRACK:  5 -1.14831 -0.523019 1.68866 119 1 0 -13
EVENT: 120 2 1
VERTEX: 0 0 0 0 1 0 0 2
TRACK:  5 -1.23418 -0.423153 -4.04951 120 0 0 -13
TRACK:  6 1.30059 0.371376 -1.06898 120 1 0 13
EVENT: 121 2 1
VERTEX: 0 0 0 0 1 0 0 2
TRACK:  6 -0.765264 -0.916713 0.17476 121 0 0 13
TRACK:  5 0.811051 0.836139 3.02184 121 1 0 -13
EVENT: 122 2 1
VERTEX: 0 0 0 0 1 0 0 2
TRACK:  5 -0.682902 -1.12627 -1.1286 122 0 0 -13
TRACK:  6 0.708405 1.22002 0.349568 122 1 0 13
EVENT: 123 2 1
VERTEX: 0 0 0 0 1 0 0 2
TRACK:  6 -0.459307 1.45015 -0.200274 123 0 0 13
TRACK:  5 0.495738 -1.39421 -0.97589 123 1 0 -13
EVENT: 124 2 1
VERTEX: 0 0 0 0 1 0 0 2
TRACK:  6 0.0709464 -1.2634 -1.21931 124 0 0 13
TRACK:  5 0.0169789 1.25127 0.611566 124 1 0 -13
EVENT: 125 2 1
VERTEX: 0 0 0 0 1 0 0 2
TRACK:  6 -1.09819 -0.254722 1.19216 125 0 0 13
TRACK:  5 0.937909 0.269727 -1.07936 125 1 0 -13
EVENT: 126 2 1
VERTEX: 0 0 0 0 1 0 0 2
TRACK:  6 1.05539 0.0949034 9.30045 126 0 0 13
TRACK:  5 -1.17676 -0.0348437 1.72067 126 1 0 -13
EVENT: 127 2 1
VERTEX: 0 0 0 0 1 0 0 2
TRACK:  6 0.708351 -0.889394 1.10608 127 0 0 13
TRACK:  5 -0.840934 0.818435 -0.951807 127 1 0 -13
EVENT: 128 2 1
VERTEX: 0 0 0 0 1 0 0 2
TRACK:  6 -0.629764 0.516727 -0.940557 128 0 0 13
TRACK:  5 0.661219 -0.519012 -13.1921 128 1 0 -13
EVENT: 129 2 1
VERTEX: 0 0 0 0 1 0 0 2
TRACK:  6 -0.347639 -0.784815 0.263335 129 0 0 13
TRACK:  5 0.208775 0.658799 6.49411 129 1 0 -13
EVENT: 130 2 1
VERTEX: 0 0 0 0 1 0 0 2
TRACK:  6 0.540872 -1.347 -1.01722 130 0 0 13
TRACK:  5 -0.613674 1.42683 -2.15969 130 1 0 -13
EVENT: 131 2 1
VERTEX: 0 0 0 0 1 0 0 2
TRACK:  6 -0.533969 -1.45347 3.97582 131 0 0 13
TRACK:  5 0.586049 1.37985 5.48259 131 1 0 -13
EVENT: 132 2 1
VERTEX: 0 0 0 0 1 0 0 2
TRACK:  6 1.45763 -0.46497 4.78543 132 0 0 13
TRACK:  5 -1.49348 0.347553 3.58366 132 1 0 -13
EVENT: 133 2 1
VERTEX: 0 0 0 0 1 0 0 2
TRACK:  6 0.744926 1.32682 0.837441 133 0 0 13
TRACK:  5 -0.659701 -1.32224 0.0486811 133 1 0 -13
EVENT: 134 2 1
VERTEX: 0 0 0 0 1 0 0 2
TRACK:  6 -0.744283 0.592011 -13.5942 134 0 0 13
TRACK:  5 0.673837 -0.629013 -1.37644 134 1 0 -13
EVENT: 135 2 1
VERTEX: 0 0 0 0 1 0 0 2
TRACK:  5 -0.264369 0.270316 -5.1261 135 0 0 -13
TRACK:  6 0.298596 -0.28846 0.348783 135 1 0 13
EVENT: 136 2 1
VERTEX: 0 0 0 0 1 0 0 2
TRACK:  6 -1.1763 0.732106 -1.28197 136 0 0 13
TRACK:  5 1.09157 -0.659542 -4.39038 136 1 0 -13
EVENT: 137 2 1
VERTEX: 0 0 0 0 1 0 0 2
TRACK:  6 -0.33393 -0.834713 -13.5873 137 0 0 13
TRACK:  5 0.278144 0.913414 -1.47496 137 1 0 -13
EVENT: 138 2 1
VERTEX: 0 0 0 0 1 0 0 2
TRACK:  6 -0.39839 0.984521 -1.72833 138 0 0 13
TRACK:  5 0.353495 -1.01468 -11.6946 138 1 0 -13
EVENT: 139 2 1
VERTEX: 0 0 0 0 1 0 0 2
TRACK:  5 -1.08081 -0.432241 -4.14246 139 0 0 -13
TRACK:  6 1.05899 0.375595 -0.40693 139 1 0 13
EVENT: 140 2 1
VERTEX: 0 0 0 0 1 0 0 2
TRACK:  5 -0.224639 -1.33785 1.92036 140 0 0 -13
TRACK:  6 0.228582 1.40068 0.291761 140 1 0 13
EVENT: 141 2 1
VERTEX: 0 0 0 0 1 0 0 2
TRACK:  6 -0.216717 -1.49958 1.40505 141 0 0 13
TRACK:  5 0.223282 1.55897 1.41157 141 1 0 -13
EVENT: 142 2 1
VERTEX: 0 0 0 0 1 0 0 2
TRACK:  5 -0.352592 1.25338 6.3736 142 0 0 -13
TRACK:  6 0.293524 -1.20878 1.47891 142 1 0 13
EVENT: 143 2 1
VERTEX: 0 0 0 0 1 0 0 2
TRACK:  5 0.59813 -1.08702 -0.823586 143 0 0 -13
TRACK:  6 -0.600912 1.18906 -4.21865 143 1 0 13
EVENT: 144 2 1
VERTEX: 0 0 0 0 1 0 0 2
TRACK:  5 -1.17516 0.766583 2.76444 144 0 0 -13
TRACK:  6 1.19225 -0.848272 6.62218 144 1 0 13
EVENT: 145 2 1
VERTEX: 0 0 0 0 1 0 0 2
TRACK:  6 0.589144 -0.344161 3.0175 145 0 0 13
TRACK:  5 -0.554355 0.467493 -0.508768 145 1 0 -13
EVENT: 146 2 1
VERTEX: 0 0 0 0 1 0 0 2
TRACK:  5 0.736996 1.28313 -1.35717 146 0 0 -13
TRACK:  6 -0.657583 -1.19683 -3.41643 146 1 0 13
EVENT: 147 2 1
VERTEX: 0 0 0 0 1 0 0 2
TRACK:  6 -0.349563 0.746469 -13.8493 147 0 0 13
TRACK:  5 0.288737 -0.683878 -0.789462 147 1 0 -13
EVENT: 148 2 1
VERTEX: 0 0 0 0 1 0 0 2
TRACK:  6 -1.19291 -0.327425 -0.518713 148 0 0 13
TRACK:  5 1.10098 0.294654 1.53622 148 1 0 -13
EVENT: 149 2 1
VERTEX: 0 0 0 0 1 0 0 2
TRACK:  5 1.37677 -0.237658 -0.473513 149 0 0 -13
TRACK:  6 -1.44926 0.318796 0.653809 149 1 0 13
EVENT: 150 2 1
VERTEX: 0 0 0 0 1 0 0 2
TRACK:  5 -0.761431 0.525088 -1.14912 150 0 0 -13
TRACK:  6 0.75637 -0.48428 1.34986 150 1 0 13
EVENT: 151 2 1
VERTEX: 0 0 0 0 1 0 0 2
TRACK:  5 -1.16981 -0.661452 2.0362 151 0 0 -13
TRACK:  6 1.2564 0.661609 0.343765 151 1 0 13
EVENT: 152 2 1
VERTEX: 0 0 0 0 1 0 0 2
TRACK:  5 -0.824858 0.329245 -0.0568968 152 0 0 -13
TRACK:  6 0.780205 -0.431378 -4.67276 152 1 0 13
EVENT: 153 2 1
VERTEX: 0 0 0 0 1 0 0 2
TRACK:  5 -0.521555 1.03169 6.64737 153 0 0 -13
TRACK:  6 0.57624 -1.08207 1.34086 153 1 0 13
EVENT: 154 2 1
VERTEX: 0 0 0 0 1 0 0 2
TRACK:  5 0.362758 -0.321179 8.14249 154 0 0 -13
TRACK:  6 -0.274809 0.297242 -0.125867 154 1 0 13
EVENT: 155 2 1
VERTEX: 0 0 0 0 1 0 0 2
TRACK:  5 -0.028589 1.24505 -1.46128 155 0 0 -13
TRACK:  6 0.119292 -1.33001 -6.16872 155 1 0 13
EVENT: 156 2 1
VERTEX: 0 0 0 0 1 0 0 2
TRACK:  5 -1.38531 0.50182 1.00589 156 0 0 -13
TRACK:  6 1.40718 -0.383501 2.46454 156 1 0 13
EVENT: 157 2 1
VERTEX: 0 0 0 0 1 0 0 2
TRACK:  5 0.522729 0.107254 0.278717 157 0 0 -13
TRACK:  6 -0.455858 -0.122427 -5.07745 157 1 0 13
EVENT: 158 2 1
VERTEX: 0 0 0 0 1 0 0 2
TRACK:  6 -0.412768 1.46412 -0.639764 158 0 0 13
TRACK:  5 0.460396 -1.49519 -0.848495 158 1 0 -13
EVENT: 159 2 1
VERTEX: 0 0 0 0 1 0 0 2
TRACK:  6 -0.508737 -1.4365 -5.66313 159 0 0 13
TRACK:  5 0.528667 1.40832 -3.65853 159 1 0 -13
EVENT: 160 2 1
VERTEX: 0 0 0 0 1 0 0 2
TRACK:  6 0.545876 1.33329 1.49652 160 0 0 13
TRACK:  5 -0.545849 -1.38905 0.388202 160 1 0 -13
EVENT: 161 2 1
VERTEX: 0 0 0 0 1 0 0 2
TRACK:  5 -0.336482 1.45199 -0.995011 161 0 0 -13
TRACK:  6 0.320314 -1.51151 -1.82743 161 1 0 13
EVENT: 162 2 1
VERTEX: 0 0 0 0 1 0 0 2
TRACK:  5 0.599585 -0.749483 -2.92148 162 0 0 -13
TRACK:  6 -0.579888 0.627984 0.370178 162 1 0 13
EVENT: 163 2 1
VERTEX: 0 0 0 0 1 0 0 2
TRACK:  6 0.954973 0.181944 -12.9134 163 0 0 13
TRACK:  5 -0.976024 -0.164916 -1.55879 163 1 0 -13
EVENT: 164 2 1
VERTEX: 0 0 0 0 1 0 0 2
TRACK:  6 0.556546 -1.46629 5.23778 164 0 0 13
TRACK:  5 -0.504354 1.38392 3.3477 164 1 0 -13
EVENT: 165 2 1
VERTEX: 0 0 0 0 1 0 0 2
TRACK:  6 -0.376633 -0.274716 2.81278 165 0 0 13
TRACK:  5 0.295409 0.235723 -0.765634 165 1 0 -13
EVENT: 166 2 1
VERTEX: 0 0 0 0 1 0 0 2
TRACK:  5 0.487687 -0.503713 8.16586 166 0 0 -13
TRACK:  6 -0.44551 0.462298 0.136575 166 1 0 13
EVENT: 167 2 1
VERTEX: 0 0 0 0 1 0 0 2
TRACK:  6 0.852515 0.242877 1.1933 167 0 0 13
TRACK:  5 -0.661138 -0.253195 -1.45761 167 1 0 -13
EVENT: 168 2 1
VERTEX: 0 0 0 0 1 0 0 2
TRACK:  6 -1.49559 -0.034815 2.06051 168 0 0 13
TRACK:  5 1.51103 0.134606 1.09376 168 1 0 -13
EVENT: 169 2 1
VERTEX: 0 0 0 0 1 0 0 2
TRACK:  6 0.361232 -0.756771 1.65336 169 0 0 13
TRACK:  5 -0.368187 0.80486 -0.967431 169 1 0 -13
EVENT: 170 2 1
VERTEX: 0 0 0 0 1 0 0 2
TRACK:  5 -0.255606 -0.131389 0.034734 170 0 0 -13
TRACK:  6 0.222789 0.0621963 17.2567 170 1 0 13
EVENT: 171 2 1
VERTEX: 0 0 0 0 1 0 0 2
TRACK:  6 1.38743 0.69459 -2.93433 171 0 0 13
TRACK:  5 -1.2654 -0.627484 -1.26767 171 1 0 -13
EVENT: 172 2 1
VERTEX: 0 0 0 0 1 0 0 2
TRACK:  5 -1.24838 0.643074 -0.926168 172 0 0 -13
TRACK:  6 1.25779 -0.692532 0.308482 172 1 0 13
EVENT: 173 2 1
VERTEX: 0 0 0 0 1 0 0 2
TRACK:  6 -0.179334 -0.260365 0.468875 173 0 0 13
TRACK:  5 0.213719 0.201396 -4.48939 173 1 0 -13
EVENT: 174 2 1
VERTEX: 0 0 0 0 1 0 0 2
TRACK:  5 0.309756 -1.35092 3.84665 174 0 0 -13
TRACK:  6 -0.338313 1.35173 1.25633 174 1 0 13
EVENT: 175 2 1
VERTEX: 0 0 0 0 1 0 0 2
TRACK:  5 0.200347 1.42628 1.31455 175 0 0 -13
TRACK:  6 -0.264838 -1.45848 3.12812 175 1 0 13
EVENT: 176 2 1
VERTEX: 0 0 0 0 1 0 0 2
TRACK:  6 1.19106 0.0634082 -0.720272 176 0 0 13
TRACK:  5 -1.21115 -0.0452261 -4.60304 176 1 0 -13
EVENT: 177 2 1
VERTEX: 0 0 0 0 1 0 0 2
TRACK:  5 1.1262 -1.06549 0.985562 177 0 0 -13
TRACK:  6 -1.04157 1.01928 1.87224 177 1 0 13
EVENT: 178 2 1
VERTEX: 0 0 0 0 1 0 0 2
TRACK:  6 -1.17475 -0.533627 1.54556 178 0 0 13
TRACK:  5 1.19167 0.642971 5.7905 178 1 0 -13
EVENT: 179 2 1
VERTEX: 0 0 0 0 1 0 0 2
TRACK:  5 1.10648 0.0812455 -1.86466 179 0 0 -13
TRACK:  6 -0.986466 -0.103863 0.612462 179 1 0 13
EVENT: 180 2 1
VERTEX: 0 0 0 0 1 0 0 2
TRACK:  5 0.54962 1.38283 0.135413 180 0 0 -13
TRACK:  6 -0.612072 -1.39704 -0.561682 180 1 0 13
EVENT: 181 2 1
VERTEX: 0 0 0 0 1 0 0 2
TRACK:  5 1.31819 0.667859 -4.92905 181 0 0 -13
TRACK:  6 -1.27612 -0.724216 -2.47726 181 1 0 13
EVENT: 182 2 1
VERTEX: 0 0 0 0 1 0 0 2
TRACK:  6 0.117422 1.31783 -1.48262 182 0 0 13
TRACK:  5 -0.0517742 -1.22513 0.39801 182 1 0 -13
EVENT: 183 2 1
VERTEX: 0 0 0 0 1 0 0 2
TRACK:  5 -0.174542 -1.26826 -4.67768 183 0 0 -13
TRACK:  6 0.313168 1.30953 -1.25805 183 1 0 13
EVENT: 184 2 1
VERTEX: 0 0 0 0 1 0 0 2
TRACK:  6 0.00559357 -0.590191 2.05506 184 0 0 13
TRACK:  5 -0.0875976 0.750174 -0.890798 184 1 0 -13
EVENT: 185 2 1
VERTEX: 0 0 0 0 1 0 0 2
TRACK:  5 0.851076 1.29266 -0.983667 185 0 0 -13
TRACK:  6 -0.97106 -1.19792 -1.16409 185 1 0 13
EVENT: 186 2 1
VERTEX: 0 0 0 0 1 0 0 2
TRACK:  5 1.27011 -0.317675 0.242731 186 0 0 -13
TRACK:  6 -1.20064 0.349828 2.51946 186 1 0 13
