EVENT: 1 2 1
VERTEX: 0 0 0 0 1 0 0 2
TRACK:  6 -0.499709 -1.07007 5.99194 1 0 0 13
TRACK:  5 0.505959 1.05113 -5.97676 1 1 0 -13
EVENT: 2 2 1
VERTEX: 0 0 0 0 1 0 0 2
TRACK:  6 0.292365 -0.0539939 -0.160529 2 0 0 13
TRACK:  5 -0.295974 0.0437924 4.04036 2 1 0 -13
EVENT: 3 2 1
VERTEX: 0 0 0 0 1 0 0 2
TRACK:  6 0.234395 0.330549 1.14741 3 0 0 13
TRACK:  5 -0.231707 -0.298136 -14.2408 3 1 0 -13
EVENT: 4 2 1
VERTEX: 0 0 0 0 1 0 0 2
TRACK:  5 -3.49706 1.1768 13.8992 4 0 0 -13
TRACK:  6 3.50769 -1.16164 11.9974 4 1 0 13
EVENT: 5 2 1
VERTEX: 0 0 0 0 1 0 0 2
TRACK:  6 0.233728 0.103414 25.7434 5 0 0 13
TRACK:  5 -0.234209 -0.103374 -1.18498 5 1 0 -13
EVENT: 6 2 1
VERTEX: 0 0 0 0 1 0 0 2
TRACK:  5 3.6321 -4.19403 -26.2876 6 0 0 -13
TRACK:  6 -3.62687 4.17189 -4.72252 6 1 0 13
EVENT: 7 2 1
VERTEX: 0 0 0 0 1 0 0 2
TRACK:  5 0.0689741 0.00867084 -4.33749 7 0 0 -13
TRACK:  6 -0.0651725 -0.0352842 2.57651 7 1 0 13
EVENT: 8 2 1
VERTEX: 0 0 0 0 1 0 0 2
TRACK:  5 2.3426 -6.54163 -24.0121 8 0 0 -13
TRACK:  6 -2.39448 6.53467 3.1027 8 1 0 13
EVENT: 9 2 1
VERTEX: 0 0 0 0 1 0 0 2
TRACK:  6 -0.163203 -0.0636847 -21.8298 9 0 0 13
TRACK:  5 0.17417 0.042363 3.07926 9 1 0 -13
EVENT: 10 2 1
VERTEX: 0 0 0 0 1 0 0 2
TRACK:  6 0.0611879 -0.188931 0.870093 10 0 0 13
TRACK:  5 0.0718588 0.087995 -0.198363 10 1 0 -13
EVENT: 11 2 1
VERTEX: 0 0 0 0 1 0 0 2
TRACK:  6 0.564909 0.276852 -5.28317 11 0 0 13
TRACK:  5 -0.554862 -0.27675 7.01739 11 1 0 -13
EVENT: 12 2 1
VERTEX: 0 0 0 0 1 0 0 2
TRACK:  6 -0.0523975 -0.0825048 12.1009 12 0 0 13
TRACK:  5 0.0294578 0.11168 -0.557846 12 1 0 -13
EVENT: 13 2 1
VERTEX: 0 0 0 0 1 0 0 2
TRACK:  6 0.965272 7.30043 26.653 13 0 0 13
TRACK:  5 -0.940908 -7.30327 19.7295 13 1 0 -13
EVENT: 14 2 1
VERTEX: 0 0 0 0 1 0 0 2
TRACK:  5 0.845986 1.42636 1.90603 14 0 0 -13
TRACK:  6 -0.898723 -1.36904 -8.45641 14 1 0 13
EVENT: 15 2 1
VERTEX: 0 0 0 0 1 0 0 2
TRACK:  6 0.341347 1.22072 3.92875 15 0 0 13
TRACK:  5 -0.394417 -1.15628 -6.7434 15 1 0 -13
EVENT: 16 2 1
VERTEX: 0 0 0 0 1 0 0 2
TRACK:  5 0.0447698 0.0601913 33.4795 16 0 0 -13
TRACK:  6 -0.0433672 -0.0730743 -0.719992 16 1 0 13
EVENT: 17 2 1
VERTEX: 0 0 0 0 1 0 0 2
TRACK:  5 -2.2364 -1.27729 8.59229 17 0 0 -13
TRACK:  6 2.23078 1.29052 -1.84985 17 1 0 13
EVENT: 18 2 1
VERTEX: 0 0 0 0 1 0 0 2
TRACK:  5 1.10986 1.70852 2.12893 18 0 0 -13
TRACK:  6 -1.10931 -1.7438 -9.20751 18 1 0 13
EVENT: 19 2 1
VERTEX: 0 0 0 0 1 0 0 2
TRACK:  5 0.919126 -0.256012 7.06465 19 0 0 -13
TRACK:  6 -0.884607 0.168952 -0.893322 19 1 0 13
EVENT: 20 2 1
VERTEX: 0 0 0 0 1 0 0 2
TRACK:  5 1.97725 -1.79065 0.102006 20 0 0 -13
TRACK:  6 -1.98367 1.80973 23.2447 20 1 0 13
EVENT: 21 2 1
VERTEX: 0 0 0 0 1 0 0 2
TRACK:  5 1.64629 -2.49153 43.9989 21 0 0 -13
TRACK:  6 -1.66386 2.45849 4.02313 21 1 0 13
EVENT: 22 2 1
VERTEX: 0 0 0 0 1 0 0 2
TRACK:  5 0.119661 0.0230696 -9.84877 22 0 0 -13
TRACK:  6 -0.124946 -0.0311037 6.62322 22 1 0 13
EVENT: 23 2 1
VERTEX: 0 0 0 0 1 0 0 2
TRACK:  6 1.82479 4.23556 11.6678 23 0 0 13
TRACK:  5 -1.83764 -4.25957 1.50422 23 1 0 -13
EVENT: 24 2 1
VERTEX: 0 0 0 0 1 0 0 2
TRACK:  5 -0.0436629 0.0511429 0.944118 24 0 0 -13
TRACK:  6 0.024985 -0.0219166 -2.02856 24 1 0 13
EVENT: 25 2 1
VERTEX: 0 0 0 0 1 0 0 2
TRACK:  5 0.101185 -0.210027 -15.1736 25 0 0 -13
TRACK:  6 -0.0971501 0.178226 7.68475 25 1 0 13
EVENT: 26 2 1
VERTEX: 0 0 0 0 1 0 0 2
TRACK:  6 -0.151125 0.331704 -46.5356 26 0 0 13
TRACK:  5 0.115772 -0.292368 0.527254 26 1 0 -13
EVENT: 27 2 1
VERTEX: 0 0 0 0 1 0 0 2
TRACK:  6 -3.54818 3.33663 -7.48639 27 0 0 13
TRACK:  5 3.49968 -3.42445 -0.376607 27 1 0 -13
EVENT: 28 2 1
VERTEX: 0 0 0 0 1 0 0 2
TRACK:  5 0.94756 2.22368 -0.0588341 28 0 0 -13
TRACK:  6 -0.934314 -2.21335 -36.3691 28 1 0 13
EVENT: 29 2 1
VERTEX: 0 0 0 0 1 0 0 2
TRACK:  6 0.11947 0.000684261 2.41264 29 0 0 13
TRACK:  5 -0.00341052 -0.03908 -15.467 29 1 0 -13
EVENT: 30 2 1
VERTEX: 0 0 0 0 1 0 0 2
TRACK:  5 0.0999675 0.0743231 -23.2544 30 0 0 -13
TRACK:  6 -0.0674592 -0.0876125 3.423 30 1 0 13
EVENT: 31 2 1
VERTEX: 0 0 0 0 1 0 0 2
TRACK:  5 -0.707332 -0.3161 5.5632 31 0 0 -13
TRACK:  6 0.685506 0.354831 -14.5702 31 1 0 13
EVENT: 32 2 1
VERTEX: 0 0 0 0 1 0 0 2
TRACK:  6 2.08151 -3.10207 -1.53136 32 0 0 13
TRACK:  5 -2.03126 3.12057 5.04673 32 1 0 -13
EVENT: 33 2 1
VERTEX: 0 0 0 0 1 0 0 2
TRACK:  6 6.83331 1.3143 -6.13593 33 0 0 13
TRACK:  5 -6.80022 -1.3084 -3.40662 33 1 0 -13
EVENT: 34 2 1
VERTEX: 0 0 0 0 1 0 0 2
TRACK:  5 0.0179473 -0.192683 -3.91336 34 0 0 -13
TRACK:  6 -0.0151494 0.216753 3.56846 34 1 0 13
EVENT: 35 2 1
VERTEX: 0 0 0 0 1 0 0 2
TRACK:  5 0.626914 0.527892 -3.61954 35 0 0 -13
TRACK:  6 -0.63037 -0.523752 3.74158 35 1 0 13
EVENT: 36 2 1
VERTEX: 0 0 0 0 1 0 0 2
TRACK:  5 0.391492 1.20589 9.59134 36 0 0 -13
TRACK:  6 -0.249075 -1.19872 -5.80338 36 1 0 13
EVENT: 37 2 1
VERTEX: 0 0 0 0 1 0 0 2
TRACK:  6 -0.0692654 0.794879 -27.9966 37 0 0 13
TRACK:  5 0.0565941 -0.820831 0.52446 37 1 0 -13
EVENT: 38 2 1
VERTEX: 0 0 0 0 1 0 0 2
TRACK:  5 -1.05855 0.742769 -7.1638 38 0 0 -13
TRACK:  6 1.10574 -0.726343 3.79676 38 1 0 13
EVENT: 39 2 1
VERTEX: 0 0 0 0 1 0 0 2
TRACK:  5 -0.413847 -0.088925 -0.476159 39 0 0 -13
TRACK:  6 0.394447 0.0697889 21.0168 39 1 0 13
EVENT: 40 2 1
VERTEX: 0 0 0 0 1 0 0 2
TRACK:  6 -1.34081 0.241906 -119.003 40 0 0 13
TRACK:  5 1.45843 -0.161466 1.49021 40 1 0 -13
EVENT: 41 2 1
VERTEX: 0 0 0 0 1 0 0 2
TRACK:  6 -1.42009 1.3737 -13.615 41 0 0 13
TRACK:  5 1.45736 -1.33652 4.35549 41 1 0 -13
EVENT: 42 2 1
VERTEX: 0 0 0 0 1 0 0 2
TRACK:  5 0.732924 2.3455 -0.642927 42 0 0 -13
TRACK:  6 -0.717552 -2.33486 38.5725 42 1 0 13
EVENT: 43 2 1
VERTEX: 0 0 0 0 1 0 0 2
TRACK:  5 0.18432 -0.0762111 -1.68724 43 0 0 -13
TRACK:  6 -0.182791 0.0739936 1.67762 43 1 0 13
EVENT: 44 2 1
VERTEX: 0 0 0 0 1 0 0 2
TRACK:  6 -1.34696 0.00704997 -0.668886 44 0 0 13
TRACK:  5 1.30943 -0.0184231 0.499264 44 1 0 -13
EVENT: 45 2 1
VERTEX: 0 0 0 0 1 0 0 2
TRACK:  5 -0.35054 0.120762 -3.60161 45 0 0 -13
TRACK:  6 0.335232 -0.130148 10.2693 45 1 0 13
EVENT: 46 2 1
VERTEX: 0 0 0 0 1 0 0 2
TRACK:  5 -0.302004 -1.16105 -0.354346 46 0 0 -13
TRACK:  6 0.317422 1.26909 25.8145 46 1 0 13
EVENT: 47 2 1
VERTEX: 0 0 0 0 1 0 0 2
TRACK:  6 0.0755707 -0.107156 -2.23834 47 0 0 13
TRACK:  5 0.00168097 0.0656435 7.95704 47 1 0 -13
EVENT: 48 2 1
VERTEX: 0 0 0 0 1 0 0 2
TRACK:  5 -0.170851 -0.712593 30.7762 48 0 0 -13
TRACK:  6 0.307829 0.732911 -1.80713 48 1 0 13
EVENT: 49 2 1
VERTEX: 0 0 0 0 1 0 0 2
TRACK:  5 -2.68965 -1.0058 54.4892 49 0 0 -13
TRACK:  6 2.71144 0.944348 3.17044 49 1 0 13
EVENT: 50 2 1
VERTEX: 0 0 0 0 1 0 0 2
TRACK:  5 4.58353 3.83191 0.0182278 50 0 0 -13
TRACK:  6 -4.58284 -3.84009 -7.24015 50 1 0 13
EVENT: 51 2 1
VERTEX: 0 0 0 0 1 0 0 2
TRACK:  5 -0.0108508 1.34408 -1.04796 51 0 0 -13
TRACK:  6 -0.015794 -1.38457 17.2979 51 1 0 13
EVENT: 52 2 1
VERTEX: 0 0 0 0 1 0 0 2
TRACK:  6 2.28159 4.86543 2.42622 52 0 0 13
TRACK:  5 -2.27963 -4.87064 18.7513 52 1 0 -13
EVENT: 53 2 1
VERTEX: 0 0 0 0 1 0 0 2
TRACK:  5 -1.49434 0.523166 -0.572705 53 0 0 -13
TRACK:  6 1.49148 -0.52366 0.198891 53 1 0 13
EVENT: 54 2 1
VERTEX: 0 0 0 0 1 0 0 2
TRACK:  6 0.304065 2.76576 25.85 54 0 0 13
TRACK:  5 -0.238655 -2.72333 2.62548 54 1 0 -13
EVENT: 55 2 1
VERTEX: 0 0 0 0 1 0 0 2
TRACK:  6 0.195217 0.314858 31.3409 55 0 0 13
TRACK:  5 -0.220654 -0.341454 -4.7781 55 1 0 -13
EVENT: 56 2 1
VERTEX: 0 0 0 0 1 0 0 2
TRACK:  6 0.243166 1.39105 1.51337 56 0 0 13
TRACK:  5 -0.196848 -1.47045 -4.68536 56 1 0 -13
EVENT: 57 2 1
VERTEX: 0 0 0 0 1 0 0 2
TRACK:  6 -8.35325 -2.42437 31.9505 57 0 0 13
TRACK:  5 8.39551 2.4825 60.9186 57 1 0 -13
EVENT: 58 2 1
VERTEX: 0 0 0 0 1 0 0 2
TRACK:  5 -0.122636 -0.498552 72.8865 58 0 0 -13
TRACK:  6 0.126642 0.463135 -0.43261 58 1 0 13
EVENT: 59 2 1
VERTEX: 0 0 0 0 1 0 0 2
TRACK:  6 0.391501 0.944067 1.64848 59 0 0 13
TRACK:  5 -0.387185 -0.960839 -0.861871 59 1 0 -13
EVENT: 60 2 1
VERTEX: 0 0 0 0 1 0 0 2
TRACK:  6 0.0402819 -0.0574126 13.0383 60 0 0 13
TRACK:  5 -0.056013 0.0248269 -2.57588 60 1 0 -13
EVENT: 61 2 1
VERTEX: 0 0 0 0 1 0 0 2
TRACK:  6 -0.485472 0.738372 1.96677 61 0 0 13
TRACK:  5 0.501174 -0.835807 -37.7786 61 1 0 -13
EVENT: 62 2 1
VERTEX: 0 0 0 0 1 0 0 2
TRACK:  5 -0.960187 -0.0943573 5.26566 62 0 0 -13
TRACK:  6 0.956394 0.106478 -2.71849 62 1 0 13
EVENT: 63 2 1
VERTEX: 0 0 0 0 1 0 0 2
TRACK:  5 0.15577 -0.0652122 18.6104 63 0 0 -13
TRACK:  6 -0.258282 0.0348294 -2.9253 63 1 0 13
EVENT: 64 2 1
VERTEX: 0 0 0 0 1 0 0 2
TRACK:  6 -0.0370859 0.0389942 -1.60613 64 0 0 13
TRACK:  5 0.016459 -0.0152445 1.04475 64 1 0 -13
EVENT: 65 2 1
VERTEX: 0 0 0 0 1 0 0 2
TRACK:  6 1.01451 -2.37858 1.37032 65 0 0 13
TRACK:  5 -0.93517 2.24925 -8.76466 65 1 0 -13
EVENT: 66 2 1
VERTEX: 0 0 0 0 1 0 0 2
TRACK:  5 0.0944027 -0.176736 24.853 66 0 0 -13
TRACK:  6 -0.0801296 0.177091 -3.28202 66 1 0 13
EVENT: 67 2 1
VERTEX: 0 0 0 0 1 0 0 2
TRACK:  6 1.48783 0.169863 -10.0676 67 0 0 13
TRACK:  5 -1.50355 -0.113522 1.98461 67 1 0 -13
EVENT: 68 2 1
VERTEX: 0 0 0 0 1 0 0 2
TRACK:  6 2.65392 -0.737045 1.46817 68 0 0 13
TRACK:  5 -2.66266 0.729717 -8.24357 68 1 0 -13
EVENT: 69 2 1
VERTEX: 0 0 0 0 1 0 0 2
TRACK:  5 -1.00913 0.0426592 -0.174351 69 0 0 -13
TRACK:  6 0.933509 -0.0405228 26.8216 69 1 0 13
EVENT: 70 2 1
VERTEX: 0 0 0 0 1 0 0 2
TRACK:  5 -0.746545 -0.189326 -0.937749 70 0 0 -13
TRACK:  6 0.752665 0.190727 8.44026 70 1 0 13
EVENT: 71 2 1
VERTEX: 0 0 0 0 1 0 0 2
TRACK:  6 -0.201686 0.132339 -1.63783 71 0 0 13
TRACK:  5 0.204922 -0.201791 11.8524 71 1 0 -13
EVENT: 72 2 1
VERTEX: 0 0 0 0 1 0 0 2
TRACK:  6 -0.200272 0.0163657 -27.9132 72 0 0 13
TRACK:  5 0.209448 -0.00771635 2.08607 72 1 0 -13
EVENT: 73 2 1
VERTEX: 0 0 0 0 1 0 0 2
TRACK:  5 -0.239985 0.0231117 4.29629 73 0 0 -13
TRACK:  6 0.247813 -0.015371 -2.92813 73 1 0 13
EVENT: 74 2 1
VERTEX: 0 0 0 0 1 0 0 2
TRACK:  5 -0.731054 -0.303744 7.656 74 0 0 -13
TRACK:  6 0.724826 0.454802 -1.21512 74 1 0 13
EVENT: 75 2 1
VERTEX: 0 0 0 0 1 0 0 2
TRACK:  5 2.44027 -5.16758 39.4017 75 0 0 -13
TRACK:  6 -2.54384 5.20497 16.6314 75 1 0 13
EVENT: 76 2 1
VERTEX: 0 0 0 0 1 0 0 2
TRACK:  5 -0.0649221 0.0218612 1.36413 76 0 0 -13
TRACK:  6 0.0325088 0.0292804 -10.4198 76 1 0 13
EVENT: 77 2 1
VERTEX: 0 0 0 0 1 0 0 2
TRACK:  6 -1.20035 6.37221 22.0561 77 0 0 13
TRACK:  5 1.22455 -6.37946 2.04977 77 1 0 -13
EVENT: 78 2 1
VERTEX: 0 0 0 0 1 0 0 2
TRACK:  5 -0.101759 0.264799 9.37007 78 0 0 -13
TRACK:  6 0.0408995 -0.266542 -1.13805 78 1 0 13
EVENT: 79 2 1
VERTEX: 0 0 0 0 1 0 0 2
TRACK:  6 -0.756304 -0.0459563 -2.8085 79 0 0 13
TRACK:  5 0.796158 0.0877675 24.1758 79 1 0 -13
EVENT: 80 2 1
VERTEX: 0 0 0 0 1 0 0 2
TRACK:  6 -0.0030582 1.44334 -8.69651 80 0 0 13
TRACK:  5 0.0314307 -1.48169 0.566457 80 1 0 -13
EVENT: 81 2 1
VERTEX: 0 0 0 0 1 0 0 2
TRACK:  6 -0.821206 0.309801 -10.9406 81 0 0 13
TRACK:  5 0.822171 -0.316663 0.671651 81 1 0 -13
EVENT: 82 2 1
VERTEX: 0 0 0 0 1 0 0 2
TRACK:  5 -0.227303 -0.540376 -5.01702 82 0 0 -13
TRACK:  6 0.243629 0.507816 5.51401 82 1 0 13
EVENT: 83 2 1
VERTEX: 0 0 0 0 1 0 0 2
TRACK:  5 -0.187984 -0.104734 9.37017 83 0 0 -13
TRACK:  6 0.211538 0.0569594 -1.84183 83 1 0 13
EVENT: 84 2 1
VERTEX: 0 0 0 0 1 0 0 2
TRACK:  6 -0.178726 0.0397451 -0.649835 84 0 0 13
TRACK:  5 0.194301 -0.0120571 4.20123 84 1 0 -13
EVENT: 85 2 1
VERTEX: 0 0 0 0 1 0 0 2
TRACK:  6 1.84801 1.02745 11.3602 85 0 0 13
TRACK:  5 -1.82223 -1.03224 -4.54673 85 1 0 -13
EVENT: 86 2 1
VERTEX: 0 0 0 0 1 0 0 2
TRACK:  6 -0.485139 0.279327 0.597612 86 0 0 13
TRACK:  5 0.473385 -0.346294 -5.58962 86 1 0 -13
EVENT: 87 2 1
VERTEX: 0 0 0 0 1 0 0 2
TRACK:  5 1.08328 1.94605 -0.937311 87 0 0 -13
TRACK:  6 -1.07221 -1.98374 0.494649 87 1 0 13
EVENT: 88 2 1
VERTEX: 0 0 0 0 1 0 0 2
TRACK:  6 -0.558057 0.660199 -22.0985 88 0 0 13
TRACK:  5 0.528979 -0.667494 2.91865 88 1 0 -13
EVENT: 89 2 1
VERTEX: 0 0 0 0 1 0 0 2
TRACK:  5 -0.0207481 0.0770555 -2.5587 89 0 0 -13
TRACK:  6 0.0213541 -0.0747139 4.04668 89 1 0 13
EVENT: 90 2 1
VERTEX: 0 0 0 0 1 0 0 2
TRACK:  5 -0.26903 -0.0997946 -33.6129 90 0 0 -13
TRACK:  6 0.274824 0.0571164 3.59313 90 1 0 13
EVENT: 91 2 1
VERTEX: 0 0 0 0 1 0 0 2
TRACK:  5 0.0986639 -0.0600706 5.45692 91 0 0 -13
TRACK:  6 -0.0919638 0.0804688 -7.96953 91 1 0 13
EVENT: 92 2 1
VERTEX: 0 0 0 0 1 0 0 2
TRACK:  6 0.143731 1.44841 6.43497 92 0 0 13
TRACK:  5 -0.0647945 -1.46237 -13.5682 92 1 0 -13
EVENT: 93 2 1
VERTEX: 0 0 0 0 1 0 0 2
TRACK:  6 0.248278 -2.57617 -17.3068 93 0 0 13
TRACK:  5 -0.222291 2.5303 -0.529699 93 1 0 -13
EVENT: 94 2 1
VERTEX: 0 0 0 0 1 0 0 2
TRACK:  5 -4.27035 -3.39707 53.8486 94 0 0 -13
TRACK:  6 4.31444 3.43346 13.9611 94 1 0 13
EVENT: 95 2 1
VERTEX: 0 0 0 0 1 0 0 2
TRACK:  6 -0.0591714 -0.22292 0.727975 95 0 0 13
TRACK:  5 0.102977 0.227394 -39.8235 95 1 0 -13
EVENT: 96 2 1
VERTEX: 0 0 0 0 1 0 0 2
TRACK:  6 -0.76585 0.189969 10.4918 96 0 0 13
TRACK:  5 0.808962 -0.359831 -2.91488 96 1 0 -13
EVENT: 97 2 1
VERTEX: 0 0 0 0 1 0 0 2
TRACK:  6 0.0667912 0.0497652 -6.96021 97 0 0 13
TRACK:  5 -0.0651706 0.053942 6.60371 97 1 0 -13
EVENT: 98 2 1
VERTEX: 0 0 0 0 1 0 0 2
TRACK:  6 -0.441936 -2.66078 0.86068 98 0 0 13
TRACK:  5 0.412821 2.6996 -5.58671 98 1 0 -13
EVENT: 99 2 1
VERTEX: 0 0 0 0 1 0 0 2
TRACK:  6 5.15425 1.61424 8.71758 99 0 0 13
TRACK:  5 -5.22152 -1.55594 25.6619 99 1 0 -13
EVENT: 100 2 1
VERTEX: 0 0 0 0 1 0 0 2
TRACK:  6 0.646387 0.0526341 -38.8549 100 0 0 13
TRACK:  5 -0.609461 -0.0637562 2.46566 100 1 0 -13
EVENT: 101 2 1
VERTEX: 0 0 0 0 1 0 0 2
TRACK:  6 -1.86089 1.66165 13.7299 101 0 0 13
TRACK:  5 1.88458 -1.63575 -2.41866 101 1 0 -13
EVENT: 102 2 1
VERTEX: 0 0 0 0 1 0 0 2
TRACK:  6 0.233532 2.94154 45.014 102 0 0 13
TRACK:  5 -0.195942 -2.89828 0.724564 102 1 0 -13
EVENT: 103 2 1
VERTEX: 0 0 0 0 1 0 0 2
TRACK:  6 0.0395271 0.172902 -14.1971 103 0 0 13
TRACK:  5 -0.00750155 -0.18422 0.499257 103 1 0 -13
EVENT: 104 2 1
VERTEX: 0 0 0 0 1 0 0 2
TRACK:  5 -0.168018 0.0103773 0.688638 104 0 0 -13
TRACK:  6 0.196526 -0.0626513 -67.8191 104 1 0 13
EVENT: 105 2 1
VERTEX: 0 0 0 0 1 0 0 2
TRACK:  6 -0.014971 0.0596158 5.40695 105 0 0 13
TRACK:  5 0.0204184 0.0432107 -3.13409 105 1 0 -13
EVENT: 106 2 1
VERTEX: 0 0 0 0 1 0 0 2
TRACK:  5 -0.717269 0.280253 -5.79908 106 0 0 -13
TRACK:  6 0.676201 -0.226579 -0.85092 106 1 0 13
EVENT: 107 2 1
VERTEX: 0 0 0 0 1 0 0 2
TRACK:  5 0.670953 1.44639 -61.8744 107 0 0 -13
TRACK:  6 -0.637942 -1.44903 26.1692 107 1 0 13
EVENT: 108 2 1
VERTEX: 0 0 0 0 1 0 0 2
TRACK:  6 -0.53534 0.432008 -10.5583 108 0 0 13
TRACK:  5 0.486279 -0.503281 2.60607 108 1 0 -13
EVENT: 109 2 1
VERTEX: 0 0 0 0 1 0 0 2
TRACK:  5 4.70683 -1.30873 -33.1895 109 0 0 -13
TRACK:  6 -4.75006 1.28372 -13.8549 109 1 0 13
EVENT: 110 2 1
VERTEX: 0 0 0 0 1 0 0 2
TRACK:  5 -1.52074 1.0465 0.0228598 110 0 0 -13
TRACK:  6 1.51605 -1.0381 -2.9556 110 1 0 13
EVENT: 111 2 1
VERTEX: 0 0 0 0 1 0 0 2
TRACK:  6 1.5257 -0.221264 0.977679 111 0 0 13
TRACK:  5 -1.55025 0.191012 -10.5745 111 1 0 -13
EVENT: 112 2 1
VERTEX: 0 0 0 0 1 0 0 2
TRACK:  5 1.27934 -0.775127 57.1171 112 0 0 -13
TRACK:  6 -1.32119 0.805236 0.850607 112 1 0 13
EVENT: 113 2 1
VERTEX: 0 0 0 0 1 0 0 2
TRACK:  6 0.36999 -0.368308 -0.122427 113 0 0 13
TRACK:  5 -0.417844 0.393098 47.5106 113 1 0 -13
EVENT: 114 2 1
VERTEX: 0 0 0 0 1 0 0 2
TRACK:  6 -0.11887 -0.613187 86.2975 114 0 0 13
TRACK:  5 0.0978891 0.665685 -3.15652 114 1 0 -13
EVENT: 115 2 1
VERTEX: 0 0 0 0 1 0 0 2
TRACK:  5 3.46437 2.62361 -2.51598 115 0 0 -13
TRACK:  6 -3.48307 -2.62807 -23.3359 115 1 0 13
EVENT: 116 2 1
VERTEX: 0 0 0 0 1 0 0 2
TRACK:  5 -0.102529 2.33813 -4.33022 116 0 0 -13
TRACK:  6 0.0990384 -2.35112 9.93791 116 1 0 13
EVENT: 117 2 1
VERTEX: 0 0 0 0 1 0 0 2
TRACK:  5 -0.380232 -1.58933 3.17106 117 0 0 -13
TRACK:  6 0.37624 1.58909 -4.32925 117 1 0 13
EVENT: 118 2 1
VERTEX: 0 0 0 0 1 0 0 2
TRACK:  5 -0.0438929 0.0912941 2.05632 118 0 0 -13
TRACK:  6 0.112059 -0.108377 -14.2014 118 1 0 13
EVENT: 119 2 1
VERTEX: 0 0 0 0 1 0 0 2
TRACK:  5 -0.0578211 -0.162455 5.70048 119 0 0 -13
TRACK:  6 0.0674346 0.150188 -9.3805 119 1 0 13
EVENT: 120 2 1
VERTEX: 0 0 0 0 1 0 0 2
TRACK:  5 -0.959463 -0.482121 0.752504 120 0 0 -13
TRACK:  6 0.969929 0.495815 -25.7913 120 1 0 13
EVENT: 121 2 1
VERTEX: 0 0 0 0 1 0 0 2
TRACK:  6 0.000527112 0.0188412 0.224522 121 0 0 13
TRACK:  5 -0.046928 -0.0255751 -3.13484 121 1 0 -13
EVENT: 122 2 1
VERTEX: 0 0 0 0 1 0 0 2
TRACK:  5 0.299567 0.65754 -6.56586 122 0 0 -13
TRACK:  6 -0.323887 -0.647215 5.5482 122 1 0 13
EVENT: 123 2 1
VERTEX: 0 0 0 0 1 0 0 2
TRACK:  6 0.0383575 0.010678 3.89897 123 0 0 13
TRACK:  5 -0.0440266 -0.0138908 -2.75638 123 1 0 -13
EVENT: 124 2 1
VERTEX: 0 0 0 0 1 0 0 2
TRACK:  5 1.41438 -0.445856 0.121753 124 0 0 -13
TRACK:  6 -1.50776 0.396775 27.6398 124 1 0 13
EVENT: 125 2 1
VERTEX: 0 0 0 0 1 0 0 2
TRACK:  6 -2.45474 2.82016 18.4014 125 0 0 13
TRACK:  5 2.41123 -2.80335 -2.11067 125 1 0 -13
EVENT: 126 2 1
VERTEX: 0 0 0 0 1 0 0 2
TRACK:  6 2.0317 2.55962 3.85051 126 0 0 13
TRACK:  5 -2.02318 -2.55515 0.308068 126 1 0 -13
EVENT: 127 2 1
VERTEX: 0 0 0 0 1 0 0 2
TRACK:  6 0.857695 1.92913 54.5711 127 0 0 13
TRACK:  5 -0.916002 -1.94328 0.47983 127 1 0 -13
EVENT: 128 2 1
VERTEX: 0 0 0 0 1 0 0 2
TRACK:  5 -2.00787 -0.775988 0.705233 128 0 0 -13
TRACK:  6 2.01884 0.779428 24.3727 128 1 0 13
EVENT: 129 2 1
VERTEX: 0 0 0 0 1 0 0 2
TRACK:  6 0.743748 -2.20137 -0.303076 129 0 0 13
TRACK:  5 -0.779964 2.22055 13.8886 129 1 0 -13
EVENT: 130 2 1
VERTEX: 0 0 0 0 1 0 0 2
TRACK:  6 0.863153 -0.492122 -1.09603 130 0 0 13
TRACK:  5 -0.732195 0.476334 26.6893 130 1 0 -13
EVENT: 131 2 1
VERTEX: 0 0 0 0 1 0 0 2
TRACK:  6 -0.0918051 -0.332727 11.9931 131 0 0 13
TRACK:  5 0.00593669 0.280214 -5.36952 131 1 0 -13
EVENT: 132 2 1
VERTEX: 0 0 0 0 1 0 0 2
TRACK:  5 0.393268 -0.209403 13.1677 132 0 0 -13
TRACK:  6 -0.394371 0.200569 -8.62219 132 1 0 13
EVENT: 133 2 1
VERTEX: 0 0 0 0 1 0 0 2
TRACK:  6 -1.67365 0.0315701 12.8312 133 0 0 13
TRACK:  5 1.58621 -0.009501 -4.08608 133 1 0 -13
EVENT: 134 2 1
VERTEX: 0 0 0 0 1 0 0 2
TRACK:  6 -0.231091 -0.192996 -6.73787 134 0 0 13
TRACK:  5 0.242427 0.183299 3.63 134 1 0 -13
EVENT: 135 2 1
VERTEX: 0 0 0 0 1 0 0 2
TRACK:  5 -0.16905 -0.031953 0.519112 135 0 0 -13
TRACK:  6 0.129048 0.0497943 -32.9478 135 1 0 13
EVENT: 136 2 1
VERTEX: 0 0 0 0 1 0 0 2
TRACK:  6 -0.285263 -0.0759408 3.35728 136 0 0 13
TRACK:  5 0.275551 -0.0209983 -22.8986 136 1 0 -13
EVENT: 137 2 1
VERTEX: 0 0 0 0 1 0 0 2
TRACK:  5 -3.70579 2.08984 -21.5576 137 0 0 -13
TRACK:  6 3.73164 -2.12837 -5.34754 137 1 0 13
EVENT: 138 2 1
VERTEX: 0 0 0 0 1 0 0 2
TRACK:  5 -0.410072 0.521918 10.8119 138 0 0 -13
TRACK:  6 0.415343 -0.564143 -1.12739 138 1 0 13
EVENT: 139 2 1
VERTEX: 0 0 0 0 1 0 0 2
TRACK:  5 0.0162077 -0.0265773 2.8945 139 0 0 -13
TRACK:  6 -0.0448206 0.140364 -17.7366 139 1 0 13
EVENT: 140 2 1
VERTEX: 0 0 0 0 1 0 0 2
TRACK:  5 -1.764 -0.265582 4.34196 140 0 0 -13
TRACK:  6 1.78966 0.247212 -12.1909 140 1 0 13
EVENT: 141 2 1
VERTEX: 0 0 0 0 1 0 0 2
TRACK:  6 0.382995 0.234401 -0.37185 141 0 0 13
TRACK:  5 -0.378331 -0.240427 8.56396 141 1 0 -13
EVENT: 142 2 1
VERTEX: 0 0 0 0 1 0 0 2
TRACK:  6 1.48028 -0.215194 42.6953 142 0 0 13
TRACK:  5 -1.61526 0.290621 -0.886171 142 1 0 -13
EVENT: 143 2 1
VERTEX: 0 0 0 0 1 0 0 2
TRACK:  5 0.61296 -0.377697 0.698433 143 0 0 -13
TRACK:  6 -0.607406 0.373202 -13.904 143 1 0 13
EVENT: 144 2 1
VERTEX: 0 0 0 0 1 0 0 2
TRACK:  6 -2.20968 4.96236 32.8028 144 0 0 13
TRACK:  5 2.22835 -4.96311 4.82836 144 1 0 -13
EVENT: 145 2 1
VERTEX: 0 0 0 0 1 0 0 2
TRACK:  6 0.0601202 0.194888 -7.22245 145 0 0 13
TRACK:  5 -0.0513342 -0.161253 0.681242 145 1 0 -13
EVENT: 146 2 1
VERTEX: 0 0 0 0 1 0 0 2
TRACK:  6 -0.17796 0.532234 -5.86676 146 0 0 13
TRACK:  5 0.167955 -0.553736 3.82613 146 1 0 -13
EVENT: 147 2 1
VERTEX: 0 0 0 0 1 0 0 2
TRACK:  6 -0.496206 1.37371 -8.1992 147 0 0 13
TRACK:  5 0.532573 -1.402 1.07765 147 1 0 -13
EVENT: 148 2 1
VERTEX: 0 0 0 0 1 0 0 2
TRACK:  6 0.480195 1.20607 -3.70747 148 0 0 13
TRACK:  5 -0.483986 -1.21332 2.22128 148 1 0 -13
EVENT: 149 2 1
VERTEX: 0 0 0 0 1 0 0 2
TRACK:  5 0.00959933 -0.00622847 2.64677 149 0 0 -13
TRACK:  6 -0.0152666 0.0191771 -12.4979 149 1 0 13
EVENT: 150 2 1
VERTEX: 0 0 0 0 1 0 0 2
TRACK:  6 -0.811226 0.366417 10.3629 150 0 0 13
TRACK:  5 0.801326 -0.361148 -11.8585 150 1 0 -13
EVENT: 151 2 1
VERTEX: 0 0 0 0 1 0 0 2
TRACK:  5 0.659332 -2.35544 5.53716 151 0 0 -13
TRACK:  6 -0.643989 2.36965 -1.18278 151 1 0 13
EVENT: 152 2 1
VERTEX: 0 0 0 0 1 0 0 2
TRACK:  5 -3.76267 -4.18905 -4.64843 152 0 0 -13
TRACK:  6 3.78335 4.19993 -15.5523 152 1 0 13
EVENT: 153 2 1
VERTEX: 0 0 0 0 1 0 0 2
TRACK:  6 -0.448197 0.0453154 -26.0676 153 0 0 13
TRACK:  5 0.416836 -0.0752386 1.28778 153 1 0 -13
EVENT: 154 2 1
VERTEX: 0 0 0 0 1 0 0 2
TRACK:  6 -3.84352 -0.363371 -44.3932 154 0 0 13
TRACK:  5 3.80653 0.423027 -4.68583 154 1 0 -13
EVENT: 155 2 1
VERTEX: 0 0 0 0 1 0 0 2
TRACK:  6 1.02346 1.52239 -0.867699 155 0 0 13
TRACK:  5 -1.02092 -1.52201 -3.2308 155 1 0 -13
EVENT: 156 2 1
VERTEX: 0 0 0 0 1 0 0 2
TRACK:  5 -2.05484 -0.111543 3.04751 156 0 0 -13
TRACK:  6 2.05579 0.11744 -8.51125 156 1 0 13
EVENT: 157 2 1
VERTEX: 0 0 0 0 1 0 0 2
TRACK:  6 -0.282649 0.384439 -0.579779 157 0 0 13
TRACK:  5 0.239526 -0.419896 53.4726 157 1 0 -13
EVENT: 158 2 1
VERTEX: 0 0 0 0 1 0 0 2
TRACK:  6 0.642557 -0.56194 -0.469463 158 0 0 13
TRACK:  5 -0.760102 0.566249 44.2045 158 1 0 -13
EVENT: 159 2 1
VERTEX: 0 0 0 0 1 0 0 2
TRACK:  6 1.05894 1.31323 -6.70939 159 0 0 13
TRACK:  5 -1.06795 -1.31403 -0.0592482 159 1 0 -13
EVENT: 160 2 1
VERTEX: 0 0 0 0 1 0 0 2
TRACK:  6 0.244808 0.427973 41.3761 160 0 0 13
TRACK:  5 -0.261725 -0.454593 -1.92073 160 1 0 -13
EVENT: 161 2 1
VERTEX: 0 0 0 0 1 0 0 2
TRACK:  6 4.24575 -1.1052 -8.11423 161 0 0 13
TRACK:  5 -4.22829 1.12093 -3.42311 161 1 0 -13
EVENT: 162 2 1
VERTEX: 0 0 0 0 1 0 0 2
TRACK:  5 1.83689 -1.22646 20.0394 162 0 0 -13
TRACK:  6 -1.76726 1.16895 -0.0397797 162 1 0 13
EVENT: 163 2 1
VERTEX: 0 0 0 0 1 0 0 2
TRACK:  6 0.417894 -0.0949283 -5.12265 163 0 0 13
TRACK:  5 -0.425847 0.104003 2.76265 163 1 0 -13
EVENT: 164 2 1
VERTEX: 0 0 0 0 1 0 0 2
TRACK:  6 0.787366 2.38855 -61.8443 164 0 0 13
TRACK:  5 -0.758338 -2.40561 -1.49215 164 1 0 -13
EVENT: 165 2 1
VERTEX: 0 0 0 0 1 0 0 2
TRACK:  6 0.776621 -0.293505 -0.204452 165 0 0 13
TRACK:  5 -0.850176 0.281408 -5.00803 165 1 0 -13
EVENT: 166 2 1
VERTEX: 0 0 0 0 1 0 0 2
TRACK:  6 -0.262904 0.15654 -26.1758 166 0 0 13
TRACK:  5 0.254322 -0.147922 2.08553 166 1 0 -13
EVENT: 167 2 1
VERTEX: 0 0 0 0 1 0 0 2
TRACK:  5 -1.38265 -3.26681 0.690073 167 0 0 -13
TRACK:  6 1.32327 3.24751 -19.8393 167 1 0 13
EVENT: 168 2 1
VERTEX: 0 0 0 0 1 0 0 2
TRACK:  6 -0.104725 -0.246713 -9.92871 168 0 0 13
TRACK:  5 0.0771018 0.212284 2.55339 168 1 0 -13
EVENT: 169 2 1
VERTEX: 0 0 0 0 1 0 0 2
TRACK:  5 -0.0712299 -0.172554 4.41268 169 0 0 -13
TRACK:  6 -0.0588843 0.200944 -10.8413 169 1 0 13
EVENT: 170 2 1
VERTEX: 0 0 0 0 1 0 0 2
TRACK:  6 -3.20611 2.75653 6.52658 170 0 0 13
TRACK:  5 3.20711 -2.6915 43.1265 170 1 0 -13
EVENT: 171 2 1
VERTEX: 0 0 0 0 1 0 0 2
TRACK:  5 -0.0291829 -0.0107932 17.2938 171 0 0 -13
TRACK:  6 -0.0452757 0.0690646 -3.68008 171 1 0 13
EVENT: 172 2 1
VERTEX: 0 0 0 0 1 0 0 2
TRACK:  5 -0.0803102 -0.0591723 -10.9087 172 0 0 -13
TRACK:  6 0.00105078 0.0124067 6.88903 172 1 0 13
EVENT: 173 2 1
VERTEX: 0 0 0 0 1 0 0 2
TRACK:  5 0.276393 -0.598958 6.4984 173 0 0 -13
TRACK:  6 -0.232918 0.625133 -8.20946 173 1 0 13
EVENT: 174 2 1
VERTEX: 0 0 0 0 1 0 0 2
TRACK:  5 0.205438 -0.0564611 2.0638 174 0 0 -13
TRACK:  6 -0.163886 0.0726949 -12.8998 174 1 0 13
EVENT: 175 2 1
VERTEX: 0 0 0 0 1 0 0 2
TRACK:  6 -3.6903 -0.046596 11.4745 175 0 0 13
TRACK:  5 3.70429 0.0198283 -1.86879 175 1 0 -13
EVENT: 176 2 1
VERTEX: 0 0 0 0 1 0 0 2
TRACK:  5 0.29526 0.770971 0.100349 176 0 0 -13
TRACK:  6 -0.363403 -0.642312 -64.35 176 1 0 13
EVENT: 177 2 1
VERTEX: 0 0 0 0 1 0 0 2
TRACK:  5 4.26529 1.88996 83.297 177 0 0 -13
TRACK:  6 -4.2344 -1.99086 7.21324 177 1 0 13
EVENT: 178 2 1
VERTEX: 0 0 0 0 1 0 0 2
TRACK:  5 0.364331 0.0701447 -0.385082 178 0 0 -13
TRACK:  6 -0.351603 -0.0450544 18.703 178 1 0 13
EVENT: 179 2 1
VERTEX: 0 0 0 0 1 0 0 2
TRACK:  6 -4.23209 -0.146957 -0.493499 179 0 0 13
TRACK:  5 4.25828 0.161533 -2.78438 179 1 0 -13
EVENT: 180 2 1
VERTEX: 0 0 0 0 1 0 0 2
TRACK:  6 -0.2144 -0.00845998 3.30216 180 0 0 13
TRACK:  5 0.179866 -0.0336053 -0.658381 180 1 0 -13
EVENT: 181 2 1
VERTEX: 0 0 0 0 1 0 0 2
TRACK:  6 -0.207092 -0.0988936 -1.30654 181 0 0 13
TRACK:  5 0.268848 0.143186 1.0976 181 1 0 -13
EVENT: 182 2 1
VERTEX: 0 0 0 0 1 0 0 2
TRACK:  5 2.13136 -1.88642 -1.93638 182 0 0 -13
TRACK:  6 -2.10929 1.88199 -18.6365 182 1 0 13
EVENT: 183 2 1
VERTEX: 0 0 0 0 1 0 0 2
TRACK:  5 -0.00882078 0.0267536 3.78622 183 0 0 -13
TRACK:  6 0.0162694 -0.0505062 -3.37221 183 1 0 13
EVENT: 184 2 1
VERTEX: 0 0 0 0 1 0 0 2
TRACK:  6 6.56394 -3.52769 -23.2112 184 0 0 13
TRACK:  5 -6.4768 3.56951 -8.48617 184 1 0 -13
EVENT: 185 2 1
VERTEX: 0 0 0 0 1 0 0 2
TRACK:  6 0.631949 0.368704 14.1279 185 0 0 13
TRACK:  5 -0.611031 -0.334201 -6.2285 185 1 0 -13
EVENT: 186 2 1
VERTEX: 0 0 0 0 1 0 0 2
TRACK:  5 4.62956 -1.38912 4.58414 186 0 0 -13
TRACK:  6 -4.64434 1.44029 13.573 186 1 0 13
EVENT: 187 2 1
VERTEX: 0 0 0 0 1 0 0 2
TRACK:  6 0.95008 0.00684465 -0.531935 187 0 0 13
TRACK:  5 -1.05156 0.0342784 2.12199 187 1 0 -13
EVENT: 188 2 1
VERTEX: 0 0 0 0 1 0 0 2
TRACK:  6 1.21107 0.0675666 1.9764 188 0 0 13
TRACK:  5 -1.19885 -0.092742 -31.1656 188 1 0 -13
EVENT: 189 2 1
VERTEX: 0 0 0 0 1 0 0 2
TRACK:  6 -0.0651905 -0.0125999 8.55805 189 0 0 13
TRACK:  5 0.0700679 0.00992638 -3.52606 189 1 0 -13
EVENT: 190 2 1
VERTEX: 0 0 0 0 1 0 0 2
TRACK:  5 -3.03688 0.401773 10.4511 190 0 0 -13
TRACK:  6 3.0309 -0.385281 -0.390196 190 1 0 13
EVENT: 191 2 1
VERTEX: 0 0 0 0 1 0 0 2
TRACK:  6 -0.0808811 0.280056 -8.1158 191 0 0 13
TRACK:  5 0.0580812 -0.274236 4.55767 191 1 0 -13
EVENT: 192 2 1
VERTEX: 0 0 0 0 1 0 0 2
TRACK:  6 -0.221516 -0.368107 -0.689914 192 0 0 13
TRACK:  5 0.223335 0.382906 14.6957 192 1 0 -13
EVENT: 193 2 1
VERTEX: 0 0 0 0 1 0 0 2
TRACK:  6 -0.409462 -0.406726 0.889634 193 0 0 13
TRACK:  5 0.438493 0.334288 -6.13687 193 1 0 -13
EVENT: 194 2 1
VERTEX: 0 0 0 0 1 0 0 2
TRACK:  6 3.51239 3.78714 -1.57166 194 0 0 13
TRACK:  5 -3.51033 -3.79696 3.32978 194 1 0 -13
EVENT: 195 2 1
VERTEX: 0 0 0 0 1 0 0 2
TRACK:  6 3.1302 2.80563 -31.6606 195 0 0 13
TRACK:  5 -3.07102 -2.77094 -3.11114 195 1 0 -13
EVENT: 196 2 1
VERTEX: 0 0 0 0 1 0 0 2
TRACK:  6 -0.573962 0.0736516 1.63133 196 0 0 13
TRACK:  5 0.569148 -0.0754664 0.115712 196 1 0 -13
EVENT: 197 2 1
VERTEX: 0 0 0 0 1 0 0 2
TRACK:  5 -0.0434031 -0.137179 -12.6739 197 0 0 -13
TRACK:  6 0.0507094 0.0985818 3.80049 197 1 0 13
EVENT: 198 2 1
VERTEX: 0 0 0 0 1 0 0 2
TRACK:  5 -0.16234 -0.468583 2.82038 198 0 0 -13
TRACK:  6 0.179339 0.468537 -2.0332 198 1 0 13
EVENT: 199 2 1
VERTEX: 0 0 0 0 1 0 0 2
TRACK:  6 0.11656 -0.145153 2.405 199 0 0 13
TRACK:  5 -0.0592572 0.143434 -10.4079 199 1 0 -13
