EVENT: 1 2 1
VERTEX: 0 0 0 0 1 0 0 2
TRACK:  5 0.840737 0.662005 -11.0463 1 0 0 -13
TRACK:  6 -0.786231 -0.829717 -1.94967 1 1 0 13
EVENT: 2 2 1
VERTEX: 0 0 0 0 1 0 0 2
TRACK:  5 -0.97337 -1.18005 1.00575 2 0 0 -13
TRACK:  6 0.748147 1.23773 2.15384 2 1 0 13
EVENT: 3 2 1
VERTEX: 0 0 0 0 1 0 0 2
TRACK:  6 0.0853989 -0.755365 3.6125 3 0 0 13
TRACK:  5 -0.140223 0.556438 -0.450893 3 1 0 -13
EVENT: 4 2 1
VERTEX: 0 0 0 0 1 0 0 2
TRACK:  5 -0.538481 -1.27671 -1.62808 4 0 0 -13
TRACK:  6 0.594204 1.42149 -3.95705 4 1 0 13
EVENT: 5 2 1
VERTEX: 0 0 0 0 1 0 0 2
TRACK:  5 0.383572 1.40925 -12.5819 5 0 0 -13
TRACK:  6 -0.36356 -1.39714 -6.05422 5 1 0 13
EVENT: 6 2 1
VERTEX: 0 0 0 0 1 0 0 2
TRACK:  6 -0.95851 -0.264801 0.253093 6 0 0 13
TRACK:  5 0.858452 0.30537 -2.9076 6 1 0 -13
EVENT: 7 2 1
VERTEX: 0 0 0 0 1 0 0 2
TRACK:  6 0.34281 1.41079 -1.62878 7 0 0 13
TRACK:  5 -0.353867 -1.48492 -0.657162 7 1 0 -13
EVENT: 8 2 1
VERTEX: 0 0 0 0 1 0 0 2
TRACK:  5 0.908668 -1.17993 -0.391802 8 0 0 -13
TRACK:  6 -0.998729 1.12431 0.382073 8 1 0 13
EVENT: 9 2 1
VERTEX: 0 0 0 0 1 0 0 2
TRACK:  6 0.961595 -0.135769 5.64993 9 0 0 13
TRACK:  5 -0.94549 0.13813 0.358825 9 1 0 -13
EVENT: 10 2 1
VERTEX: 0 0 0 0 1 0 0 2
TRACK:  6 0.579743 -0.501558 -1.17561 10 0 0 13
TRACK:  5 -0.446258 0.53119 1.56722 10 1 0 -13
EVENT: 11 2 1
VERTEX: 0 0 0 0 1 0 0 2
TRACK:  5 0.54611 0.218697 -0.0734227 11 0 0 -13
TRACK:  6 -0.60177 -0.122194 6.52858 11 1 0 13
EVENT: 12 2 1
VERTEX: 0 0 0 0 1 0 0 2
TRACK:  6 -0.164755 1.12219 0.380998 12 0 0 13
TRACK:  5 0.136534 -1.05283 4.16841 12 1 0 -13
EVENT: 13 2 1
VERTEX: 0 0 0 0 1 0 0 2
TRACK:  5 -0.983114 0.434567 1.39291 13 0 0 -13
TRACK:  6 0.995022 -0.561054 -0.792773 13 1 0 13
EVENT: 14 2 1
VERTEX: 0 0 0 0 1 0 0 2
TRACK:  6 -0.514286 0.7552 -1.35908 14 0 0 13
TRACK:  5 0.581955 -0.657538 1.16684 14 1 0 -13
EVENT: 15 2 1
VERTEX: 0 0 0 0 1 0 0 2
TRACK:  5 0.0170507 -1.25957 2.03944 15 0 0 -13
TRACK:  6 0.0166365 1.18195 8.61418 15 1 0 13
EVENT: 16 2 1
VERTEX: 0 0 0 0 1 0 0 2
TRACK:  5 -0.460057 1.48744 -7.25852 16 0 0 -13
TRACK:  6 0.455174 -1.45641 -6.19984 16 1 0 13
EVENT: 17 2 1
VERTEX: 0 0 0 0 1 0 0 2
TRACK:  6 -0.23019 -0.0453712 -3.47739 17 0 0 13
TRACK:  5 0.244064 -0.135964 0.647012 17 1 0 -13
EVENT: 18 2 1
VERTEX: 0 0 0 0 1 0 0 2
TRACK:  6 0.783305 -1.29202 -3.55111 18 0 0 13
TRACK:  5 -0.76994 1.20289 -1.57337 18 1 0 -13
EVENT: 19 2 1
VERTEX: 0 0 0 0 1 0 0 2
TRACK:  5 0.399612 -1.21389 -0.324151 19 0 0 -13
TRACK:  6 -0.381193 1.26532 -2.69014 19 1 0 13
EVENT: 20 2 1
VERTEX: 0 0 0 0 1 0 0 2
TRACK:  5 1.34898 -0.213324 0.417513 20 0 0 -13
TRACK:  6 -1.46003 0.0396618 2.12149 20 1 0 13
EVENT: 21 2 1
VERTEX: 0 0 0 0 1 0 0 2
TRACK:  6 -1.47161 0.382421 -1.85846 21 0 0 13
TRACK:  5 1.34985 -0.520124 -0.665016 21 1 0 -13
EVENT: 22 2 1
VERTEX: 0 0 0 0 1 0 0 2
TRACK:  5 -0.3728 1.24032 3.60177 22 0 0 -13
TRACK:  6 0.475008 -1.26215 0.858606 22 1 0 13
EVENT: 23 2 1
VERTEX: 0 0 0 0 1 0 0 2
TRACK:  6 0.619189 -0.9927 -3.16485 23 0 0 13
TRACK:  5 -0.725953 1.0828 -0.442977 23 1 0 -13
EVENT: 24 2 1
VERTEX: 0 0 0 0 1 0 0 2
TRACK:  6 -0.020558 0.517365 14.1198 24 0 0 13
TRACK:  5 -0.123665 -0.478355 0.236961 24 1 0 -13
EVENT: 25 2 1
VERTEX: 0 0 0 0 1 0 0 2
TRACK:  6 0.88469 0.0938475 -8.30942 25 0 0 13
TRACK:  5 -0.851343 -0.17603 -0.56519 25 1 0 -13
EVENT: 26 2 1
VERTEX: 0 0 0 0 1 0 0 2
TRACK:  5 0.0366096 -1.00452 0.319703 26 0 0 -13
TRACK:  6 -0.0944125 0.943749 5.04889 26 1 0 13
EVENT: 27 2 1
VERTEX: 0 0 0 0 1 0 0 2
TRACK:  6 0.854216 -1.10867 -2.33131 27 0 0 13
TRACK:  5 -0.768728 1.05603 -6.69701 27 1 0 -13
EVENT: 28 2 1
VERTEX: 0 0 0 0 1 0 0 2
TRACK:  6 -1.02759 0.176877 1.02163 28 0 0 13
TRACK:  5 0.924454 -0.205966 -1.34995 28 1 0 -13
EVENT: 29 2 1
VERTEX: 0 0 0 0 1 0 0 2
TRACK:  5 -0.233099 0.741165 -0.457571 29 0 0 -13
TRACK:  6 0.246713 -0.793923 2.95318 29 1 0 13
EVENT: 30 2 1
VERTEX: 0 0 0 0 1 0 0 2
TRACK:  6 -1.23507 0.883428 3.5408 30 0 0 13
TRACK:  5 1.19917 -0.977064 4.7591 30 1 0 -13
EVENT: 31 2 1
VERTEX: 0 0 0 0 1 0 0 2
TRACK:  5 -0.0568454 -0.21006 1.20935 31 0 0 -13
TRACK:  6 0.0237676 0.288961 -1.92083 31 1 0 13
EVENT: 32 2 1
VERTEX: 0 0 0 0 1 0 0 2
TRACK:  5 -1.1797 0.207426 -0.122401 32 0 0 -13
TRACK:  6 1.08153 -0.310787 2.35364 32 1 0 13
EVENT: 33 2 1
VERTEX: 0 0 0 0 1 0 0 2
TRACK:  6 1.24893 0.528766 4.29241 33 0 0 13
TRACK:  5 -1.23492 -0.4841 12.7028 33 1 0 -13
EVENT: 34 2 1
VERTEX: 0 0 0 0 1 0 0 2
TRACK:  6 0.643438 -0.595824 -0.171422 34 0 0 13
TRACK:  5 -0.713022 0.663964 -5.28402 34 1 0 -13
EVENT: 35 2 1
VERTEX: 0 0 0 0 1 0 0 2
TRACK:  5 0.994603 0.922474 -11.5072 35 0 0 -13
TRACK:  6 -0.81052 -1.07331 -3.81587 35 1 0 13
EVENT: 36 2 1
VERTEX: 0 0 0 0 1 0 0 2
TRACK:  5 1.16289 -1.08751 -6.81094 36 0 0 -13
TRACK:  6 -1.0187 1.09965 -5.95246 36 1 0 13
EVENT: 37 2 1
VERTEX: 0 0 0 0 1 0 0 2
TRACK:  5 -0.927681 0.980687 -1.04407 37 0 0 -13
TRACK:  6 1.12289 -0.941685 -3.46779 37 1 0 13
EVENT: 38 2 1
VERTEX: 0 0 0 0 1 0 0 2
TRACK:  6 -1.01291 -1.09749 -1.25957 38 0 0 13
TRACK:  5 1.0988 1.09675 -2.09639 38 1 0 -13
EVENT: 39 2 1
VERTEX: 0 0 0 0 1 0 0 2
TRACK:  5 -0.485106 1.00017 0.430539 39 0 0 -13
TRACK:  6 0.355634 -1.13433 -1.88222 39 1 0 13
EVENT: 40 2 1
VERTEX: 0 0 0 0 1 0 0 2
TRACK:  5 0.180748 1.23276 1.58996 40 0 0 -13
TRACK:  6 -0.253493 -1.40932 -0.0592258 40 1 0 13
EVENT: 41 2 1
VERTEX: 0 0 0 0 1 0 0 2
TRACK:  6 -0.891735 0.693139 -8.29838 41 0 0 13
TRACK:  5 0.818361 -0.658973 -1.12037 41 1 0 -13
EVENT: 42 2 1
VERTEX: 0 0 0 0 1 0 0 2
TRACK:  5 -0.790464 -0.781765 1.55056 42 0 0 -13
TRACK:  6 0.873467 0.788446 9.25008 42 1 0 13
EVENT: 43 2 1
VERTEX: 0 0 0 0 1 0 0 2
TRACK:  6 -0.914914 1.24327 1.49665 43 0 0 13
TRACK:  5 1.01713 -1.07895 2.47964 43 1 0 -13
EVENT: 44 2 1
VERTEX: 0 0 0 0 1 0 0 2
TRACK:  6 1.1227 0.0276237 -1.67712 44 0 0 13
TRACK:  5 -1.00158 -0.0131372 0.702194 44 1 0 -13
EVENT: 45 2 1
VERTEX: 0 0 0 0 1 0 0 2
TRACK:  5 -0.628827 0.993951 6.44507 45 0 0 -13
TRACK:  6 0.535891 -0.830507 0.639915 45 1 0 13
EVENT: 46 2 1
VERTEX: 0 0 0 0 1 0 0 2
TRACK:  6 -1.19074 0.214743 -7.06894 46 0 0 13
TRACK:  5 1.06814 -0.17181 -1.02256 46 1 0 -13
EVENT: 47 2 1
VERTEX: 0 0 0 0 1 0 0 2
TRACK:  6 0.392845 -0.896004 8.49478 47 0 0 13
TRACK:  5 -0.351832 1.01335 1.13754 47 1 0 -13
EVENT: 48 2 1
VERTEX: 0 0 0 0 1 0 0 2
TRACK:  5 -0.368203 -0.515718 0.12283 48 0 0 -13
TRACK:  6 0.363243 0.486989 -5.6339 48 1 0 13
EVENT: 49 2 1
VERTEX: 0 0 0 0 1 0 0 2
TRACK:  6 -0.662403 0.837685 -0.781825 49 0 0 13
TRACK:  5 0.651672 -0.781753 1.56059 49 1 0 -13
EVENT: 50 2 1
VERTEX: 0 0 0 0 1 0 0 2
TRACK:  6 0.248121 -1.56979 -1.45661 50 0 0 13
TRACK:  5 -0.2502 1.48032 -1.43287 50 1 0 -13
EVENT: 51 2 1
VERTEX: 0 0 0 0 1 0 0 2
TRACK:  6 0.897557 1.20427 -11.0839 51 0 0 13
TRACK:  5 -0.838337 -1.2694 -7.31835 51 1 0 -13
EVENT: 52 2 1
VERTEX: 0 0 0 0 1 0 0 2
TRACK:  6 -1.0074 -1.07568 -0.654891 52 0 0 13
TRACK:  5 0.982032 1.25923 -1.17906 52 1 0 -13
EVENT: 53 2 1
VERTEX: 0 0 0 0 1 0 0 2
TRACK:  6 -0.956039 0.30756 -0.277233 53 0 0 13
TRACK:  5 0.941993 -0.273918 2.73245 53 1 0 -13
EVENT: 54 2 1
VERTEX: 0 0 0 0 1 0 0 2
TRACK:  6 1.30773 0.777612 0.95803 54 0 0 13
TRACK:  5 -1.26299 -0.760965 1.95497 54 1 0 -13
EVENT: 55 2 1
VERTEX: 0 0 0 0 1 0 0 2
TRACK:  6 1.2946 1.02806 -2.95396 55 0 0 13
TRACK:  5 -1.16248 -0.85604 -2.71323 55 1 0 -13
EVENT: 56 2 1
VERTEX: 0 0 0 0 1 0 0 2
TRACK:  6 0.778539 -1.41841 5.48536 56 0 0 13
TRACK:  5 -0.774508 1.2543 4.65786 56 1 0 -13
EVENT: 57 2 1
VERTEX: 0 0 0 0 1 0 0 2
TRACK:  6 0.733594 -0.547446 5.88599 57 0 0 13
TRACK:  5 -0.826261 0.510061 0.409752 57 1 0 -13
EVENT: 58 2 1
VERTEX: 0 0 0 0 1 0 0 2
TRACK:  5 0.952314 -0.293539 -1.4059 58 0 0 -13
TRACK:  6 -1.04228 0.117423 0.938941 58 1 0 13
EVENT: 59 2 1
VERTEX: 0 0 0 0 1 0 0 2
TRACK:  6 -0.184969 0.386362 11.38 59 0 0 13
TRACK:  5 0.167052 -0.389632 0.0339912 59 1 0 -13
EVENT: 60 2 1
VERTEX: 0 0 0 0 1 0 0 2
TRACK:  6 0.749748 -0.993438 3.25518 60 0 0 13
TRACK:  5 -0.801395 0.922062 0.367112 60 1 0 -13
EVENT: 61 2 1
VERTEX: 0 0 0 0 1 0 0 2
TRACK:  5 -0.554689 0.367057 3.87419 61 0 0 -13
TRACK:  6 0.478756 -0.255257 -0.430869 61 1 0 13
EVENT: 62 2 1
VERTEX: 0 0 0 0 1 0 0 2
TRACK:  6 0.995369 -0.786002 0.95356 62 0 0 13
TRACK:  5 -0.962749 0.872725 -0.768823 62 1 0 -13
EVENT: 63 2 1
VERTEX: 0 0 0 0 1 0 0 2
TRACK:  6 0.389404 -1.32465 -2.81744 63 0 0 13
TRACK:  5 -0.456133 1.32213 -0.768618 63 1 0 -13
EVENT: 64 2 1
VERTEX: 0 0 0 0 1 0 0 2
TRACK:  6 -1.47063 -0.0735368 -1.16136 64 0 0 13
TRACK:  5 1.42031 -0.0250626 0.0182498 64 1 0 -13
EVENT: 65 2 1
VERTEX: 0 0 0 0 1 0 0 2
TRACK:  6 1.0005 0.301313 0.116202 65 0 0 13
TRACK:  5 -0.897484 -0.280141 3.91621 65 1 0 -13
EVENT: 66 2 1
VERTEX: 0 0 0 0 1 0 0 2
TRACK:  6 -0.890392 -0.423437 -1.99157 66 0 0 13
TRACK:  5 0.964539 0.409802 0.554212 66 1 0 -13
EVENT: 67 2 1
VERTEX: 0 0 0 0 1 0 0 2
TRACK:  5 0.759109 -0.0344147 0.335921 67 0 0 -13
TRACK:  6 -0.868201 -0.0357187 8.14849 67 1 0 13
EVENT: 68 2 1
VERTEX: 0 0 0 0 1 0 0 2
TRACK:  5 -0.333343 -0.10346 0.125145 68 0 0 -13
TRACK:  6 0.190811 0.0992354 -9.22144 68 1 0 13
EVENT: 69 2 1
VERTEX: 0 0 0 0 1 0 0 2
TRACK:  6 -0.721114 -0.167819 11.1768 69 0 0 13
TRACK:  5 0.77429 0.185858 0.678505 69 1 0 -13
EVENT: 70 2 1
VERTEX: 0 0 0 0 1 0 0 2
TRACK:  5 -0.429397 -0.758435 0.0294488 70 0 0 -13
TRACK:  6 0.442864 0.644451 4.76873 70 1 0 13
EVENT: 71 2 1
VERTEX: 0 0 0 0 1 0 0 2
TRACK:  6 -0.24866 -1.03796 0.673392 71 0 0 13
TRACK:  5 0.270105 0.967862 -1.73572 71 1 0 -13
EVENT: 72 2 1
VERTEX: 0 0 0 0 1 0 0 2
TRACK:  5 0.553149 -1.31244 1.079 72 0 0 -13
TRACK:  6 -0.662092 1.38906 2.57664 72 1 0 13
EVENT: 73 2 1
VERTEX: 0 0 0 0 1 0 0 2
TRACK:  6 0.7084 1.32422 -0.776617 73 0 0 13
TRACK:  5 -0.691989 -1.3709 -0.191977 73 1 0 -13
EVENT: 74 2 1
VERTEX: 0 0 0 0 1 0 0 2
TRACK:  6 -0.148627 -1.49344 -2.43919 74 0 0 13
TRACK:  5 0.130042 1.52323 -1.49096 74 1 0 -13
EVENT: 75 2 1
VERTEX: 0 0 0 0 1 0 0 2
TRACK:  5 -1.15056 -0.293517 -1.48103 75 0 0 -13
TRACK:  6 1.17658 0.240891 0.561383 75 1 0 13
EVENT: 76 2 1
VERTEX: 0 0 0 0 1 0 0 2
TRACK:  5 1.08881 0.0625601 0.834798 76 0 0 -13
TRACK:  6 -1.10332 -0.0868894 6.34683 76 1 0 13
EVENT: 77 2 1
VERTEX: 0 0 0 0 1 0 0 2
TRACK:  6 1.24711 0.549897 -0.647205 77 0 0 13
TRACK:  5 -1.33866 -0.552904 -2.58373 77 1 0 -13
EVENT: 78 2 1
VERTEX: 0 0 0 0 1 0 0 2
TRACK:  6 0.0912644 -1.11984 1.5777 78 0 0 13
TRACK:  5 -0.0743808 1.07385 -0.689173 78 1 0 -13
EVENT: 79 2 1
VERTEX: 0 0 0 0 1 0 0 2
TRACK:  6 -0.195971 -0.332199 4.11258 79 0 0 13
TRACK:  5 0.286691 0.399058 -0.443713 79 1 0 -13
EVENT: 80 2 1
VERTEX: 0 0 0 0 1 0 0 2
TRACK:  6 -1.13701 -0.850288 1.77667 80 0 0 13
TRACK:  5 1.10508 0.923047 0.364307 80 1 0 -13
EVENT: 81 2 1
VERTEX: 0 0 0 0 1 0 0 2
TRACK:  6 -0.135386 1.54467 -0.0182471 81 0 0 13
TRACK:  5 0.326869 -1.4801 0.41013 81 1 0 -13
EVENT: 82 2 1
VERTEX: 0 0 0 0 1 0 0 2
TRACK:  6 0.810494 0.46816 -0.235326 82 0 0 13
TRACK:  5 -0.764714 -0.412434 -5.30474 82 1 0 -13
EVENT: 83 2 1
VERTEX: 0 0 0 0 1 0 0 2
TRACK:  6 0.541545 -0.750523 0.253588 83 0 0 13
TRACK:  5 -0.509681 0.84235 -3.05698 83 1 0 -13
EVENT: 84 2 1
VERTEX: 0 0 0 0 1 0 0 2
TRACK:  5 1.36835 0.410883 10.3721 84 0 0 -13
TRACK:  6 -1.34343 -0.435417 4.3846 84 1 0 13
EVENT: 85 2 1
VERTEX: 0 0 0 0 1 0 0 2
TRACK:  5 -0.651684 -1.02164 1.66397 85 0 0 -13
TRACK:  6 0.635798 0.96406 -0.47973 85 1 0 13
EVENT: 86 2 1
VERTEX: 0 0 0 0 1 0 0 2
TRACK:  5 -0.459897 -1.08663 -0.739206 86 0 0 -13
TRACK:  6 0.396121 1.09491 -4.9002 86 1 0 13
EVENT: 87 2 1
VERTEX: 0 0 0 0 1 0 0 2
TRACK:  6 0.590804 -1.48191 -5.6011 87 0 0 13
TRACK:  5 -0.597194 1.36849 -5.77201 87 1 0 -13
EVENT: 88 2 1
VERTEX: 0 0 0 0 1 0 0 2
TRACK:  6 -0.782434 1.18495 4.36995 88 0 0 13
TRACK:  5 0.791565 -1.10369 1.40328 88 1 0 -13
EVENT: 89 2 1
VERTEX: 0 0 0 0 1 0 0 2
TRACK:  5 -0.648027 0.919495 -1.67686 89 0 0 -13
TRACK:  6 0.50804 -0.919102 -10.1385 89 1 0 13
EVENT: 90 2 1
VERTEX: 0 0 0 0 1 0 0 2
TRACK:  6 0.409238 0.571529 8.12038 90 0 0 13
TRACK:  5 -0.402378 -0.587296 0.231206 90 1 0 -13
EVENT: 91 2 1
VERTEX: 0 0 0 0 1 0 0 2
TRACK:  6 -1.24826 -0.21426 0.513555 91 0 0 13
TRACK:  5 1.34891 0.189091 -1.16587 91 1 0 -13
EVENT: 92 2 1
VERTEX: 0 0 0 0 1 0 0 2
TRACK:  6 0.252849 0.172724 0.140067 92 0 0 13
TRACK:  5 -0.372306 -0.244953 -9.42026 92 1 0 -13
EVENT: 93 2 1
VERTEX: 0 0 0 0 1 0 0 2
TRACK:  6 -0.0648332 0.545329 -0.559233 93 0 0 13
TRACK:  5 0.0404801 -0.775707 3.17227 93 1 0 -13
EVENT: 94 2 1
VERTEX: 0 0 0 0 1 0 0 2
TRACK:  5 0.458373 -0.609731 0.467588 94 0 0 -13
TRACK:  6 -0.462723 0.411849 -3.11661 94 1 0 13
EVENT: 95 2 1
VERTEX: 0 0 0 0 1 0 0 2
TRACK:  6 0.402149 1.43082 -4.19412 95 0 0 13
TRACK:  5 -0.27563 -1.51616 -6.70826 95 1 0 -13
EVENT: 96 2 1
VERTEX: 0 0 0 0 1 0 0 2
TRACK:  5 0.139613 -0.354588 -8.86482 96 0 0 -13
TRACK:  6 -0.0537352 0.358284 0.126243 96 1 0 13
EVENT: 97 2 1
VERTEX: 0 0 0 0 1 0 0 2
TRACK:  6 -0.967718 -0.47762 -1.62454 97 0 0 13
TRACK:  5 0.925744 0.440915 -10.9028 97 1 0 -13
EVENT: 98 2 1
VERTEX: 0 0 0 0 1 0 0 2
TRACK:  5 1.23463 0.80862 -1.77581 98 0 0 -13
TRACK:  6 -1.22386 -0.82618 -0.624096 98 1 0 13
EVENT: 99 2 1
VERTEX: 0 0 0 0 1 0 0 2
TRACK:  5 1.11329 0.857035 1.61428 99 0 0 -13
TRACK:  6 -1.13515 -0.762967 0.0460241 99 1 0 13
EVENT: 100 2 1
VERTEX: 0 0 0 0 1 0 0 2
TRACK:  5 -0.0244468 -1.53148 5.96411 100 0 0 -13
TRACK:  6 0.0390187 1.53914 4.78007 100 1 0 13
EVENT: 101 2 1
VERTEX: 0 0 0 0 1 0 0 2
TRACK:  6 0.541207 0.38304 -3.38752 101 0 0 13
TRACK:  5 -0.465501 -0.41632 0.480512 101 1 0 -13
EVENT: 102 2 1
VERTEX: 0 0 0 0 1 0 0 2
TRACK:  5 0.654738 1.28213 1.2454 102 0 0 -13
TRACK:  6 -0.576076 -1.30587 -0.00343338 102 1 0 13
EVENT: 103 2 1
VERTEX: 0 0 0 0 1 0 0 2
TRACK:  5 -0.115644 0.729247 -0.574054 103 0 0 -13
TRACK:  6 0.190398 -0.784966 2.69001 103 1 0 13
EVENT: 104 2 1
VERTEX: 0 0 0 0 1 0 0 2
TRACK:  6 -1.48951 -0.265588 -1.79835 104 0 0 13
TRACK:  5 1.51453 0.183021 -2.83564 104 1 0 -13
EVENT: 105 2 1
VERTEX: 0 0 0 0 1 0 0 2
TRACK:  5 -0.33154 1.00435 0.499539 105 0 0 -13
TRACK:  6 0.353546 -1.08902 -1.91044 105 1 0 13
EVENT: 106 2 1
VERTEX: 0 0 0 0 1 0 0 2
TRACK:  5 1.38963 -0.601033 0.89571 106 0 0 -13
TRACK:  6 -1.37097 0.571971 0.107249 106 1 0 13
EVENT: 107 2 1
VERTEX: 0 0 0 0 1 0 0 2
TRACK:  6 -0.709539 1.4552 -2.83854 107 0 0 13
TRACK:  5 0.50687 -1.3808 -2.19333 107 1 0 -13
EVENT: 108 2 1
VERTEX: 0 0 0 0 1 0 0 2
TRACK:  6 0.315478 -1.16057 -1.56346 108 0 0 13
TRACK:  5 -0.385795 1.27627 0.302291 108 1 0 -13
EVENT: 109 2 1
VERTEX: 0 0 0 0 1 0 0 2
TRACK:  6 0.879921 0.955425 5.22637 109 0 0 13
TRACK:  5 -0.847853 -0.950629 1.22759 109 1 0 -13
EVENT: 110 2 1
VERTEX: 0 0 0 0 1 0 0 2
TRACK:  6 -0.482833 1.43078 -5.30186 110 0 0 13
TRACK:  5 0.341893 -1.54295 -4.95971 110 1 0 -13
EVENT: 111 2 1
VERTEX: 0 0 0 0 1 0 0 2
TRACK:  6 -1.1015 -1.10522 1.15476 111 0 0 13
TRACK:  5 0.92438 1.15501 1.89145 111 1 0 -13
EVENT: 112 2 1
VERTEX: 0 0 0 0 1 0 0 2
TRACK:  5 0.456671 -1.12857 0.322736 112 0 0 -13
TRACK:  6 -0.387975 1.11543 3.27828 112 1 0 13
EVENT: 113 2 1
VERTEX: 0 0 0 0 1 0 0 2
TRACK:  5 -1.23351 -0.423676 -4.04936 113 0 0 -13
TRACK:  6 1.30097 0.371078 -1.06918 113 1 0 13
EVENT: 114 2 1
VERTEX: 0 0 0 0 1 0 0 2
TRACK:  6 -0.764995 -0.917186 0.174852 114 0 0 13
TRACK:  5 0.811514 0.835324 3.02179 114 1 0 -13
EVENT: 115 2 1
VERTEX: 0 0 0 0 1 0 0 2
TRACK:  5 -0.682677 -1.12544 -1.12852 115 0 0 -13
TRACK:  6 0.708616 1.22079 0.349475 115 1 0 13
EVENT: 116 2 1
VERTEX: 0 0 0 0 1 0 0 2
TRACK:  6 -0.4589 1.45077 -0.200366 116 0 0 13
TRACK:  5 0.496172 -1.39354 -0.975812 116 1 0 -13
EVENT: 117 2 1
VERTEX: 0 0 0 0 1 0 0 2
TRACK:  6 0.0718424 -1.26353 -1.21933 117 0 0 13
TRACK:  5 0.0177734 1.25116 0.611572 117 1 0 -13
EVENT: 118 2 1
VERTEX: 0 0 0 0 1 0 0 2
TRACK:  6 -1.09903 -0.254644 1.19217 118 0 0 13
TRACK:  5 0.93715 0.269798 -1.07937 118 1 0 -13
EVENT: 119 2 1
VERTEX: 0 0 0 0 1 0 0 2
TRACK:  6 1.05541 0.094891 9.30046 119 0 0 13
TRACK:  5 -1.17675 -0.034848 1.72066 119 1 0 -13
EVENT: 120 2 1
VERTEX: 0 0 0 0 1 0 0 2
TRACK:  6 0.707633 -0.889778 1.10608 120 0 0 13
TRACK:  5 -0.841642 0.818057 -0.951801 120 1 0 -13
EVENT: 121 2 1
VERTEX: 0 0 0 0 1 0 0 2
TRACK:  6 -0.630353 0.51677 -0.941188 121 0 0 13
TRACK:  5 0.658103 -0.518785 -13.1913 121 1 0 -13
EVENT: 122 2 1
VERTEX: 0 0 0 0 1 0 0 2
TRACK:  6 -0.34755 -0.784735 0.263247 122 0 0 13
TRACK:  5 0.209061 0.659058 6.49413 122 1 0 -13
EVENT: 123 2 1
VERTEX: 0 0 0 0 1 0 0 2
TRACK:  6 0.745821 1.32687 0.837508 123 0 0 13
TRACK:  5 -0.658887 -1.32219 0.0486279 123 1 0 -13
EVENT: 124 2 1
VERTEX: 0 0 0 0 1 0 0 2
TRACK:  6 -0.744981 0.591644 -13.5944 124 0 0 13
TRACK:  5 0.67369 -0.629091 -1.37638 124 1 0 -13
EVENT: 125 2 1
VERTEX: 0 0 0 0 1 0 0 2
TRACK:  5 -0.265212 0.270763 -5.12616 125 0 0 -13
TRACK:  6 0.29833 -0.288319 0.348872 125 1 0 13
EVENT: 126 2 1
VERTEX: 0 0 0 0 1 0 0 2
TRACK:  6 -1.17655 0.732327 -1.28223 126 0 0 13
TRACK:  5 1.09113 -0.659159 -4.39018 126 1 0 -13
EVENT: 127 2 1
VERTEX: 0 0 0 0 1 0 0 2
TRACK:  6 -0.334823 -0.833453 -13.5873 127 0 0 13
TRACK:  5 0.277947 0.913691 -1.47527 127 1 0 -13
EVENT: 128 2 1
VERTEX: 0 0 0 0 1 0 0 2
TRACK:  6 -0.398106 0.984712 -1.72841 128 0 0 13
TRACK:  5 0.354553 -1.01397 -11.6944 128 1 0 -13
EVENT: 129 2 1
VERTEX: 0 0 0 0 1 0 0 2
TRACK:  5 -1.08105 -0.432873 -4.14261 129 0 0 -13
TRACK:  6 1.05888 0.3753 -0.40681 129 1 0 13
EVENT: 130 2 1
VERTEX: 0 0 0 0 1 0 0 2
TRACK:  5 -0.224591 -1.3371 1.92018 130 0 0 -13
TRACK:  6 0.228619 1.40127 0.291962 130 1 0 13
EVENT: 131 2 1
VERTEX: 0 0 0 0 1 0 0 2
TRACK:  6 -0.216656 -1.49903 1.40485 131 0 0 13
TRACK:  5 0.223345 1.55953 1.4118 131 1 0 -13
EVENT: 132 2 1
VERTEX: 0 0 0 0 1 0 0 2
TRACK:  5 -0.352957 1.25366 6.37377 132 0 0 -13
TRACK:  6 0.293368 -1.20866 1.47878 132 1 0 13
EVENT: 133 2 1
VERTEX: 0 0 0 0 1 0 0 2
TRACK:  5 0.598119 -1.08661 -0.823352 133 0 0 -13
TRACK:  6 -0.600934 1.18988 -4.21896 133 1 0 13
EVENT: 134 2 1
VERTEX: 0 0 0 0 1 0 0 2
TRACK:  5 -1.17517 0.766641 2.76447 134 0 0 -13
TRACK:  6 1.19223 -0.848166 6.62213 134 1 0 13
EVENT: 135 2 1
VERTEX: 0 0 0 0 1 0 0 2
TRACK:  6 0.589416 -0.343195 3.0175 135 0 0 13
TRACK:  5 -0.554211 0.468004 -0.508709 135 1 0 -13
EVENT: 136 2 1
VERTEX: 0 0 0 0 1 0 0 2
TRACK:  6 -0.0369526 0.786467 2.5297 136 0 0 13
TRACK:  5 -0.00154423 -0.749567 -0.627613 136 1 0 -13
EVENT: 137 2 1
VERTEX: 0 0 0 0 1 0 0 2
TRACK:  6 -0.350576 0.747512 -13.8498 137 0 0 13
TRACK:  5 0.288566 -0.683701 -0.789168 137 1 0 -13
EVENT: 138 2 1
VERTEX: 0 0 0 0 1 0 0 2
TRACK:  6 -1.19363 -0.327681 -0.518604 138 0 0 13
TRACK:  5 1.10015 0.294355 1.53613 138 1 0 -13
EVENT: 139 2 1
VERTEX: 0 0 0 0 1 0 0 2
TRACK:  5 1.37625 -0.237074 -0.473529 139 0 0 -13
TRACK:  6 -1.44982 0.319424 0.653828 139 1 0 13
EVENT: 140 2 1
VERTEX: 0 0 0 0 1 0 0 2
TRACK:  5 -0.761398 0.524823 -1.14912 140 0 0 -13
TRACK:  6 0.756404 -0.484556 1.34987 140 1 0 13
EVENT: 141 2 1
VERTEX: 0 0 0 0 1 0 0 2
TRACK:  5 -1.1689 -0.661451 2.036 141 0 0 -13
TRACK:  6 1.2571 0.66161 0.343993 141 1 0 13
EVENT: 142 2 1
VERTEX: 0 0 0 0 1 0 0 2
TRACK:  5 -0.824987 0.328949 -0.0569091 142 0 0 -13
TRACK:  6 0.779872 -0.43214 -4.67282 142 1 0 13
EVENT: 143 2 1
VERTEX: 0 0 0 0 1 0 0 2
TRACK:  5 -0.521214 1.03138 6.64724 143 0 0 -13
TRACK:  6 0.57638 -1.08219 1.34104 143 1 0 13
EVENT: 144 2 1
VERTEX: 0 0 0 0 1 0 0 2
TRACK:  5 0.363089 -0.321269 8.14255 144 0 0 -13
TRACK:  6 -0.274742 0.297223 -0.125897 144 1 0 13
EVENT: 145 2 1
VERTEX: 0 0 0 0 1 0 0 2
TRACK:  5 -0.0283937 1.24487 -1.46113 145 0 0 -13
TRACK:  6 0.119741 -1.33043 -6.16896 145 1 0 13
EVENT: 146 2 1
VERTEX: 0 0 0 0 1 0 0 2
TRACK:  5 -1.3852 0.50242 1.00595 146 0 0 -13
TRACK:  6 1.40733 -0.38271 2.46454 146 1 0 13
EVENT: 147 2 1
VERTEX: 0 0 0 0 1 0 0 2
TRACK:  5 0.523022 0.107188 0.27861 147 0 0 -13
TRACK:  6 -0.454963 -0.12263 -5.07738 147 1 0 13
EVENT: 148 2 1
VERTEX: 0 0 0 0 1 0 0 2
TRACK:  6 -0.412339 1.46384 -0.639678 148 0 0 13
TRACK:  5 0.460848 -1.49548 -0.848591 148 1 0 -13
EVENT: 149 2 1
VERTEX: 0 0 0 0 1 0 0 2
TRACK:  6 -0.509477 -1.43545 -5.66264 149 0 0 13
TRACK:  5 0.528119 1.40909 -3.65895 149 1 0 -13
EVENT: 150 2 1
VERTEX: 0 0 0 0 1 0 0 2
TRACK:  6 0.545876 1.33276 1.49641 150 0 0 13
TRACK:  5 -0.545849 -1.3895 0.388328 150 1 0 -13
EVENT: 151 2 1
VERTEX: 0 0 0 0 1 0 0 2
TRACK:  5 -0.336626 1.45146 -0.994817 151 0 0 -13
TRACK:  6 0.320141 -1.51215 -1.82765 151 1 0 13
EVENT: 152 2 1
VERTEX: 0 0 0 0 1 0 0 2
TRACK:  5 0.599741 -0.750447 -2.92165 152 0 0 -13
TRACK:  6 -0.579805 0.627476 0.370294 152 1 0 13
EVENT: 153 2 1
VERTEX: 0 0 0 0 1 0 0 2
TRACK:  6 0.355083 0.00437422 -4.10985 153 0 0 13
TRACK:  5 -0.415402 -0.0484071 0.480116 153 1 0 -13
EVENT: 154 2 1
VERTEX: 0 0 0 0 1 0 0 2
TRACK:  6 -1.45026 0.434012 1.88746 154 0 0 13
TRACK:  5 1.30054 -0.41835 0.387977 154 1 0 -13
EVENT: 155 2 1
VERTEX: 0 0 0 0 1 0 0 2
TRACK:  6 0.31497 0.650367 -0.562377 155 0 0 13
TRACK:  5 -0.317979 -0.695222 2.78578 155 1 0 -13
EVENT: 156 2 1
VERTEX: 0 0 0 0 1 0 0 2
TRACK:  5 0.487801 -0.503824 8.1659 156 0 0 -13
TRACK:  6 -0.445485 0.462273 0.136547 156 1 0 13
EVENT: 157 2 1
VERTEX: 0 0 0 0 1 0 0 2
TRACK:  6 0.853192 0.242841 1.19329 157 0 0 13
TRACK:  5 -0.660452 -0.253232 -1.4576 157 1 0 -13
EVENT: 158 2 1
VERTEX: 0 0 0 0 1 0 0 2
TRACK:  6 -1.49546 -0.0340115 2.06047 158 0 0 13
TRACK:  5 1.51113 0.13528 1.09385 158 1 0 -13
EVENT: 159 2 1
VERTEX: 0 0 0 0 1 0 0 2
TRACK:  6 0.361203 -0.756572 1.65335 159 0 0 13
TRACK:  5 -0.368212 0.805028 -0.96742 159 1 0 -13
EVENT: 160 2 1
VERTEX: 0 0 0 0 1 0 0 2
TRACK:  5 -0.255659 -0.131502 0.0348222 160 0 0 -13
TRACK:  6 0.22225 0.0610581 17.2568 160 1 0 13
EVENT: 161 2 1
VERTEX: 0 0 0 0 1 0 0 2
TRACK:  6 1.38803 0.694923 -2.93466 161 0 0 13
TRACK:  5 -1.26499 -0.627256 -1.26742 161 1 0 -13
EVENT: 162 2 1
VERTEX: 0 0 0 0 1 0 0 2
TRACK:  5 -1.24832 0.642791 -0.926153 162 0 0 -13
TRACK:  6 1.25784 -0.692798 0.308466 162 1 0 13
EVENT: 163 2 1
VERTEX: 0 0 0 0 1 0 0 2
TRACK:  6 -0.179162 -0.26066 0.468844 163 0 0 13
TRACK:  5 0.214209 0.200557 -4.4894 163 1 0 -13
EVENT: 164 2 1
VERTEX: 0 0 0 0 1 0 0 2
TRACK:  5 0.311524 -1.35097 3.84681 164 0 0 -13
TRACK:  6 -0.337236 1.3517 1.25613 164 1 0 13
EVENT: 165 2 1
VERTEX: 0 0 0 0 1 0 0 2
TRACK:  5 0.199858 1.42603 1.31438 165 0 0 -13
TRACK:  6 -0.265545 -1.45884 3.12834 165 1 0 13
EVENT: 166 2 1
VERTEX: 0 0 0 0 1 0 0 2
TRACK:  6 1.19175 0.0627916 -0.720718 166 0 0 13
TRACK:  5 -1.20968 -0.0465512 -4.60256 166 1 0 -13
EVENT: 167 2 1
VERTEX: 0 0 0 0 1 0 0 2
TRACK:  5 1.12683 -1.06583 0.985862 167 0 0 -13
TRACK:  6 -1.04086 1.0189 1.87199 167 1 0 13
EVENT: 168 2 1
VERTEX: 0 0 0 0 1 0 0 2
TRACK:  6 -1.17472 -0.533473 1.54549 168 0 0 13
TRACK:  5 1.19172 0.643296 5.7906 168 1 0 -13
EVENT: 169 2 1
VERTEX: 0 0 0 0 1 0 0 2
TRACK:  5 1.10741 0.0810697 -1.86478 169 0 0 -13
TRACK:  6 -0.985802 -0.103988 0.612554 169 1 0 13
EVENT: 170 2 1
VERTEX: 0 0 0 0 1 0 0 2
TRACK:  5 0.548931 1.38267 0.135439 170 0 0 -13
TRACK:  6 -0.612799 -1.39721 -0.561712 170 1 0 13
EVENT: 171 2 1
VERTEX: 0 0 0 0 1 0 0 2
TRACK:  5 1.31843 0.667539 -4.9291 171 0 0 -13
TRACK:  6 -1.27597 -0.724427 -2.47724 171 1 0 13
EVENT: 172 2 1
VERTEX: 0 0 0 0 1 0 0 2
TRACK:  6 0.117939 1.31856 -1.48273 172 0 0 13
TRACK:  5 -0.051369 -1.22456 0.398096 172 1 0 -13
EVENT: 173 2 1
VERTEX: 0 0 0 0 1 0 0 2
TRACK:  5 -0.173935 -1.26808 -4.67762 173 0 0 -13
TRACK:  6 0.313494 1.30962 -1.2582 173 1 0 13
EVENT: 174 2 1
VERTEX: 0 0 0 0 1 0 0 2
TRACK:  6 0.00521064 -0.589444 2.05502 174 0 0 13
TRACK:  5 -0.0878866 0.750738 -0.890731 174 1 0 -13
EVENT: 175 2 1
VERTEX: 0 0 0 0 1 0 0 2
TRACK:  5 0.850486 1.29313 -0.983701 175 0 0 -13
TRACK:  6 -0.971666 -1.19744 -1.1641 175 1 0 13
EVENT: 176 2 1
VERTEX: 0 0 0 0 1 0 0 2
TRACK:  5 1.27068 -0.317413 0.242932 176 0 0 -13
TRACK:  6 -1.19979 0.350219 2.5193 176 1 0 13
EVENT: 177 2 1
VERTEX: 0 0 0 0 1 0 0 2
TRACK:  6 -0.529563 -0.885406 2.0444 177 0 0 13
TRACK:  5 0.585519 0.885289 14.5196 177 1 0 -13
EVENT: 178 2 1
VERTEX: 0 0 0 0 1 0 0 2
TRACK:  5 1.35754 -0.777537 1.10155 178 0 0 -13
TRACK:  6 -1.36068 0.691857 1.02278 178 1 0 13
EVENT: 179 2 1
VERTEX: 0 0 0 0 1 0 0 2
TRACK:  5 -1.34994 -0.427746 -1.96157 179 0 0 -13
TRACK:  6 1.41007 0.445853 -0.605957 179 1 0 13
EVENT: 180 2 1
VERTEX: 0 0 0 0 1 0 0 2
TRACK:  5 0.328874 -0.687646 -0.809888 180 0 0 -13
TRACK:  6 -0.336418 0.687779 -13.5901 180 1 0 13
EVENT: 181 2 1
VERTEX: 0 0 0 0 1 0 0 2
TRACK:  6 1.03522 -1.05642 0.322241 181 0 0 13
TRACK:  5 -1.19962 1.03962 0.799843 181 1 0 -13
EVENT: 182 2 1
VERTEX: 0 0 0 0 1 0 0 2
TRACK:  5 -0.934281 -0.0513017 -0.417709 182 0 0 -13
TRACK:  6 0.908372 0.111008 -6.30458 182 1 0 13
EVENT: 183 2 1
VERTEX: 0 0 0 0 1 0 0 2
TRACK:  6 -0.920403 -0.901997 -2.1999 183 0 0 13
TRACK:  5 1.00459 0.832818 -0.111123 183 1 0 -13
EVENT: 184 2 1
VERTEX: 0 0 0 0 1 0 0 2
TRACK:  5 -0.0150286 -0.046251 -5.80113 184 0 0 -13
TRACK:  6 -0.0160858 0.130969 0.394479 184 1 0 13
EVENT: 185 2 1
VERTEX: 0 0 0 0 1 0 0 2
TRACK:  5 -1.37549 -0.668513 2.25466 185 0 0 -13
TRACK:  6 1.23235 0.661358 0.749102 185 1 0 13
EVENT: 186 2 1
VERTEX: 0 0 0 0 1 0 0 2
TRACK:  6 -0.686478 -0.608616 0.524574 186 0 0 13
TRACK:  5 0.664526 0.641399 7.20799 186 1 0 -13
EVENT: 187 2 1
VERTEX: 0 0 0 0 1 0 0 2
TRACK:  5 0.695656 -0.171379 -1.13807 187 0 0 -13
TRACK:  6 -0.737712 0.257923 1.6 187 1 0 13
EVENT: 188 2 1
VERTEX: 0 0 0 0 1 0 0 2
TRACK:  5 0.941223 -0.313155 -1.98654 188 0 0 -13
TRACK:  6 -0.906005 0.316395 0.635663 188 1 0 13
EVENT: 189 2 1
VERTEX: 0 0 0 0 1 0 0 2
TRACK:  6 1.07921 0.259453 10.5433 189 0 0 13
TRACK:  5 -1.20905 -0.250993 2.3298 189 1 0 -13
EVENT: 190 2 1
VERTEX: 0 0 0 0 1 0 0 2
TRACK:  5 -0.83941 -1.16299 -3.57299 190 0 0 -13
TRACK:  6 0.811832 1.10587 -1.13298 190 1 0 13
EVENT: 191 2 1
VERTEX: 0 0 0 0 1 0 0 2
TRACK:  5 0.265568 -1.3211 -1.60983 191 0 0 -13
TRACK:  6 -0.101769 1.20346 0.327874 191 1 0 13
EVENT: 192 2 1
VERTEX: 0 0 0 0 1 0 0 2
TRACK:  5 0.586662 0.835102 0.442018 192 0 0 -13
TRACK:  6 -0.520018 -0.894515 5.36239 192 1 0 13
EVENT: 193 2 1
VERTEX: 0 0 0 0 1 0 0 2
TRACK:  6 0.207259 -0.717182 -0.624649 193 0 0 13
TRACK:  5 -0.239482 0.691716 -11.8943 193 1 0 -13
EVENT: 194 2 1
VERTEX: 0 0 0 0 1 0 0 2
TRACK:  5 -0.971682 -0.152665 -2.28689 194 0 0 -13
TRACK:  6 0.94284 0.0927303 0.50833 194 1 0 13
EVENT: 195 2 1
VERTEX: 0 0 0 0 1 0 0 2
TRACK:  5 -0.756325 1.02472 4.25667 195 0 0 -13
TRACK:  6 0.721778 -1.07328 0.929013 195 1 0 13
EVENT: 196 2 1
VERTEX: 0 0 0 0 1 0 0 2
TRACK:  5 -1.39486 0.211659 1.74645 196 0 0 -13
TRACK:  6 1.57097 -0.210064 3.57316 196 1 0 13
EVENT: 197 2 1
VERTEX: 0 0 0 0 1 0 0 2
TRACK:  5 -0.718156 -0.562912 0.0616708 197 0 0 -13
TRACK:  6 0.630516 0.524803 -4.03016 197 1 0 13
EVENT: 198 2 1
VERTEX: 0 0 0 0 1 0 0 2
TRACK:  6 -1.512 -0.423465 1.36914 198 0 0 13
TRACK:  5 1.45987 0.326524 0.831201 198 1 0 -13
EVENT: 199 2 1
VERTEX: 0 0 0 0 1 0 0 2
TRACK:  6 1.26071 0.853336 0.491741 199 0 0 13
TRACK:  5 -1.18625 -0.828717 1.45796 199 1 0 -13
EVENT: 200 2 1
VERTEX: 0 0 0 0 1 0 0 2
TRACK:  6 0.0536918 0.481974 2.43506 200 0 0 13
TRACK:  5 0.0115018 -0.661598 -0.78266 200 1 0 -13
EVENT: 201 2 1
VERTEX: 0 0 0 0 1 0 0 2
TRACK:  5 1.1939 -0.660836 -3.30218 201 0 0 -13
TRACK:  6 -1.1217 0.69233 -9.80182 201 1 0 13
EVENT: 202 2 1
VERTEX: 0 0 0 0 1 0 0 2
TRACK:  5 -0.682632 -1.24421 6.51727 202 0 0 -13
TRACK:  6 0.655007 1.33171 3.21145 202 1 0 13
EVENT: 203 2 1
VERTEX: 0 0 0 0 1 0 0 2
TRACK:  5 0.428134 -1.18957 13.936 203 0 0 -13
TRACK:  6 -0.503743 1.1263 3.43149 203 1 0 13
EVENT: 204 2 1
VERTEX: 0 0 0 0 1 0 0 2
TRACK:  5 0.143911 1.5371 5.84504 204 0 0 -13
TRACK:  6 -0.112124 -1.47626 8.58077 204 1 0 13
EVENT: 205 2 1
VERTEX: 0 0 0 0 1 0 0 2
TRACK:  5 0.480026 -0.838915 -6.80806 205 0 0 -13
TRACK:  6 -0.40704 0.639994 -0.205851 205 1 0 13
EVENT: 206 2 1
VERTEX: 0 0 0 0 1 0 0 2
TRACK:  6 -0.188026 -0.987617 1.18335 206 0 0 13
TRACK:  5 0.146055 0.966272 -1.18674 206 1 0 -13
EVENT: 207 2 1
VERTEX: 0 0 0 0 1 0 0 2
TRACK:  6 -0.379408 0.125247 -12.4028 207 0 0 13
TRACK:  5 0.362034 -0.0701961 -0.0099872 207 1 0 -13
EVENT: 208 2 1
VERTEX: 0 0 0 0 1 0 0 2
TRACK:  5 -1.30837 0.510517 -4.505 208 0 0 -13
TRACK:  6 1.32775 -0.492008 -10.9987 208 1 0 13
EVENT: 209 2 1
VERTEX: 0 0 0 0 1 0 0 2
TRACK:  6 -0.60133 -0.952973 -9.24133 209 0 0 13
TRACK:  5 0.533799 1.01706 -1.65086 209 1 0 -13
EVENT: 210 2 1
VERTEX: 0 0 0 0 1 0 0 2
TRACK:  5 -0.853938 -1.03227 -8.37941 210 0 0 -13
TRACK:  6 0.934317 1.05504 -3.16156 210 1 0 13
EVENT: 211 2 1
VERTEX: 0 0 0 0 1 0 0 2
TRACK:  6 0.855335 -0.027412 -0.529056 211 0 0 13
TRACK:  5 -0.840594 -0.10817 2.54909 211 1 0 -13
EVENT: 212 2 1
VERTEX: 0 0 0 0 1 0 0 2
TRACK:  6 -1.51702 -0.114561 0.307577 212 0 0 13
TRACK:  5 1.5053 0.158397 -0.274747 212 1 0 -13
EVENT: 213 2 1
VERTEX: 0 0 0 0 1 0 0 2
TRACK:  5 -0.0558945 0.628454 -1.62515 213 0 0 -13
TRACK:  6 0.167481 -0.637808 1.20789 213 1 0 13
EVENT: 214 2 1
VERTEX: 0 0 0 0 1 0 0 2
TRACK:  5 0.317966 1.25239 1.13591 214 0 0 -13
TRACK:  6 -0.346387 -1.2486 -0.578903 214 1 0 13
EVENT: 215 2 1
VERTEX: 0 0 0 0 1 0 0 2
TRACK:  5 1.03037 -1.14009 0.586074 215 0 0 -13
TRACK:  6 -1.12264 1.06172 0.326494 215 1 0 13
EVENT: 216 2 1
VERTEX: 0 0 0 0 1 0 0 2
TRACK:  6 -0.898855 1.13426 5.01995 216 0 0 13
TRACK:  5 0.995108 -1.10177 2.52579 216 1 0 -13
EVENT: 217 2 1
VERTEX: 0 0 0 0 1 0 0 2
TRACK:  6 -0.0538591 1.43781 1.09706 217 0 0 13
TRACK:  5 -0.133223 -1.33429 -0.330387 217 1 0 -13
EVENT: 218 2 1
VERTEX: 0 0 0 0 1 0 0 2
TRACK:  5 0.948046 -1.30324 6.73645 218 0 0 -13
TRACK:  6 -0.777008 1.25605 7.04468 218 1 0 13
EVENT: 219 2 1
VERTEX: 0 0 0 0 1 0 0 2
TRACK:  6 -0.76151 -0.521917 2.64319 219 0 0 13
TRACK:  5 0.824476 0.387562 -0.424562 219 1 0 -13
EVENT: 220 2 1
VERTEX: 0 0 0 0 1 0 0 2
TRACK:  6 -1.37855 0.0226355 -9.0227 220 0 0 13
TRACK:  5 1.45139 0.0214433 -3.95387 220 1 0 -13
EVENT: 221 2 1
VERTEX: 0 0 0 0 1 0 0 2
TRACK:  6 0.831168 0.528313 -3.20807 221 0 0 13
TRACK:  5 -0.846671 -0.57744 0.0941498 221 1 0 -13
EVENT: 222 2 1
VERTEX: 0 0 0 0 1 0 0 2
TRACK:  6 -0.979764 1.10244 -0.0393992 222 0 0 13
TRACK:  5 1.09242 -0.951933 1.01835 222 1 0 -13
EVENT: 223 2 1
VERTEX: 0 0 0 0 1 0 0 2
TRACK:  5 0.149554 0.0231937 0.183956 223 0 0 -13
TRACK:  6 -0.085587 -0.140699 -10.7249 223 1 0 13
EVENT: 224 2 1
VERTEX: 0 0 0 0 1 0 0 2
TRACK:  5 -1.49723 -0.331133 -6.16821 224 0 0 -13
TRACK:  6 1.48638 0.385414 -7.85604 224 1 0 13
EVENT: 225 2 1
VERTEX: 0 0 0 0 1 0 0 2
TRACK:  6 -1.20903 0.950302 2.47169 225 0 0 13
TRACK:  5 1.23937 -0.915263 2.00194 225 1 0 -13
EVENT: 226 2 1
VERTEX: 0 0 0 0 1 0 0 2
TRACK:  5 -1.20935 0.540433 5.37343 226 0 0 -13
TRACK:  6 1.14913 -0.636979 1.45404 226 1 0 13
EVENT: 227 2 1
VERTEX: 0 0 0 0 1 0 0 2
TRACK:  6 -0.334608 -0.537031 -0.799195 227 0 0 13
TRACK:  5 0.156913 0.562854 2.38768 227 1 0 -13
EVENT: 228 2 1
VERTEX: 0 0 0 0 1 0 0 2
TRACK:  5 -1.01988 1.21794 5.08754 228 0 0 -13
TRACK:  6 0.939955 -1.03822 7.76685 228 1 0 13
EVENT: 229 2 1
VERTEX: 0 0 0 0 1 0 0 2
TRACK:  6 1.07696 -0.131749 2.16642 229 0 0 13
TRACK:  5 -1.12373 0.270171 -0.293303 229 1 0 -13
EVENT: 230 2 1
VERTEX: 0 0 0 0 1 0 0 2
TRACK:  6 -0.647358 1.34606 -0.739975 230 0 0 13
TRACK:  5 0.614504 -1.4232 -1.43479 230 1 0 -13
EVENT: 231 2 1
VERTEX: 0 0 0 0 1 0 0 2
TRACK:  6 -1.11038 0.963961 -0.643445 231 0 0 13
TRACK:  5 1.08443 -0.837979 -2.21973 231 1 0 -13
EVENT: 232 2 1
VERTEX: 0 0 0 0 1 0 0 2
TRACK:  6 0.90478 -1.0405 2.61898 232 0 0 13
TRACK:  5 -0.875972 1.02398 0.520688 232 1 0 -13
EVENT: 233 2 1
VERTEX: 0 0 0 0 1 0 0 2
TRACK:  5 1.09038 -1.06285 3.25528 233 0 0 -13
TRACK:  6 -1.14898 1.02091 4.45904 233 1 0 13
EVENT: 234 2 1
VERTEX: 0 0 0 0 1 0 0 2
TRACK:  5 -0.053575 -1.48855 -4.14942 234 0 0 -13
TRACK:  6 0.175242 1.40232 -8.27821 234 1 0 13
EVENT: 235 2 1
VERTEX: 0 0 0 0 1 0 0 2
TRACK:  6 -0.176769 -0.0623951 5.62732 235 0 0 13
TRACK:  5 0.172132 0.00595902 -0.398031 235 1 0 -13
EVENT: 236 2 1
VERTEX: 0 0 0 0 1 0 0 2
TRACK:  5 1.18735 0.126585 3.69 236 0 0 -13
TRACK:  6 -1.14835 -0.00998526 0.336374 236 1 0 13
EVENT: 237 2 1
VERTEX: 0 0 0 0 1 0 0 2
TRACK:  6 0.383648 0.749132 6.66826 237 0 0 13
TRACK:  5 -0.380903 -0.789709 0.351243 237 1 0 -13
EVENT: 238 2 1
VERTEX: 0 0 0 0 1 0 0 2
TRACK:  5 1.18572 0.237423 -1.3662 238 0 0 -13
TRACK:  6 -1.20854 -0.244842 0.581406 238 1 0 13
EVENT: 239 2 1
VERTEX: 0 0 0 0 1 0 0 2
TRACK:  5 0.0663199 -1.35395 -1.9276 239 0 0 -13
TRACK:  6 -0.156294 1.25406 -6.45759 239 1 0 13
EVENT: 240 2 1
VERTEX: 0 0 0 0 1 0 0 2
TRACK:  6 -0.887477 0.710147 1.99736 240 0 0 13
TRACK:  5 0.845204 -0.672365 -0.434439 240 1 0 -13
EVENT: 241 2 1
VERTEX: 0 0 0 0 1 0 0 2
TRACK:  6 -1.48557 -0.0367839 -2.60649 241 0 0 13
TRACK:  5 1.50968 -0.033066 -1.3971 241 1 0 -13
EVENT: 242 2 1
VERTEX: 0 0 0 0 1 0 0 2
TRACK:  6 0.843698 -0.911864 3.97821 242 0 0 13
TRACK:  5 -0.847342 0.926619 0.699842 242 1 0 -13
EVENT: 243 2 1
VERTEX: 0 0 0 0 1 0 0 2
TRACK:  5 -0.129237 -0.883427 -1.7989 243 0 0 -13
TRACK:  6 0.0717524 0.977516 0.773557 243 1 0 13
EVENT: 244 2 1
VERTEX: 0 0 0 0 1 0 0 2
TRACK:  5 -0.337609 1.19104 -1.00404 244 0 0 -13
TRACK:  6 0.236965 -1.09385 0.99719 244 1 0 13
EVENT: 245 2 1
VERTEX: 0 0 0 0 1 0 0 2
TRACK:  6 -0.586348 0.0654539 -1.40299 245 0 0 13
TRACK:  5 0.673987 -0.208935 1.40513 245 1 0 -13
EVENT: 246 2 1
VERTEX: 0 0 0 0 1 0 0 2
TRACK:  5 -1.55323 -0.218799 -1.2993 246 0 0 -13
TRACK:  6 1.4936 0.143918 -0.807369 246 1 0 13
EVENT: 247 2 1
VERTEX: 0 0 0 0 1 0 0 2
TRACK:  5 -0.134105 -0.521899 0.538708 247 0 0 -13
TRACK:  6 0.00793461 0.382559 -3.49128 247 1 0 13
EVENT: 248 2 1
VERTEX: 0 0 0 0 1 0 0 2
TRACK:  5 -1.44665 0.00949469 -1.23277 248 0 0 -13
TRACK:  6 1.44357 -0.0874449 -3.10372 248 1 0 13
EVENT: 249 2 1
VERTEX: 0 0 0 0 1 0 0 2
TRACK:  5 -0.406735 0.614616 -1.21998 249 0 0 -13
TRACK:  6 0.433408 -0.693828 1.4615 249 1 0 13
EVENT: 250 2 1
VERTEX: 0 0 0 0 1 0 0 2
TRACK:  6 0.98627 -1.22504 -5.96501 250 0 0 13
TRACK:  5 -0.895639 1.22554 -5.86853 250 1 0 -13
EVENT: 251 2 1
VERTEX: 0 0 0 0 1 0 0 2
TRACK:  6 0.895073 0.444383 -2.51562 251 0 0 13
TRACK:  5 -0.996502 -0.430588 0.262939 251 1 0 -13
EVENT: 252 2 1
VERTEX: 0 0 0 0 1 0 0 2
TRACK:  5 -1.38304 0.510102 -4.37623 252 0 0 -13
TRACK:  6 1.39797 -0.565397 -7.78754 252 1 0 13
EVENT: 253 2 1
VERTEX: 0 0 0 0 1 0 0 2
TRACK:  6 0.59254 0.00418273 0.355397 253 0 0 13
TRACK:  5 -0.512783 0.0939423 -4.2279 253 1 0 -13
EVENT: 254 2 1
VERTEX: 0 0 0 0 1 0 0 2
TRACK:  5 0.721758 -1.13383 0.365369 254 0 0 -13
TRACK:  6 -0.751074 1.12132 -1.20388 254 1 0 13
EVENT: 255 2 1
VERTEX: 0 0 0 0 1 0 0 2
TRACK:  6 -0.464502 0.0262064 16.9227 255 0 0 13
TRACK:  5 0.640177 0.0635434 0.669915 255 1 0 -13
EVENT: 256 2 1
VERTEX: 0 0 0 0 1 0 0 2
TRACK:  6 -0.0142495 0.154392 0.293328 256 0 0 13
TRACK:  5 -0.0470522 -0.181598 -7.41353 256 1 0 -13
EVENT: 257 2 1
VERTEX: 0 0 0 0 1 0 0 2
TRACK:  5 0.404061 -0.0191147 0.711493 257 0 0 -13
TRACK:  6 -0.549031 -0.0471647 -2.94095 257 1 0 13
EVENT: 258 2 1
VERTEX: 0 0 0 0 1 0 0 2
TRACK:  5 0.622389 1.1613 -6.47616 258 0 0 -13
TRACK:  6 -0.557864 -1.05526 -1.33586 258 1 0 13
EVENT: 259 2 1
VERTEX: 0 0 0 0 1 0 0 2
TRACK:  6 1.33994 -0.220562 10.4035 259 0 0 13
TRACK:  5 -1.34517 0.171969 3.57012 259 1 0 -13
EVENT: 260 2 1
VERTEX: 0 0 0 0 1 0 0 2
TRACK:  6 -1.29906 0.903494 1.71709 260 0 0 13
TRACK:  5 1.15928 -0.953114 2.01297 260 1 0 -13
EVENT: 261 2 1
VERTEX: 0 0 0 0 1 0 0 2
TRACK:  5 0.142376 -0.729217 0.880728 261 0 0 -13
TRACK:  6 -0.0916756 0.721875 -2.00907 261 1 0 13
EVENT: 262 2 1
VERTEX: 0 0 0 0 1 0 0 2
TRACK:  5 -1.4662 0.362014 -2.51689 262 0 0 -13
TRACK:  6 1.51794 -0.286847 -1.76179 262 1 0 13
EVENT: 263 2 1
VERTEX: 0 0 0 0 1 0 0 2
TRACK:  6 -0.475906 -0.398212 -2.53564 263 0 0 13
TRACK:  5 0.577689 0.334762 0.713424 263 1 0 -13
EVENT: 264 2 1
VERTEX: 0 0 0 0 1 0 0 2
TRACK:  6 -1.31108 -0.806141 5.26155 264 0 0 13
TRACK:  5 1.27621 0.85854 4.33273 264 1 0 -13
EVENT: 265 2 1
VERTEX: 0 0 0 0 1 0 0 2
TRACK:  5 -0.196295 1.16305 0.994641 265 0 0 -13
TRACK:  6 0.134254 -1.10578 -1.07683 265 1 0 13
EVENT: 266 2 1
VERTEX: 0 0 0 0 1 0 0 2
TRACK:  6 -0.908934 0.504103 -0.67023 266 0 0 13
TRACK:  5 0.901056 -0.461955 1.77674 266 1 0 -13
EVENT: 267 2 1
VERTEX: 0 0 0 0 1 0 0 2
TRACK:  5 -0.481457 -0.753239 -1.63008 267 0 0 -13
TRACK:  6 0.563205 0.689841 -17.0206 267 1 0 13
EVENT: 268 2 1
VERTEX: 0 0 0 0 1 0 0 2
TRACK:  6 1.24799 -0.928603 1.2735 268 0 0 13
TRACK:  5 -1.26451 0.822538 1.80712 268 1 0 -13
EVENT: 269 2 1
VERTEX: 0 0 0 0 1 0 0 2
TRACK:  5 0.924762 -0.269527 -1.02875 269 0 0 -13
TRACK:  6 -1.14495 0.294091 1.21315 269 1 0 13
EVENT: 270 2 1
VERTEX: 0 0 0 0 1 0 0 2
TRACK:  6 0.33996 -0.824552 -0.514505 270 0 0 13
TRACK:  5 -0.306872 0.891514 2.4262 270 1 0 -13
EVENT: 271 2 1
VERTEX: 0 0 0 0 1 0 0 2
TRACK:  6 1.16589 -0.42163 6.16938 271 0 0 13
TRACK:  5 -1.1291 0.50104 1.31823 271 1 0 -13
EVENT: 272 2 1
VERTEX: 0 0 0 0 1 0 0 2
TRACK:  6 -1.31921 0.825906 -0.687687 272 0 0 13
TRACK:  5 1.28488 -0.823325 -0.911168 272 1 0 -13
EVENT: 273 2 1
VERTEX: 0 0 0 0 1 0 0 2
TRACK:  6 -0.0213303 0.354349 -2.68617 273 0 0 13
TRACK:  5 0.107576 -0.545973 0.755171 273 1 0 -13
EVENT: 274 2 1
VERTEX: 0 0 0 0 1 0 0 2
TRACK:  5 0.014451 -0.817293 -7.20124 274 0 0 -13
TRACK:  6 -0.0494303 0.741532 -0.202402 274 1 0 13
EVENT: 275 2 1
VERTEX: 0 0 0 0 1 0 0 2
TRACK:  6 -0.518046 -0.489146 -5.6061 275 0 0 13
TRACK:  5 0.544502 0.382089 0.0852616 275 1 0 -13
EVENT: 276 2 1
VERTEX: 0 0 0 0 1 0 0 2
TRACK:  5 1.142 0.514049 0.579906 276 0 0 -13
TRACK:  6 -1.19714 -0.312398 -1.30905 276 1 0 13
EVENT: 277 2 1
VERTEX: 0 0 0 0 1 0 0 2
TRACK:  6 0.516683 -0.471557 -0.889559 277 0 0 13
TRACK:  5 -0.503636 0.359112 2.09761 277 1 0 -13
EVENT: 278 2 1
VERTEX: 0 0 0 0 1 0 0 2
TRACK:  5 -0.0819101 0.911655 -2.88598 278 0 0 -13
TRACK:  6 -0.0175733 -0.987516 0.26662 278 1 0 13
EVENT: 279 2 1
VERTEX: 0 0 0 0 1 0 0 2
TRACK:  6 0.756373 0.625077 1.87271 279 0 0 13
TRACK:  5 -0.891041 -0.613004 -0.591735 279 1 0 -13
EVENT: 280 2 1
VERTEX: 0 0 0 0 1 0 0 2
TRACK:  5 -0.395179 -0.404528 -0.327491 280 0 0 -13
TRACK:  6 0.491511 0.417323 4.43663 280 1 0 13
EVENT: 281 2 1
VERTEX: 0 0 0 0 1 0 0 2
TRACK:  5 -0.962557 0.933849 0.300501 281 0 0 -13
TRACK:  6 1.10089 -0.950839 -1.08926 281 1 0 13
EVENT: 282 2 1
VERTEX: 0 0 0 0 1 0 0 2
TRACK:  6 -0.668405 -0.917417 5.94347 282 0 0 13
TRACK:  5 0.691232 0.971551 1.03196 282 1 0 -13
EVENT: 283 2 1
VERTEX: 0 0 0 0 1 0 0 2
TRACK:  6 0.778321 1.06726 -1.91462 283 0 0 13
TRACK:  5 -0.713727 -0.924386 -7.30848 283 1 0 -13
EVENT: 284 2 1
VERTEX: 0 0 0 0 1 0 0 2
TRACK:  5 0.17161 -0.264958 0.262526 284 0 0 -13
TRACK:  6 -0.352567 0.348591 -6.73473 284 1 0 13
EVENT: 285 2 1
VERTEX: 0 0 0 0 1 0 0 2
TRACK:  5 -0.223865 1.24497 -2.95694 285 0 0 -13
TRACK:  6 0.250192 -1.15251 -11.8964 285 1 0 13
EVENT: 286 2 1
VERTEX: 0 0 0 0 1 0 0 2
TRACK:  5 -1.28163 -0.853336 -2.42436 286 0 0 -13
TRACK:  6 1.24184 0.929598 -2.37854 286 1 0 13
EVENT: 287 2 1
VERTEX: 0 0 0 0 1 0 0 2
TRACK:  5 1.37982 -0.145136 0.892355 287 0 0 -13
TRACK:  6 -1.4033 0.12593 -0.433135 287 1 0 13
EVENT: 288 2 1
VERTEX: 0 0 0 0 1 0 0 2
TRACK:  6 -1.00083 0.766514 -1.60469 288 0 0 13
TRACK:  5 0.989501 -0.644666 -7.06183 288 1 0 -13
EVENT: 289 2 1
VERTEX: 0 0 0 0 1 0 0 2
TRACK:  5 0.513793 1.53633 -0.269646 289 0 0 -13
TRACK:  6 -0.319627 -1.42962 0.0234526 289 1 0 13
EVENT: 290 2 1
VERTEX: 0 0 0 0 1 0 0 2
TRACK:  6 1.36415 -0.381028 4.34698 290 0 0 13
TRACK:  5 -1.39326 0.40284 1.83526 290 1 0 -13
EVENT: 291 2 1
VERTEX: 0 0 0 0 1 0 0 2
TRACK:  5 0.966951 -0.217526 8.67605 291 0 0 -13
TRACK:  6 -0.954883 0.306332 0.973412 291 1 0 13
EVENT: 292 2 1
VERTEX: 0 0 0 0 1 0 0 2
TRACK:  5 0.471124 0.780701 -11.1759 292 0 0 -13
TRACK:  6 -0.573011 -0.691182 -0.988151 292 1 0 13
EVENT: 293 2 1
VERTEX: 0 0 0 0 1 0 0 2
TRACK:  5 0.842872 0.755166 0.820349 293 0 0 -13
TRACK:  6 -0.904977 -0.685667 -1.3072 293 1 0 13
EVENT: 294 2 1
VERTEX: 0 0 0 0 1 0 0 2
TRACK:  6 0.897446 -0.668393 15.4517 294 0 0 13
TRACK:  5 -0.821583 0.789813 2.873 294 1 0 -13
EVENT: 295 2 1
VERTEX: 0 0 0 0 1 0 0 2
TRACK:  5 0.0772564 0.895004 17.0722 295 0 0 -13
TRACK:  6 -0.112854 -0.892377 1.66565 295 1 0 13
EVENT: 296 2 1
VERTEX: 0 0 0 0 1 0 0 2
TRACK:  5 -0.937182 1.27865 -2.55419 296 0 0 -13
TRACK:  6 0.818902 -1.2535 -1.99869 296 1 0 13
EVENT: 297 2 1
VERTEX: 0 0 0 0 1 0 0 2
TRACK:  6 0.457192 1.01611 0.683527 297 0 0 13
TRACK:  5 -0.487725 -1.06041 5.28123 297 1 0 -13
EVENT: 298 2 1
VERTEX: 0 0 0 0 1 0 0 2
TRACK:  6 -0.448126 0.78438 6.26506 298 0 0 13
TRACK:  5 0.32537 -0.684507 0.129476 298 1 0 -13
EVENT: 299 2 1
VERTEX: 0 0 0 0 1 0 0 2
TRACK:  5 1.23634 -0.305278 2.22771 299 0 0 -13
TRACK:  6 -1.148 0.348427 -0.0719125 299 1 0 13
EVENT: 300 2 1
VERTEX: 0 0 0 0 1 0 0 2
TRACK:  5 -1.18984 0.747183 0.388923 300 0 0 -13
TRACK:  6 1.05228 -0.753706 2.30334 300 1 0 13
EVENT: 301 2 1
VERTEX: 0 0 0 0 1 0 0 2
TRACK:  6 0.307419 1.26007 0.575544 301 0 0 13
TRACK:  5 -0.2895 -1.24932 3.27403 301 1 0 -13
EVENT: 302 2 1
VERTEX: 0 0 0 0 1 0 0 2
TRACK:  6 -1.10946 -0.714414 -2.12869 302 0 0 13
TRACK:  5 1.13531 0.62088 -7.398 302 1 0 -13
EVENT: 303 2 1
VERTEX: 0 0 0 0 1 0 0 2
TRACK:  6 0.614601 0.965049 0.345257 303 0 0 13
TRACK:  5 -0.843891 -1.03334 3.47532 303 1 0 -13
EVENT: 304 2 1
VERTEX: 0 0 0 0 1 0 0 2
TRACK:  5 0.207182 0.99723 0.922767 304 0 0 -13
TRACK:  6 -0.252915 -1.02529 -1.39802 304 1 0 13
EVENT: 305 2 1
VERTEX: 0 0 0 0 1 0 0 2
TRACK:  6 -0.235536 0.0493035 0.809105 305 0 0 13
TRACK:  5 0.197373 -0.0247301 -2.84914 305 1 0 -13
EVENT: 306 2 1
VERTEX: 0 0 0 0 1 0 0 2
TRACK:  6 -0.401185 0.758138 -0.502924 306 0 0 13
TRACK:  5 0.389345 -0.655544 2.67676 306 1 0 -13
EVENT: 307 2 1
VERTEX: 0 0 0 0 1 0 0 2
TRACK:  5 -0.168659 0.621619 16.105 307 0 0 -13
TRACK:  6 0.0840635 -0.752736 0.966039 307 1 0 13
EVENT: 308 2 1
VERTEX: 0 0 0 0 1 0 0 2
TRACK:  5 1.24261 -0.728038 3.55079 308 0 0 -13
TRACK:  6 -1.26228 0.691118 1.42674 308 1 0 13
EVENT: 309 2 1
VERTEX: 0 0 0 0 1 0 0 2
TRACK:  6 -1.28181 -0.542258 1.22043 309 0 0 13
TRACK:  5 1.18688 0.55524 -0.357307 309 1 0 -13
EVENT: 310 2 1
VERTEX: 0 0 0 0 1 0 0 2
TRACK:  5 0.408485 1.37566 -0.329637 310 0 0 -13
TRACK:  6 -0.485244 -1.41927 -1.48977 310 1 0 13
EVENT: 311 2 1
VERTEX: 0 0 0 0 1 0 0 2
TRACK:  5 0.718391 0.559388 3.37458 311 0 0 -13
TRACK:  6 -0.702037 -0.572531 -0.204744 311 1 0 13
EVENT: 312 2 1
VERTEX: 0 0 0 0 1 0 0 2
TRACK:  5 -0.401163 -0.664767 1.3547 312 0 0 -13
TRACK:  6 0.426838 0.641325 -1.32037 312 1 0 13
EVENT: 313 2 1
VERTEX: 0 0 0 0 1 0 0 2
TRACK:  6 -0.0255299 0.697524 6.39101 313 0 0 13
TRACK:  5 0.0181825 -0.703422 0.0456251 313 1 0 -13
EVENT: 314 2 1
VERTEX: 0 0 0 0 1 0 0 2
TRACK:  6 0.0303954 -0.133882 8.16556 314 0 0 13
TRACK:  5 -0.00819057 0.261202 -0.222455 314 1 0 -13
EVENT: 315 2 1
VERTEX: 0 0 0 0 1 0 0 2
TRACK:  6 -0.446451 0.0622039 1.60848 315 0 0 13
TRACK:  5 0.503889 -0.130224 -1.33477 315 1 0 -13
EVENT: 316 2 1
VERTEX: 0 0 0 0 1 0 0 2
TRACK:  5 0.540484 0.341513 0.600344 316 0 0 -13
TRACK:  6 -0.395451 -0.367096 15.676 316 1 0 13
EVENT: 317 2 1
VERTEX: 0 0 0 0 1 0 0 2
TRACK:  6 -0.535895 1.37603 -0.412317 317 0 0 13
TRACK:  5 0.602737 -1.48262 -0.122603 317 1 0 -13
EVENT: 318 2 1
VERTEX: 0 0 0 0 1 0 0 2
TRACK:  5 -1.00901 0.780564 -3.56347 318 0 0 -13
TRACK:  6 0.882123 -0.822488 -13.6799 318 1 0 13
EVENT: 319 2 1
VERTEX: 0 0 0 0 1 0 0 2
TRACK:  6 0.12398 0.208728 -0.276664 319 0 0 13
TRACK:  5 -0.118424 -0.201364 7.1647 319 1 0 -13
EVENT: 320 2 1
VERTEX: 0 0 0 0 1 0 0 2
TRACK:  6 1.54603 0.0995753 -7.09201 320 0 0 13
TRACK:  5 -1.44783 -0.0440903 -10.9947 320 1 0 -13
EVENT: 321 2 1
VERTEX: 0 0 0 0 1 0 0 2
TRACK:  5 -1.20602 -0.916613 0.285518 321 0 0 -13
TRACK:  6 1.24027 0.840618 -0.403277 321 1 0 13
EVENT: 322 2 1
VERTEX: 0 0 0 0 1 0 0 2
TRACK:  6 0.871062 -0.135523 1.01487 322 0 0 13
TRACK:  5 -0.815915 -0.0253344 -1.61213 322 1 0 -13
EVENT: 323 2 1
VERTEX: 0 0 0 0 1 0 0 2
TRACK:  5 -0.496188 -1.52419 -0.938256 323 0 0 -13
TRACK:  6 0.48532 1.36171 -1.48676 323 1 0 13
EVENT: 324 2 1
VERTEX: 0 0 0 0 1 0 0 2
TRACK:  5 0.504671 -1.2345 1.49687 324 0 0 -13
TRACK:  6 -0.437334 1.10736 -0.431213 324 1 0 13
EVENT: 325 2 1
VERTEX: 0 0 0 0 1 0 0 2
TRACK:  6 -0.244673 -0.552501 0.332723 325 0 0 13
TRACK:  5 0.323799 0.518794 12.0698 325 1 0 -13
EVENT: 326 2 1
VERTEX: 0 0 0 0 1 0 0 2
TRACK:  5 1.43942 -0.27042 0.0629862 326 0 0 -13
TRACK:  6 -1.59277 0.286349 -0.20009 326 1 0 13
EVENT: 327 2 1
VERTEX: 0 0 0 0 1 0 0 2
TRACK:  6 -1.4279 0.572747 -0.256481 327 0 0 13
TRACK:  5 1.40049 -0.516304 -0.880402 327 1 0 -13
EVENT: 328 2 1
VERTEX: 0 0 0 0 1 0 0 2
TRACK:  6 -0.725229 0.846054 -0.783384 328 0 0 13
TRACK:  5 0.717339 -0.693086 -6.11847 328 1 0 -13
EVENT: 329 2 1
VERTEX: 0 0 0 0 1 0 0 2
TRACK:  5 1.11612 0.59113 1.57542 329 0 0 -13
TRACK:  6 -1.2071 -0.670084 6.10884 329 1 0 13
EVENT: 330 2 1
VERTEX: 0 0 0 0 1 0 0 2
TRACK:  5 -0.789033 -0.367572 10.9256 330 0 0 -13
TRACK:  6 0.754941 0.239857 0.672512 330 1 0 13
EVENT: 331 2 1
VERTEX: 0 0 0 0 1 0 0 2
TRACK:  5 -0.253677 -0.474356 1.3541 331 0 0 -13
TRACK:  6 0.173738 0.516859 -1.54667 331 1 0 13
EVENT: 332 2 1
VERTEX: 0 0 0 0 1 0 0 2
TRACK:  5 -1.12435 -0.182016 13.1 332 0 0 -13
TRACK:  6 1.20323 0.261363 2.98049 332 1 0 13
EVENT: 333 2 1
VERTEX: 0 0 0 0 1 0 0 2
TRACK:  6 0.987277 -1.01873 1.01053 333 0 0 13
TRACK:  5 -0.861 1.13501 -0.246926 333 1 0 -13
EVENT: 334 2 1
VERTEX: 0 0 0 0 1 0 0 2
TRACK:  5 1.36993 0.769632 0.120746 334 0 0 -13
TRACK:  6 -1.26393 -0.844836 0.0491183 334 1 0 13
EVENT: 335 2 1
VERTEX: 0 0 0 0 1 0 0 2
TRACK:  5 -0.705391 1.19104 -8.60493 335 0 0 -13
TRACK:  6 0.656599 -1.20415 -3.09663 335 1 0 13
EVENT: 336 2 1
VERTEX: 0 0 0 0 1 0 0 2
TRACK:  6 0.964177 -1.04773 -0.459998 336 0 0 13
TRACK:  5 -0.795485 0.927719 1.1461 336 1 0 -13
EVENT: 337 2 1
VERTEX: 0 0 0 0 1 0 0 2
TRACK:  5 -0.300321 0.548574 -0.211837 337 0 0 -13
TRACK:  6 0.235318 -0.490653 5.02384 337 1 0 13
EVENT: 338 2 1
VERTEX: 0 0 0 0 1 0 0 2
TRACK:  5 0.612764 0.743128 0.989782 338 0 0 -13
TRACK:  6 -0.690788 -0.606262 -1.49282 338 1 0 13
EVENT: 339 2 1
VERTEX: 0 0 0 0 1 0 0 2
TRACK:  6 0.403641 0.80378 -1.71127 339 0 0 13
TRACK:  5 -0.434761 -0.649636 0.971903 339 1 0 -13
EVENT: 340 2 1
VERTEX: 0 0 0 0 1 0 0 2
TRACK:  5 -1.35397 -0.622149 -7.7052 340 0 0 -13
TRACK:  6 1.2063 0.600177 -2.88147 340 1 0 13
EVENT: 341 2 1
VERTEX: 0 0 0 0 1 0 0 2
TRACK:  5 0.409945 -1.5091 -0.418398 341 0 0 -13
TRACK:  6 -0.505823 1.38617 -1.01333 341 1 0 13
EVENT: 342 2 1
VERTEX: 0 0 0 0 1 0 0 2
TRACK:  6 0.745114 -0.498977 -1.48417 342 0 0 13
TRACK:  5 -0.867843 0.407131 1.01349 342 1 0 -13
EVENT: 343 2 1
VERTEX: 0 0 0 0 1 0 0 2
TRACK:  6 -0.346476 -0.258346 17.0625 343 0 0 13
TRACK:  5 0.227531 0.248551 0.0934063 343 1 0 -13
EVENT: 344 2 1
VERTEX: 0 0 0 0 1 0 0 2
TRACK:  5 -0.598477 1.22851 1.59833 344 0 0 -13
TRACK:  6 0.592036 -0.999198 5.83496 344 1 0 13
EVENT: 345 2 1
VERTEX: 0 0 0 0 1 0 0 2
TRACK:  6 0.344289 0.932525 3.47827 345 0 0 13
TRACK:  5 -0.271309 -0.887323 -0.129639 345 1 0 -13
EVENT: 346 2 1
VERTEX: 0 0 0 0 1 0 0 2
TRACK:  5 -0.388318 -1.24939 -3.0248 346 0 0 -13
TRACK:  6 0.409787 1.19359 -10.5869 346 1 0 13
EVENT: 347 2 1
VERTEX: 0 0 0 0 1 0 0 2
TRACK:  5 -0.14191 0.892068 4.93411 347 0 0 -13
TRACK:  6 0.167216 -0.862265 0.0959135 347 1 0 13
EVENT: 348 2 1
VERTEX: 0 0 0 0 1 0 0 2
TRACK:  5 -0.0887953 -0.373669 -6.921 348 0 0 -13
TRACK:  6 0.138701 0.240991 0.272463 348 1 0 13
EVENT: 349 2 1
VERTEX: 0 0 0 0 1 0 0 2
TRACK:  6 0.0404439 0.642962 -0.208415 349 0 0 13
TRACK:  5 0.0384441 -0.488311 -9.35692 349 1 0 -13
EVENT: 350 2 1
VERTEX: 0 0 0 0 1 0 0 2
TRACK:  6 0.313628 1.00704 1.80313 350 0 0 13
TRACK:  5 -0.235733 -0.975057 -0.665801 350 1 0 -13
EVENT: 351 2 1
VERTEX: 0 0 0 0 1 0 0 2
TRACK:  6 0.117847 -1.10046 0.701383 351 0 0 13
TRACK:  5 -0.131212 1.14877 -1.47652 351 1 0 -13
EVENT: 352 2 1
VERTEX: 0 0 0 0 1 0 0 2
TRACK:  5 -1.23586 0.866929 -1.23725 352 0 0 -13
TRACK:  6 1.19512 -0.827396 -0.240337 352 1 0 13
EVENT: 353 2 1
VERTEX: 0 0 0 0 1 0 0 2
TRACK:  5 -0.356655 0.441495 0.31585 353 0 0 -13
TRACK:  6 0.531428 -0.362149 -4.52222 353 1 0 13
EVENT: 354 2 1
VERTEX: 0 0 0 0 1 0 0 2
TRACK:  6 -0.270393 -1.52823 -0.495968 354 0 0 13
TRACK:  5 0.262815 1.50729 -0.722906 354 1 0 -13
EVENT: 355 2 1
VERTEX: 0 0 0 0 1 0 0 2
TRACK:  6 0.938318 -0.584117 -0.306073 355 0 0 13
TRACK:  5 -0.822357 0.462654 2.42555 355 1 0 -13
EVENT: 356 2 1
VERTEX: 0 0 0 0 1 0 0 2
TRACK:  6 1.11602 -0.328663 -9.78559 356 0 0 13
TRACK:  5 -1.09995 0.344757 -1.82222 356 1 0 -13
EVENT: 357 2 1
VERTEX: 0 0 0 0 1 0 0 2
TRACK:  5 0.731 0.906501 -2.47152 357 0 0 -13
TRACK:  6 -0.817987 -1.08741 -11.3326 357 1 0 13
EVENT: 358 2 1
VERTEX: 0 0 0 0 1 0 0 2
TRACK:  6 0.772329 1.23641 1.81195 358 0 0 13
TRACK:  5 -0.869435 -1.3516 1.36505 358 1 0 -13
EVENT: 359 2 1
VERTEX: 0 0 0 0 1 0 0 2
TRACK:  5 -0.877418 -1.20842 5.40599 359 0 0 -13
TRACK:  6 0.905501 0.996764 1.92469 359 1 0 13
EVENT: 360 2 1
VERTEX: 0 0 0 0 1 0 0 2
TRACK:  6 0.135445 0.926956 3.569 360 0 0 13
TRACK:  5 -0.209871 -0.893186 -0.13539 360 1 0 -13
EVENT: 361 2 1
VERTEX: 0 0 0 0 1 0 0 2
TRACK:  5 0.82432 -1.1932 -8.97465 361 0 0 -13
TRACK:  6 -0.799629 1.09838 -3.35211 361 1 0 13
EVENT: 362 2 1
VERTEX: 0 0 0 0 1 0 0 2
TRACK:  6 -0.940194 0.0544325 5.70102 362 0 0 13
TRACK:  5 0.769596 -0.13106 0.0931691 362 1 0 -13
EVENT: 363 2 1
VERTEX: 0 0 0 0 1 0 0 2
TRACK:  6 -0.783438 0.0858673 1.2236 363 0 0 13
TRACK:  5 0.720538 -0.0721392 -1.47731 363 1 0 -13
EVENT: 364 2 1
VERTEX: 0 0 0 0 1 0 0 2
TRACK:  5 0.431311 0.499836 -0.508348 364 0 0 -13
TRACK:  6 -0.295722 -0.467981 3.25006 364 1 0 13
EVENT: 365 2 1
VERTEX: 0 0 0 0 1 0 0 2
TRACK:  5 -0.725763 0.875688 -1.38746 365 0 0 -13
TRACK:  6 0.685656 -0.742435 -8.61432 365 1 0 13
EVENT: 366 2 1
VERTEX: 0 0 0 0 1 0 0 2
TRACK:  5 1.38888 -0.123379 -1.68767 366 0 0 -13
TRACK:  6 -1.39442 0.192319 -4.7009 366 1 0 13
EVENT: 367 2 1
VERTEX: 0 0 0 0 1 0 0 2
TRACK:  5 0.383109 -0.775584 0.324391 367 0 0 -13
TRACK:  6 -0.286202 0.976471 6.34345 367 1 0 13
EVENT: 368 2 1
VERTEX: 0 0 0 0 1 0 0 2
TRACK:  6 -0.958164 0.908556 2.68172 368 0 0 13
TRACK:  5 1.07259 -0.793052 0.438385 368 1 0 -13
EVENT: 369 2 1
VERTEX: 0 0 0 0 1 0 0 2
TRACK:  5 -0.512374 1.23629 2.68656 369 0 0 -13
TRACK:  6 0.705184 -1.17004 0.537415 369 1 0 13
EVENT: 370 2 1
VERTEX: 0 0 0 0 1 0 0 2
TRACK:  5 -1.47338 0.371094 -1.45618 370 0 0 -13
TRACK:  6 1.39372 -0.222266 -3.06025 370 1 0 13
EVENT: 371 2 1
VERTEX: 0 0 0 0 1 0 0 2
TRACK:  5 0.118288 1.34862 8.18513 371 0 0 -13
TRACK:  6 -0.138116 -1.32322 2.57895 371 1 0 13
EVENT: 372 2 1
VERTEX: 0 0 0 0 1 0 0 2
TRACK:  6 -0.655316 1.34436 7.23516 372 0 0 13
TRACK:  5 0.688011 -1.40312 5.61355 372 1 0 -13
EVENT: 373 2 1
VERTEX: 0 0 0 0 1 0 0 2
TRACK:  5 0.00594028 -0.383495 -2.27359 373 0 0 -13
TRACK:  6 0.0348518 0.538579 0.922922 373 1 0 13
EVENT: 374 2 1
VERTEX: 0 0 0 0 1 0 0 2
TRACK:  5 -0.698696 1.31474 0.336923 374 0 0 -13
TRACK:  6 0.695083 -1.33718 -0.419611 374 1 0 13
EVENT: 375 2 1
VERTEX: 0 0 0 0 1 0 0 2
TRACK:  6 0.287952 1.21483 -3.12391 375 0 0 13
TRACK:  5 -0.432141 -1.08543 -0.215543 375 1 0 -13
EVENT: 376 2 1
VERTEX: 0 0 0 0 1 0 0 2
TRACK:  5 -0.477754 1.38714 -0.983502 376 0 0 -13
TRACK:  6 0.497704 -1.50797 -1.71967 376 1 0 13
EVENT: 377 2 1
VERTEX: 0 0 0 0 1 0 0 2
TRACK:  6 -0.85464 1.0651 1.57367 377 0 0 13
TRACK:  5 0.838814 -0.896056 -0.297416 377 1 0 -13
EVENT: 378 2 1
VERTEX: 0 0 0 0 1 0 0 2
TRACK:  5 1.60211 -0.0495208 -6.62523 378 0 0 -13
TRACK:  6 -1.44732 0.00884517 -4.21119 378 1 0 13
EVENT: 379 2 1
VERTEX: 0 0 0 0 1 0 0 2
TRACK:  6 -0.818776 -0.00342905 -0.216943 379 0 0 13
TRACK:  5 0.802505 0.00474442 3.78672 379 1 0 -13
EVENT: 380 2 1
VERTEX: 0 0 0 0 1 0 0 2
TRACK:  6 0.310436 -0.730703 -0.97922 380 0 0 13
TRACK:  5 -0.386335 0.765403 1.71361 380 1 0 -13
EVENT: 381 2 1
VERTEX: 0 0 0 0 1 0 0 2
TRACK:  6 0.723216 -0.82304 0.481509 381 0 0 13
TRACK:  5 -0.749183 0.810943 -1.91111 381 1 0 -13
EVENT: 382 2 1
VERTEX: 0 0 0 0 1 0 0 2
TRACK:  5 1.09367 -0.360304 -0.668404 382 0 0 -13
TRACK:  6 -1.09273 0.415218 1.43766 382 1 0 13
EVENT: 383 2 1
VERTEX: 0 0 0 0 1 0 0 2
TRACK:  6 0.220445 0.939345 -0.337001 383 0 0 13
TRACK:  5 -0.0880435 -0.918511 -5.53597 383 1 0 -13
EVENT: 384 2 1
VERTEX: 0 0 0 0 1 0 0 2
TRACK:  5 -0.341553 0.875815 -1.7624 384 0 0 -13
TRACK:  6 0.328635 -0.821216 -16.4166 384 1 0 13
EVENT: 385 2 1
VERTEX: 0 0 0 0 1 0 0 2
TRACK:  5 -0.733879 -1.04942 -0.992044 385 0 0 -13
TRACK:  6 0.731846 1.21842 -4.08098 385 1 0 13
EVENT: 386 2 1
VERTEX: 0 0 0 0 1 0 0 2
TRACK:  5 0.0508599 1.45109 1.77814 386 0 0 -13
TRACK:  6 -0.0605018 -1.43052 0.407104 386 1 0 13
EVENT: 387 2 1
VERTEX: 0 0 0 0 1 0 0 2
TRACK:  6 0.199407 0.816808 4.45443 387 0 0 13
TRACK:  5 -0.224995 -0.814247 -0.0467681 387 1 0 -13
EVENT: 388 2 1
VERTEX: 0 0 0 0 1 0 0 2
TRACK:  5 0.516463 0.631208 6.1578 388 0 0 -13
TRACK:  6 -0.566834 -0.598078 0.192159 388 1 0 13
EVENT: 389 2 1
VERTEX: 0 0 0 0 1 0 0 2
TRACK:  6 -1.11435 0.153557 0.0777854 389 0 0 13
TRACK:  5 1.07317 -0.156454 3.18487 389 1 0 -13
EVENT: 390 2 1
VERTEX: 0 0 0 0 1 0 0 2
TRACK:  6 -1.03565 0.796349 -12.7648 390 0 0 13
TRACK:  5 0.975704 -0.838211 -3.62059 390 1 0 -13
EVENT: 391 2 1
VERTEX: 0 0 0 0 1 0 0 2
TRACK:  6 0.129297 -1.20298 12.9791 391 0 0 13
TRACK:  5 -0.173303 1.22752 3.12732 391 1 0 -13
EVENT: 392 2 1
VERTEX: 0 0 0 0 1 0 0 2
TRACK:  6 -0.827836 1.21535 1.93565 392 0 0 13
TRACK:  5 0.816351 -1.17179 4.24623 392 1 0 -13
EVENT: 393 2 1
VERTEX: 0 0 0 0 1 0 0 2
TRACK:  6 -0.474931 -1.22449 -2.11488 393 0 0 13
TRACK:  5 0.416482 1.24487 -7.35119 393 1 0 -13
EVENT: 394 2 1
VERTEX: 0 0 0 0 1 0 0 2
TRACK:  5 -1.52811 0.309678 4.10749 394 0 0 -13
TRACK:  6 1.45242 -0.413435 3.04666 394 1 0 13
EVENT: 395 2 1
VERTEX: 0 0 0 0 1 0 0 2
TRACK:  5 0.898774 0.996232 0.216523 395 0 0 -13
TRACK:  6 -0.914234 -0.888285 2.28758 395 1 0 13
EVENT: 396 2 1
VERTEX: 0 0 0 0 1 0 0 2
TRACK:  6 -1.46192 0.305797 -3.92955 396 0 0 13
TRACK:  5 1.53294 -0.24126 -2.78554 396 1 0 -13
EVENT: 397 2 1
VERTEX: 0 0 0 0 1 0 0 2
TRACK:  5 -0.123216 -0.949865 -0.738138 397 0 0 -13
TRACK:  6 0.0650653 0.914531 1.86779 397 1 0 13
EVENT: 398 2 1
VERTEX: 0 0 0 0 1 0 0 2
TRACK:  6 -1.42425 0.524918 6.80746 398 0 0 13
TRACK:  5 1.41672 -0.609585 5.1671 398 1 0 -13
EVENT: 399 2 1
VERTEX: 0 0 0 0 1 0 0 2
TRACK:  6 -0.603562 1.06036 3.85351 399 0 0 13
TRACK:  5 0.646297 -1.05384 0.592345 399 1 0 -13
EVENT: 400 2 1
VERTEX: 0 0 0 0 1 0 0 2
TRACK:  6 -1.22526 -0.471872 -1.22774 400 0 0 13
TRACK:  5 1.20978 0.468854 0.476264 400 1 0 -13
EVENT: 401 2 1
VERTEX: 0 0 0 0 1 0 0 2
TRACK:  5 0.535688 1.25774 -0.405026 401 0 0 -13
TRACK:  6 -0.359605 -1.34437 -2.2826 401 1 0 13
EVENT: 402 2 1
VERTEX: 0 0 0 0 1 0 0 2
TRACK:  5 0.587389 -1.02808 -8.21122 402 0 0 -13
TRACK:  6 -0.499635 0.878419 -1.0123 402 1 0 13
EVENT: 403 2 1
VERTEX: 0 0 0 0 1 0 0 2
TRACK:  6 0.237725 -1.57308 3.796 403 0 0 13
TRACK:  5 -0.244447 1.47447 4.06861 403 1 0 -13
EVENT: 404 2 1
VERTEX: 0 0 0 0 1 0 0 2
TRACK:  5 -0.942068 -1.20182 2.06382 404 0 0 -13
TRACK:  6 0.978017 1.21623 2.31879 404 1 0 13
EVENT: 405 2 1
VERTEX: 0 0 0 0 1 0 0 2
TRACK:  5 -0.28474 -0.916663 1.16501 405 0 0 -13
TRACK:  6 0.35769 0.963439 10.6957 405 1 0 13
EVENT: 406 2 1
VERTEX: 0 0 0 0 1 0 0 2
TRACK:  6 0.633564 1.05009 -4.12874 406 0 0 13
TRACK:  5 -0.628991 -1.05816 -0.677038 406 1 0 -13
EVENT: 407 2 1
VERTEX: 0 0 0 0 1 0 0 2
TRACK:  5 1.21485 -0.944426 -0.909904 407 0 0 -13
TRACK:  6 -1.13287 0.972864 -0.252228 407 1 0 13
EVENT: 408 2 1
VERTEX: 0 0 0 0 1 0 0 2
TRACK:  5 0.675814 -0.274452 2.18413 408 0 0 -13
TRACK:  6 -0.575926 0.283579 -0.848383 408 1 0 13
EVENT: 409 2 1
VERTEX: 0 0 0 0 1 0 0 2
TRACK:  5 -0.765469 1.29618 -0.190494 409 0 0 -13
TRACK:  6 0.7258 -1.37713 0.232107 409 1 0 13
EVENT: 410 2 1
VERTEX: 0 0 0 0 1 0 0 2
TRACK:  6 -1.47138 -0.0160155 -4.22239 410 0 0 13
TRACK:  5 1.51364 0.0148685 -7.49969 410 1 0 -13
EVENT: 411 2 1
VERTEX: 0 0 0 0 1 0 0 2
TRACK:  6 -1.30655 0.830037 5.92968 411 0 0 13
TRACK:  5 1.31104 -0.810901 5.89845 411 1 0 -13
EVENT: 412 2 1
VERTEX: 0 0 0 0 1 0 0 2
TRACK:  6 -0.842627 0.0562631 4.53644 412 0 0 13
TRACK:  5 0.97781 -0.186583 0.160946 412 1 0 -13
EVENT: 413 2 1
VERTEX: 0 0 0 0 1 0 0 2
TRACK:  5 0.118551 -0.458289 -0.0314217 413 0 0 -13
TRACK:  6 -0.296041 0.497331 8.7186 413 1 0 13
EVENT: 414 2 1
VERTEX: 0 0 0 0 1 0 0 2
TRACK:  5 -1.43619 0.702731 0.294944 414 0 0 -13
TRACK:  6 1.34288 -0.650991 0.316386 414 1 0 13
EVENT: 415 2 1
VERTEX: 0 0 0 0 1 0 0 2
TRACK:  6 -0.427163 -1.17119 3.45663 415 0 0 13
TRACK:  5 0.37876 1.27029 13.1631 415 1 0 -13
EVENT: 416 2 1
VERTEX: 0 0 0 0 1 0 0 2
TRACK:  5 0.712011 -1.08219 -1.21909 416 0 0 -13
TRACK:  6 -0.68208 0.984951 -5.31786 416 1 0 13
EVENT: 417 2 1
VERTEX: 0 0 0 0 1 0 0 2
TRACK:  6 -0.425385 -0.00454909 1.45978 417 0 0 13
TRACK:  5 0.313782 0.120792 -1.53798 417 1 0 -13
EVENT: 418 2 1
VERTEX: 0 0 0 0 1 0 0 2
TRACK:  6 1.48135 0.471904 -1.21298 418 0 0 13
TRACK:  5 -1.46998 -0.431202 -1.01809 418 1 0 -13
EVENT: 419 2 1
VERTEX: 0 0 0 0 1 0 0 2
TRACK:  5 -0.757366 -1.23238 1.88039 419 0 0 -13
TRACK:  6 0.806513 1.0512 0.160322 419 1 0 13
EVENT: 420 2 1
VERTEX: 0 0 0 0 1 0 0 2
TRACK:  5 0.284302 -1.31631 -3.281 420 0 0 -13
TRACK:  6 -0.434255 1.30665 -0.867013 420 1 0 13
EVENT: 421 2 1
VERTEX: 0 0 0 0 1 0 0 2
TRACK:  5 0.319381 -0.50788 -0.422396 421 0 0 -13
TRACK:  6 -0.347677 0.497033 3.76721 421 1 0 13
EVENT: 422 2 1
VERTEX: 0 0 0 0 1 0 0 2
TRACK:  6 -1.36946 0.0645651 -3.3499 422 0 0 13
TRACK:  5 1.28911 0.0656928 -0.677359 422 1 0 -13
EVENT: 423 2 1
VERTEX: 0 0 0 0 1 0 0 2
TRACK:  5 -1.02152 -1.11723 0.977394 423 0 0 -13
TRACK:  6 1.01369 1.0341 0.0285459 423 1 0 13
EVENT: 424 2 1
VERTEX: 0 0 0 0 1 0 0 2
TRACK:  6 0.0775972 -0.875558 14.7204 424 0 0 13
TRACK:  5 -0.113717 0.869177 1.3096 424 1 0 -13
EVENT: 425 2 1
VERTEX: 0 0 0 0 1 0 0 2
TRACK:  6 -0.451835 1.40944 2.93696 425 0 0 13
TRACK:  5 0.403075 -1.486 1.81678 425 1 0 -13
EVENT: 426 2 1
VERTEX: 0 0 0 0 1 0 0 2
TRACK:  6 1.44127 -0.320925 -2.92485 426 0 0 13
TRACK:  5 -1.47854 0.428805 -4.9336 426 1 0 -13
EVENT: 427 2 1
VERTEX: 0 0 0 0 1 0 0 2
TRACK:  6 -0.205747 -1.12244 -15.4093 427 0 0 13
TRACK:  5 0.18175 1.14553 -3.03758 427 1 0 -13
EVENT: 428 2 1
VERTEX: 0 0 0 0 1 0 0 2
TRACK:  6 0.027239 -1.36184 -0.793002 428 0 0 13
TRACK:  5 -0.0976765 1.49279 -2.71829 428 1 0 -13
EVENT: 429 2 1
VERTEX: 0 0 0 0 1 0 0 2
TRACK:  5 -1.21407 -0.682396 0.148287 429 0 0 -13
TRACK:  6 1.16231 0.707049 1.78498 429 1 0 13
EVENT: 430 2 1
VERTEX: 0 0 0 0 1 0 0 2
TRACK:  6 0.160873 0.0578423 1.59022 430 0 0 13
TRACK:  5 -0.0491168 -0.0128699 -1.49318 430 1 0 -13
EVENT: 431 2 1
VERTEX: 0 0 0 0 1 0 0 2
TRACK:  6 -0.421336 -1.25302 -2.80472 431 0 0 13
TRACK:  5 0.55655 1.26025 -8.86227 431 1 0 -13
EVENT: 432 2 1
VERTEX: 0 0 0 0 1 0 0 2
TRACK:  5 -0.836304 1.23257 1.50473 432 0 0 -13
TRACK:  6 0.97548 -1.27276 1.61769 432 1 0 13
EVENT: 433 2 1
VERTEX: 0 0 0 0 1 0 0 2
TRACK:  5 -0.335798 0.0315317 0.191098 433 0 0 -13
TRACK:  6 0.256827 -0.128069 -7.9128 433 1 0 13
EVENT: 434 2 1
VERTEX: 0 0 0 0 1 0 0 2
TRACK:  6 -0.372449 -1.38952 -4.58005 434 0 0 13
TRACK:  5 0.424336 1.48609 -2.7491 434 1 0 -13
EVENT: 435 2 1
VERTEX: 0 0 0 0 1 0 0 2
TRACK:  5 0.527068 0.11965 -0.0252554 435 0 0 -13
TRACK:  6 -0.454469 -0.271147 7.80873 435 1 0 13
EVENT: 436 2 1
VERTEX: 0 0 0 0 1 0 0 2
TRACK:  5 0.219678 0.0177869 -1.58816 436 0 0 -13
TRACK:  6 -0.238356 0.0327335 1.46948 436 1 0 13
EVENT: 437 2 1
VERTEX: 0 0 0 0 1 0 0 2
TRACK:  6 0.0856306 0.700854 -0.507368 437 0 0 13
TRACK:  5 -0.212462 -0.740491 -11.4618 437 1 0 -13
EVENT: 438 2 1
VERTEX: 0 0 0 0 1 0 0 2
TRACK:  5 -0.311565 -1.45095 2.52931 438 0 0 -13
TRACK:  6 0.368701 1.40748 4.96498 438 1 0 13
EVENT: 439 2 1
VERTEX: 0 0 0 0 1 0 0 2
TRACK:  5 -0.679756 1.14281 -3.04678 439 0 0 -13
TRACK:  6 0.706686 -1.15441 -9.54403 439 1 0 13
EVENT: 440 2 1
VERTEX: 0 0 0 0 1 0 0 2
TRACK:  6 0.738796 -0.670833 -8.65291 440 0 0 13
TRACK:  5 -0.660805 0.792097 -1.05186 440 1 0 -13
EVENT: 441 2 1
VERTEX: 0 0 0 0 1 0 0 2
TRACK:  6 0.559705 0.869917 0.940533 441 0 0 13
TRACK:  5 -0.486562 -0.96171 -1.33972 441 1 0 -13
EVENT: 442 2 1
VERTEX: 0 0 0 0 1 0 0 2
TRACK:  6 0.827927 -0.570465 0.208444 442 0 0 13
TRACK:  5 -0.607601 0.587128 4.69584 442 1 0 -13
EVENT: 443 2 1
VERTEX: 0 0 0 0 1 0 0 2
TRACK:  6 0.550818 -0.5389 -1.06471 443 0 0 13
TRACK:  5 -0.442607 0.469344 -16.823 443 1 0 -13
EVENT: 444 2 1
VERTEX: 0 0 0 0 1 0 0 2
TRACK:  6 0.934473 -1.0548 5.06954 444 0 0 13
TRACK:  5 -0.737469 1.1205 1.57849 444 1 0 -13
EVENT: 445 2 1
VERTEX: 0 0 0 0 1 0 0 2
TRACK:  6 -0.214496 0.789571 1.26707 445 0 0 13
TRACK:  5 0.157769 -0.822736 16.6124 445 1 0 -13
EVENT: 446 2 1
VERTEX: 0 0 0 0 1 0 0 2
TRACK:  6 -0.993956 1.08784 5.6926 446 0 0 13
TRACK:  5 0.936628 -1.30018 4.83678 446 1 0 -13
EVENT: 447 2 1
VERTEX: 0 0 0 0 1 0 0 2
TRACK:  5 1.53944 -0.0834683 -1.31983 447 0 0 -13
TRACK:  6 -1.53353 0.0419277 -0.949156 447 1 0 13
EVENT: 448 2 1
VERTEX: 0 0 0 0 1 0 0 2
TRACK:  6 -1.35785 -0.597424 1.42353 448 0 0 13
TRACK:  5 1.34696 0.427879 3.30764 448 1 0 -13
EVENT: 449 2 1
VERTEX: 0 0 0 0 1 0 0 2
TRACK:  5 0.802046 -0.737923 -1.1516 449 0 0 -13
TRACK:  6 -0.844995 0.723623 1.01707 449 1 0 13
EVENT: 450 2 1
VERTEX: 0 0 0 0 1 0 0 2
TRACK:  5 1.00705 0.723605 -2.79569 450 0 0 -13
TRACK:  6 -0.888067 -0.690672 -0.0244688 450 1 0 13
EVENT: 451 2 1
VERTEX: 0 0 0 0 1 0 0 2
TRACK:  5 1.26618 -0.908622 -5.95365 451 0 0 -13
TRACK:  6 -1.18309 0.960189 -4.9631 451 1 0 13
EVENT: 452 2 1
VERTEX: 0 0 0 0 1 0 0 2
TRACK:  5 1.23863 -0.868856 -6.76199 452 0 0 -13
TRACK:  6 -1.11079 0.949652 -11.5621 452 1 0 13
EVENT: 453 2 1
VERTEX: 0 0 0 0 1 0 0 2
TRACK:  5 0.538024 1.33348 1.40629 453 0 0 -13
TRACK:  6 -0.514367 -1.23984 -0.0963904 453 1 0 13
EVENT: 454 2 1
VERTEX: 0 0 0 0 1 0 0 2
TRACK:  5 -0.170056 0.561847 -2.25829 454 0 0 -13
TRACK:  6 0.269507 -0.552982 0.860899 454 1 0 13
EVENT: 455 2 1
VERTEX: 0 0 0 0 1 0 0 2
TRACK:  6 -0.621894 0.132736 1.34162 455 0 0 13
TRACK:  5 0.761801 -0.201854 -1.40353 455 1 0 -13
EVENT: 456 2 1
VERTEX: 0 0 0 0 1 0 0 2
TRACK:  5 -0.904628 0.281029 -0.422404 456 0 0 -13
TRACK:  6 1.01421 -0.208791 -5.98975 456 1 0 13
EVENT: 457 2 1
VERTEX: 0 0 0 0 1 0 0 2
TRACK:  5 0.111015 0.455695 16.6243 457 0 0 -13
TRACK:  6 -0.0547365 -0.451143 0.25862 457 1 0 13
EVENT: 458 2 1
VERTEX: 0 0 0 0 1 0 0 2
TRACK:  5 0.576289 0.790545 0.833378 458 0 0 -13
TRACK:  6 -0.532705 -0.746726 -1.68767 458 1 0 13
EVENT: 459 2 1
VERTEX: 0 0 0 0 1 0 0 2
TRACK:  6 -1.35181 0.713834 -7.44695 459 0 0 13
TRACK:  5 1.30392 -0.724461 -4.66963 459 1 0 -13
EVENT: 460 2 1
VERTEX: 0 0 0 0 1 0 0 2
TRACK:  6 0.52129 -1.29086 9.40346 460 0 0 13
TRACK:  5 -0.621039 1.308 4.14994 460 1 0 -13
EVENT: 461 2 1
VERTEX: 0 0 0 0 1 0 0 2
TRACK:  5 0.918278 -0.294287 0.303388 461 0 0 -13
TRACK:  6 -0.889263 0.384415 5.27906 461 1 0 13
EVENT: 462 2 1
VERTEX: 0 0 0 0 1 0 0 2
TRACK:  6 0.533384 1.44172 -1.95358 462 0 0 13
TRACK:  5 -0.576713 -1.43919 -2.1716 462 1 0 -13
EVENT: 463 2 1
VERTEX: 0 0 0 0 1 0 0 2
TRACK:  6 -0.0822782 -1.57471 -2.88757 463 0 0 13
TRACK:  5 0.207546 1.50078 -2.96132 463 1 0 -13
EVENT: 464 2 1
VERTEX: 0 0 0 0 1 0 0 2
TRACK:  6 -1.49258 0.0919302 -10.0485 464 0 0 13
TRACK:  5 1.57214 -0.13582 -8.53322 464 1 0 -13
EVENT: 465 2 1
VERTEX: 0 0 0 0 1 0 0 2
TRACK:  6 -1.30941 0.130808 -0.387914 465 0 0 13
TRACK:  5 1.35119 -0.177379 -2.54993 465 1 0 -13
EVENT: 466 2 1
VERTEX: 0 0 0 0 1 0 0 2
TRACK:  5 0.860329 -0.267855 -3.16172 466 0 0 -13
TRACK:  6 -0.783022 0.233078 0.349392 466 1 0 13
EVENT: 467 2 1
VERTEX: 0 0 0 0 1 0 0 2
TRACK:  5 -0.0774339 1.23814 0.242076 467 0 0 -13
TRACK:  6 0.0439662 -1.14864 3.00833 467 1 0 13
EVENT: 468 2 1
VERTEX: 0 0 0 0 1 0 0 2
TRACK:  6 -1.23082 -0.738938 3.2489 468 0 0 13
TRACK:  5 1.08596 0.731469 8.34445 468 1 0 -13
EVENT: 469 2 1
VERTEX: 0 0 0 0 1 0 0 2
TRACK:  6 -0.451628 -1.4738 -5.52591 469 0 0 13
TRACK:  5 0.46829 1.47495 -5.86386 469 1 0 -13
EVENT: 470 2 1
VERTEX: 0 0 0 0 1 0 0 2
TRACK:  6 0.833952 -0.22811 4.5249 470 0 0 13
TRACK:  5 -0.91381 0.191147 0.0810849 470 1 0 -13
EVENT: 471 2 1
VERTEX: 0 0 0 0 1 0 0 2
TRACK:  6 0.976411 -0.331409 1.77854 471 0 0 13
TRACK:  5 -0.982801 0.289519 -0.672555 471 1 0 -13
EVENT: 472 2 1
VERTEX: 0 0 0 0 1 0 0 2
TRACK:  5 -0.653907 -0.989223 -3.16338 472 0 0 -13
TRACK:  6 0.633421 0.93023 -0.124486 472 1 0 13
EVENT: 473 2 1
VERTEX: 0 0 0 0 1 0 0 2
TRACK:  6 -1.28156 0.811914 -0.273929 473 0 0 13
TRACK:  5 1.38995 -0.719602 -0.552876 473 1 0 -13
EVENT: 474 2 1
VERTEX: 0 0 0 0 1 0 0 2
TRACK:  5 1.48157 -0.265175 -2.87628 474 0 0 -13
TRACK:  6 -1.52295 0.162834 -1.85703 474 1 0 13
EVENT: 475 2 1
VERTEX: 0 0 0 0 1 0 0 2
TRACK:  5 0.0889954 0.803459 -10.9969 475 0 0 -13
TRACK:  6 -0.104271 -0.837272 -0.792323 475 1 0 13
EVENT: 476 2 1
VERTEX: 0 0 0 0 1 0 0 2
TRACK:  5 -1.11624 -0.759771 2.90083 476 0 0 -13
TRACK:  6 1.21039 0.810779 7.95518 476 1 0 13
EVENT: 477 2 1
VERTEX: 0 0 0 0 1 0 0 2
TRACK:  5 1.12376 1.00382 -2.78573 477 0 0 -13
TRACK:  6 -1.16766 -1.05134 -3.5428 477 1 0 13
EVENT: 478 2 1
VERTEX: 0 0 0 0 1 0 0 2
TRACK:  6 0.19711 -1.10922 -1.98033 478 0 0 13
TRACK:  5 -0.0850129 1.06146 0.467762 478 1 0 -13
EVENT: 479 2 1
VERTEX: 0 0 0 0 1 0 0 2
TRACK:  6 -1.41391 0.718567 -9.53434 479 0 0 13
TRACK:  5 1.24482 -0.663709 -5.03536 479 1 0 -13
EVENT: 480 2 1
VERTEX: 0 0 0 0 1 0 0 2
TRACK:  5 -0.956433 -0.67372 1.79304 480 0 0 -13
TRACK:  6 0.911568 0.765284 9.22175 480 1 0 13
EVENT: 481 2 1
VERTEX: 0 0 0 0 1 0 0 2
TRACK:  5 -0.764517 1.32605 -8.28522 481 0 0 -13
TRACK:  6 0.82679 -1.32176 -8.79142 481 1 0 13
EVENT: 482 2 1
VERTEX: 0 0 0 0 1 0 0 2
TRACK:  5 -0.0487815 0.653496 -0.160515 482 0 0 -13
TRACK:  6 0.103938 -0.656207 5.12278 482 1 0 13
EVENT: 483 2 1
VERTEX: 0 0 0 0 1 0 0 2
TRACK:  6 1.33043 -0.113617 3.66677 483 0 0 13
TRACK:  5 -1.38016 0.28024 1.13081 483 1 0 -13
EVENT: 484 2 1
VERTEX: 0 0 0 0 1 0 0 2
TRACK:  5 0.601965 -0.55134 0.673194 484 0 0 -13
TRACK:  6 -0.538273 0.53979 -2.32098 484 1 0 13
EVENT: 485 2 1
VERTEX: 0 0 0 0 1 0 0 2
TRACK:  5 1.40365 -0.390634 -1.05275 485 0 0 -13
TRACK:  6 -1.35589 0.458967 -2.77011 485 1 0 13
EVENT: 486 2 1
VERTEX: 0 0 0 0 1 0 0 2
TRACK:  5 -0.726706 1.35966 -6.43362 486 0 0 -13
TRACK:  6 0.649931 -1.22303 -11.4401 486 1 0 13
EVENT: 487 2 1
VERTEX: 0 0 0 0 1 0 0 2
TRACK:  5 0.902811 -1.1605 0.678672 487 0 0 -13
TRACK:  6 -0.833866 1.301 1.58681 487 1 0 13
EVENT: 488 2 1
VERTEX: 0 0 0 0 1 0 0 2
TRACK:  5 1.18733 0.945117 -4.16809 488 0 0 -13
TRACK:  6 -1.25688 -0.937536 -3.82788 488 1 0 13
EVENT: 489 2 1
VERTEX: 0 0 0 0 1 0 0 2
TRACK:  6 0.478762 1.20255 -2.66704 489 0 0 13
TRACK:  5 -0.49376 -1.18701 -9.56493 489 1 0 -13
EVENT: 490 2 1
VERTEX: 0 0 0 0 1 0 0 2
TRACK:  6 1.49028 0.225981 -0.971962 490 0 0 13
TRACK:  5 -1.48785 -0.25808 -1.87859 490 1 0 -13
EVENT: 491 2 1
VERTEX: 0 0 0 0 1 0 0 2
TRACK:  6 -0.491521 -0.96721 -0.854293 491 0 0 13
TRACK:  5 0.48927 1.0998 -6.25663 491 1 0 -13
EVENT: 492 2 1
VERTEX: 0 0 0 0 1 0 0 2
TRACK:  5 -0.152481 -0.254053 5.24873 492 0 0 -13
TRACK:  6 0.253316 0.256438 -0.366296 492 1 0 13
EVENT: 493 2 1
VERTEX: 0 0 0 0 1 0 0 2
TRACK:  5 -0.104881 0.602453 -0.381781 493 0 0 -13
TRACK:  6 -0.0127434 -0.647953 -12.636 493 1 0 13
EVENT: 494 2 1
VERTEX: 0 0 0 0 1 0 0 2
TRACK:  6 -0.41499 -1.45068 -0.236157 494 0 0 13
TRACK:  5 0.316433 1.52193 -0.689459 494 1 0 -13
EVENT: 495 2 1
VERTEX: 0 0 0 0 1 0 0 2
TRACK:  6 0.236031 0.556912 -0.468971 495 0 0 13
TRACK:  5 -0.175261 -0.745312 3.43247 495 1 0 -13
EVENT: 496 2 1
VERTEX: 0 0 0 0 1 0 0 2
TRACK:  6 -0.894085 -1.29676 -0.813683 496 0 0 13
TRACK:  5 0.8017 1.28389 -0.651476 496 1 0 -13
EVENT: 497 2 1
VERTEX: 0 0 0 0 1 0 0 2
TRACK:  5 -1.03207 0.682786 6.05134 497 0 0 -13
TRACK:  6 1.099 -0.710147 1.55242 497 1 0 13
EVENT: 498 2 1
VERTEX: 0 0 0 0 1 0 0 2
TRACK:  6 1.25361 -0.47687 -1.04216 498 0 0 13
TRACK:  5 -1.18541 0.477809 0.620108 498 1 0 -13
EVENT: 499 2 1
VERTEX: 0 0 0 0 1 0 0 2
TRACK:  5 0.887241 -0.419819 3.97618 499 0 0 -13
TRACK:  6 -0.823711 0.441578 -0.00335789 499 1 0 13
EVENT: 500 2 1
VERTEX: 0 0 0 0 1 0 0 2
TRACK:  6 -0.259463 0.242861 -1.67521 500 0 0 13
TRACK:  5 0.153803 -0.328429 1.34936 500 1 0 -13
EVENT: 501 2 1
VERTEX: 0 0 0 0 1 0 0 2
TRACK:  5 -1.31591 0.263151 0.302308 501 0 0 -13
TRACK:  6 1.28015 -0.316276 2.35698 501 1 0 13
EVENT: 502 2 1
VERTEX: 0 0 0 0 1 0 0 2
TRACK:  5 -0.13888 1.20811 9.27814 502 0 0 -13
TRACK:  6 0.0860272 -1.17802 1.88657 502 1 0 13
EVENT: 503 2 1
VERTEX: 0 0 0 0 1 0 0 2
TRACK:  5 0.219311 0.698192 -1.86269 503 0 0 -13
TRACK:  6 -0.169973 -0.538734 1.05439 503 1 0 13
EVENT: 504 2 1
VERTEX: 0 0 0 0 1 0 0 2
TRACK:  6 -0.988904 0.527371 0.879656 504 0 0 13
TRACK:  5 0.949627 -0.6148 6.1415 504 1 0 -13
EVENT: 505 2 1
VERTEX: 0 0 0 0 1 0 0 2
TRACK:  6 0.108555 -0.0519827 3.55935 505 0 0 13
TRACK:  5 -0.0711616 0.0239288 -0.664214 505 1 0 -13
EVENT: 506 2 1
VERTEX: 0 0 0 0 1 0 0 2
TRACK:  5 1.14061 0.938522 -0.323769 506 0 0 -13
TRACK:  6 -1.24427 -0.783651 0.624999 506 1 0 13
EVENT: 507 2 1
VERTEX: 0 0 0 0 1 0 0 2
TRACK:  6 0.678533 -1.14498 -9.04514 507 0 0 13
TRACK:  5 -0.686579 1.21146 -3.27234 507 1 0 -13
EVENT: 508 2 1
VERTEX: 0 0 0 0 1 0 0 2
TRACK:  6 1.60717 -0.0637455 -0.376362 508 0 0 13
TRACK:  5 -1.42663 0.100722 -0.941028 508 1 0 -13
EVENT: 509 2 1
VERTEX: 0 0 0 0 1 0 0 2
TRACK:  6 0.920428 -0.265077 -10.1731 509 0 0 13
TRACK:  5 -0.855241 0.358969 -0.96535 509 1 0 -13
EVENT: 510 2 1
VERTEX: 0 0 0 0 1 0 0 2
TRACK:  5 -1.06343 -0.208912 0.147827 510 0 0 -13
TRACK:  6 1.20645 0.312673 -2.49521 510 1 0 13
EVENT: 511 2 1
VERTEX: 0 0 0 0 1 0 0 2
TRACK:  6 0.397814 -1.49389 -0.00891948 511 0 0 13
TRACK:  5 -0.498185 1.4099 0.550536 511 1 0 -13
EVENT: 512 2 1
VERTEX: 0 0 0 0 1 0 0 2
TRACK:  5 -0.602866 -0.749203 5.89926 512 0 0 -13
TRACK:  6 0.684843 0.690747 0.429658 512 1 0 13
EVENT: 513 2 1
VERTEX: 0 0 0 0 1 0 0 2
TRACK:  6 -1.18778 0.203535 -0.0528289 513 0 0 13
TRACK:  5 1.16208 -0.231423 -2.63068 513 1 0 -13
EVENT: 514 2 1
VERTEX: 0 0 0 0 1 0 0 2
TRACK:  5 -0.843742 0.676993 -0.386247 514 0 0 -13
TRACK:  6 0.827273 -0.560296 -4.67081 514 1 0 13
EVENT: 515 2 1
VERTEX: 0 0 0 0 1 0 0 2
TRACK:  6 0.719038 -0.460905 1.77315 515 0 0 13
TRACK:  5 -0.599752 0.503843 -0.949881 515 1 0 -13
EVENT: 516 2 1
VERTEX: 0 0 0 0 1 0 0 2
TRACK:  5 -0.780179 -0.973341 -3.00581 516 0 0 -13
TRACK:  6 0.687629 1.08448 -11.8466 516 1 0 13
EVENT: 517 2 1
VERTEX: 0 0 0 0 1 0 0 2
TRACK:  5 -0.843924 1.2318 -0.241109 517 0 0 -13
TRACK:  6 0.949446 -1.19652 -0.961077 517 1 0 13
EVENT: 518 2 1
VERTEX: 0 0 0 0 1 0 0 2
TRACK:  5 -0.283286 -0.753619 -13.7663 518 0 0 -13
TRACK:  6 0.293083 0.680566 -0.775232 518 1 0 13
EVENT: 519 2 1
VERTEX: 0 0 0 0 1 0 0 2
TRACK:  5 -0.00304371 -1.37017 1.44117 519 0 0 -13
TRACK:  6 0.0484936 1.38877 -0.0702623 519 1 0 13
EVENT: 520 2 1
VERTEX: 0 0 0 0 1 0 0 2
TRACK:  5 -0.80965 -1.17948 9.17979 520 0 0 -13
TRACK:  6 0.699666 1.1506 3.25931 520 1 0 13
EVENT: 521 2 1
VERTEX: 0 0 0 0 1 0 0 2
TRACK:  5 -0.581845 -0.0894533 -0.893368 521 0 0 -13
TRACK:  6 0.697799 -0.0615249 2.16536 521 1 0 13
EVENT: 522 2 1
VERTEX: 0 0 0 0 1 0 0 2
TRACK:  6 0.626482 0.751455 2.03196 522 0 0 13
TRACK:  5 -0.597381 -0.725093 -0.636086 522 1 0 -13
EVENT: 523 2 1
VERTEX: 0 0 0 0 1 0 0 2
TRACK:  6 -1.56248 -0.163497 -6.69987 523 0 0 13
TRACK:  5 1.46515 0.194935 -4.4643 523 1 0 -13
EVENT: 524 2 1
VERTEX: 0 0 0 0 1 0 0 2
TRACK:  5 -1.47825 -0.319692 0.765078 524 0 0 -13
TRACK:  6 1.47456 0.251956 0.030592 524 1 0 13
EVENT: 525 2 1
VERTEX: 0 0 0 0 1 0 0 2
TRACK:  5 -0.779339 0.170199 -0.402905 525 0 0 -13
TRACK:  6 0.881457 -0.163619 3.03225 525 1 0 13
EVENT: 526 2 1
VERTEX: 0 0 0 0 1 0 0 2
TRACK:  5 -0.163513 1.11362 -2.10741 526 0 0 -13
TRACK:  6 0.172223 -1.25929 0.135785 526 1 0 13
EVENT: 527 2 1
VERTEX: 0 0 0 0 1 0 0 2
TRACK:  6 -1.47954 0.548308 -5.6241 527 0 0 13
TRACK:  5 1.35377 -0.660377 -4.53284 527 1 0 -13
EVENT: 528 2 1
VERTEX: 0 0 0 0 1 0 0 2
TRACK:  5 0.21072 1.31033 3.25893 528 0 0 -13
TRACK:  6 -0.373374 -1.45688 1.27512 528 1 0 13
EVENT: 529 2 1
VERTEX: 0 0 0 0 1 0 0 2
TRACK:  6 -1.17182 -0.372481 -4.45708 529 0 0 13
TRACK:  5 1.11678 0.26826 -0.584172 529 1 0 -13
EVENT: 530 2 1
VERTEX: 0 0 0 0 1 0 0 2
TRACK:  5 -1.0482 1.00594 0.28302 530 0 0 -13
TRACK:  6 1.01575 -0.97037 -0.907256 530 1 0 13
EVENT: 531 2 1
VERTEX: 0 0 0 0 1 0 0 2
TRACK:  5 -0.117489 0.50055 -11.583 531 0 0 -13
TRACK:  6 0.152671 -0.624368 -0.36098 531 1 0 13
EVENT: 532 2 1
VERTEX: 0 0 0 0 1 0 0 2
TRACK:  6 -0.768073 -0.330094 -0.230233 532 0 0 13
TRACK:  5 0.753844 0.493727 3.57248 532 1 0 -13
EVENT: 533 2 1
VERTEX: 0 0 0 0 1 0 0 2
TRACK:  6 0.793366 -0.678618 -10.6235 533 0 0 13
TRACK:  5 -0.924404 0.683023 -1.87402 533 1 0 -13
EVENT: 534 2 1
VERTEX: 0 0 0 0 1 0 0 2
TRACK:  6 -0.886981 0.516437 -3.23627 534 0 0 13
TRACK:  5 0.90068 -0.438556 0.0991219 534 1 0 -13
EVENT: 535 2 1
VERTEX: 0 0 0 0 1 0 0 2
TRACK:  6 0.390938 -0.628082 -1.44207 535 0 0 13
TRACK:  5 -0.232657 0.528432 1.35809 535 1 0 -13
EVENT: 536 2 1
VERTEX: 0 0 0 0 1 0 0 2
TRACK:  5 -0.813659 0.976293 3.06681 536 0 0 -13
TRACK:  6 0.799539 -1.02818 0.491271 536 1 0 13
EVENT: 537 2 1
VERTEX: 0 0 0 0 1 0 0 2
TRACK:  6 -1.5117 -0.333444 -4.7122 537 0 0 13
TRACK:  5 1.46109 0.393484 -6.14354 537 1 0 -13
EVENT: 538 2 1
VERTEX: 0 0 0 0 1 0 0 2
TRACK:  6 -0.921325 0.175843 15.0127 538 0 0 13
TRACK:  5 0.825711 -0.235201 1.29621 538 1 0 -13
EVENT: 539 2 1
VERTEX: 0 0 0 0 1 0 0 2
TRACK:  6 -0.953784 -1.08279 -10.6548 539 0 0 13
TRACK:  5 1.0544 1.13915 -6.85324 539 1 0 -13
EVENT: 540 2 1
VERTEX: 0 0 0 0 1 0 0 2
TRACK:  6 0.0909548 0.406651 -1.02621 540 0 0 13
TRACK:  5 -0.0338243 -0.463766 2.11921 540 1 0 -13
EVENT: 541 2 1
VERTEX: 0 0 0 0 1 0 0 2
TRACK:  5 1.0907 -0.966252 -1.43047 541 0 0 -13
TRACK:  6 -1.0281 0.952496 -3.57975 541 1 0 13
EVENT: 542 2 1
VERTEX: 0 0 0 0 1 0 0 2
TRACK:  6 -0.360334 0.782377 1.38445 542 0 0 13
TRACK:  5 0.243619 -0.734896 -1.24374 542 1 0 -13
EVENT: 543 2 1
VERTEX: 0 0 0 0 1 0 0 2
TRACK:  5 1.22752 -0.228517 9.66808 543 0 0 -13
TRACK:  6 -1.31079 0.254072 2.88419 543 1 0 13
EVENT: 544 2 1
VERTEX: 0 0 0 0 1 0 0 2
TRACK:  5 0.660541 -1.25151 1.87187 544 0 0 -13
TRACK:  6 -0.770177 1.23502 4.61235 544 1 0 13
EVENT: 545 2 1
VERTEX: 0 0 0 0 1 0 0 2
TRACK:  5 0.298023 0.0870798 4.11903 545 0 0 -13
TRACK:  6 -0.466257 -0.0793836 -0.457521 545 1 0 13
EVENT: 546 2 1
VERTEX: 0 0 0 0 1 0 0 2
TRACK:  5 0.389649 -0.65664 1.47865 546 0 0 -13
TRACK:  6 -0.402526 0.67334 -1.20442 546 1 0 13
EVENT: 547 2 1
VERTEX: 0 0 0 0 1 0 0 2
TRACK:  5 -0.401581 -0.84861 -12.4287 547 0 0 -13
TRACK:  6 0.397658 0.791957 -1.11177 547 1 0 13
EVENT: 548 2 1
VERTEX: 0 0 0 0 1 0 0 2
TRACK:  6 -0.165741 1.15472 -4.20721 548 0 0 13
TRACK:  5 0.277895 -1.21417 -0.68828 548 1 0 -13
EVENT: 549 2 1
VERTEX: 0 0 0 0 1 0 0 2
TRACK:  5 -0.280262 -0.716535 4.41546 549 0 0 -13
TRACK:  6 0.373339 0.701878 -0.122263 549 1 0 13
EVENT: 550 2 1
VERTEX: 0 0 0 0 1 0 0 2
TRACK:  5 -0.239113 0.0378606 3.51905 550 0 0 -13
TRACK:  6 0.38236 -0.0590198 -0.604996 550 1 0 13
EVENT: 551 2 1
VERTEX: 0 0 0 0 1 0 0 2
TRACK:  6 -1.48316 -0.0803141 -0.30407 551 0 0 13
TRACK:  5 1.44223 0.2051 -1.37249 551 1 0 -13
EVENT: 552 2 1
VERTEX: 0 0 0 0 1 0 0 2
TRACK:  5 1.3734 -0.68653 -3.75245 552 0 0 -13
TRACK:  6 -1.35583 0.677102 -2.59566 552 1 0 13
EVENT: 553 2 1
VERTEX: 0 0 0 0 1 0 0 2
TRACK:  5 1.52857 -0.121667 8.55858 553 0 0 -13
TRACK:  6 -1.53177 0.18065 7.06551 553 1 0 13
EVENT: 554 2 1
VERTEX: 0 0 0 0 1 0 0 2
TRACK:  5 -0.3165 0.329527 -0.254677 554 0 0 -13
TRACK:  6 0.315411 -0.350741 -16.3637 554 1 0 13
EVENT: 555 2 1
VERTEX: 0 0 0 0 1 0 0 2
TRACK:  5 0.413688 0.883215 -5.60959 555 0 0 -13
TRACK:  6 -0.398277 -0.951565 -0.490978 555 1 0 13
EVENT: 556 2 1
VERTEX: 0 0 0 0 1 0 0 2
TRACK:  5 0.767033 -0.649395 -1.31379 556 0 0 -13
TRACK:  6 -0.753475 0.695325 1.02461 556 1 0 13
EVENT: 557 2 1
VERTEX: 0 0 0 0 1 0 0 2
TRACK:  5 -1.33253 0.166117 0.680073 557 0 0 -13
TRACK:  6 1.19182 -0.287868 3.40655 557 1 0 13
EVENT: 558 2 1
VERTEX: 0 0 0 0 1 0 0 2
TRACK:  5 0.43093 -0.568053 3.34282 558 0 0 -13
TRACK:  6 -0.513216 0.607333 -0.36156 558 1 0 13
EVENT: 559 2 1
VERTEX: 0 0 0 0 1 0 0 2
TRACK:  5 0.434852 -0.117926 0.371252 559 0 0 -13
TRACK:  6 -0.411321 0.126528 -4.74674 559 1 0 13
EVENT: 560 2 1
VERTEX: 0 0 0 0 1 0 0 2
TRACK:  5 0.918634 -0.067644 0.0773111 560 0 0 -13
TRACK:  6 -0.90444 0.103141 4.52592 560 1 0 13
EVENT: 561 2 1
VERTEX: 0 0 0 0 1 0 0 2
TRACK:  5 0.994577 1.13462 -1.93573 561 0 0 -13
TRACK:  6 -0.967258 -1.00959 -0.511251 561 1 0 13
EVENT: 562 2 1
VERTEX: 0 0 0 0 1 0 0 2
TRACK:  5 0.503454 -1.50381 -8.08402 562 0 0 -13
TRACK:  6 -0.562819 1.39514 -7.12488 562 1 0 13
EVENT: 563 2 1
VERTEX: 0 0 0 0 1 0 0 2
TRACK:  5 1.14919 -1.04409 -3.76648 563 0 0 -13
TRACK:  6 -1.14339 0.974153 -5.03332 563 1 0 13
EVENT: 564 2 1
VERTEX: 0 0 0 0 1 0 0 2
TRACK:  6 0.903093 0.476561 1.44949 564 0 0 13
TRACK:  5 -0.906941 -0.417801 11.2865 564 1 0 -13
EVENT: 565 2 1
VERTEX: 0 0 0 0 1 0 0 2
TRACK:  5 0.012101 -0.56501 -2.98642 565 0 0 -13
TRACK:  6 -0.0826287 0.563582 0.626277 565 1 0 13
EVENT: 566 2 1
VERTEX: 0 0 0 0 1 0 0 2
TRACK:  5 0.0689436 0.778147 -0.585415 566 0 0 -13
TRACK:  6 0.0887047 -0.733531 2.62718 566 1 0 13
EVENT: 567 2 1
VERTEX: 0 0 0 0 1 0 0 2
TRACK:  5 -0.0894468 -1.21031 -0.842802 567 0 0 -13
TRACK:  6 0.268997 1.16285 1.10867 567 1 0 13
EVENT: 568 2 1
VERTEX: 0 0 0 0 1 0 0 2
TRACK:  5 -0.573198 -1.11544 -1.14524 568 0 0 -13
TRACK:  6 0.771376 1.06957 0.594814 568 1 0 13
