EVENT: 1 2 1
VERTEX: 0 0 0 0 1 0 0 2
TRACK:  6 -0.509849 -1.09146 6.20646 1 0 0 13
TRACK:  5 0.516099 1.07252 -6.18907 1 1 0 -13
EVENT: 2 2 1
VERTEX: 0 0 0 0 1 0 0 2
TRACK:  6 0.295476 -0.05454 -0.166584 2 0 0 13
TRACK:  5 -0.299085 0.0443384 4.13036 2 1 0 -13
EVENT: 3 2 1
VERTEX: 0 0 0 0 1 0 0 2
TRACK:  6 0.236802 0.333867 1.17368 3 0 0 13
TRACK:  5 -0.234113 -0.301455 -14.5973 3 1 0 -13
EVENT: 4 2 1
VERTEX: 0 0 0 0 1 0 0 2
TRACK:  5 -3.57904 1.20416 14.1381 4 0 0 -13
TRACK:  6 3.58967 -1.189 12.1906 4 1 0 13
EVENT: 5 2 1
VERTEX: 0 0 0 0 1 0 0 2
TRACK:  5 -0.650005 -1.09082 -0.896761 5 0 0 -13
TRACK:  6 0.65307 1.09159 26.0784 5 1 0 13
EVENT: 6 2 1
VERTEX: 0 0 0 0 1 0 0 2
TRACK:  5 0.715284 -6.34137 0.111552 6 0 0 -13
TRACK:  6 -0.631356 6.35947 -7.54366 6 1 0 13
EVENT: 7 2 1
VERTEX: 0 0 0 0 1 0 0 2
TRACK:  6 1.46986 2.1233 28.7016 7 0 0 13
TRACK:  5 -1.43141 -2.013 3.38575 7 1 0 -13
EVENT: 8 2 1
VERTEX: 0 0 0 0 1 0 0 2
TRACK:  5 0.64266 0.271052 -2.77135 8 0 0 -13
TRACK:  6 -0.644127 -0.272863 4.73411 8 1 0 13
EVENT: 9 2 1
VERTEX: 0 0 0 0 1 0 0 2
TRACK:  5 0.477105 -0.284328 0.640485 9 0 0 -13
TRACK:  6 -0.481779 0.305775 -10.7569 9 1 0 13
EVENT: 10 2 1
VERTEX: 0 0 0 0 1 0 0 2
TRACK:  6 -0.099955 -0.172098 18.8042 10 0 0 13
TRACK:  5 0.0376238 0.208491 -0.131501 10 1 0 -13
EVENT: 11 2 1
VERTEX: 0 0 0 0 1 0 0 2
TRACK:  6 0.573147 0.280923 -5.46812 11 0 0 13
TRACK:  5 -0.563101 -0.280821 7.2704 11 1 0 -13
EVENT: 12 2 1
VERTEX: 0 0 0 0 1 0 0 2
TRACK:  6 -0.0741486 -0.0636936 12.3587 12 0 0 13
TRACK:  5 0.0248851 0.116349 -0.572066 12 1 0 -13
EVENT: 13 2 1
VERTEX: 0 0 0 0 1 0 0 2
TRACK:  6 1.01321 7.66818 27.5085 13 0 0 13
TRACK:  5 -0.988851 -7.67102 20.2832 13 1 0 -13
EVENT: 14 2 1
VERTEX: 0 0 0 0 1 0 0 2
TRACK:  5 0.860398 1.44966 1.94598 14 0 0 -13
TRACK:  6 -0.913135 -1.39235 -8.69747 14 1 0 13
EVENT: 15 2 1
VERTEX: 0 0 0 0 1 0 0 2
TRACK:  6 0.34759 1.24103 4.03362 15 0 0 13
TRACK:  5 -0.40066 -1.17659 -6.9463 15 1 0 -13
EVENT: 16 2 1
VERTEX: 0 0 0 0 1 0 0 2
TRACK:  5 0.0449956 0.0605726 34.0686 16 0 0 -13
TRACK:  6 -0.043593 -0.0734556 -0.742518 16 1 0 13
EVENT: 17 2 1
VERTEX: 0 0 0 0 1 0 0 2
TRACK:  5 -2.28141 -1.30319 8.85201 17 0 0 -13
TRACK:  6 2.27579 1.31642 -1.89465 17 1 0 13
EVENT: 18 2 1
VERTEX: 0 0 0 0 1 0 0 2
TRACK:  5 1.13056 1.74067 2.1804 18 0 0 -13
TRACK:  6 -1.13002 -1.77595 -9.4851 18 1 0 13
EVENT: 19 2 1
VERTEX: 0 0 0 0 1 0 0 2
TRACK:  5 0.931901 -0.258859 7.25964 19 0 0 -13
TRACK:  6 -0.897382 0.171799 -0.913381 19 1 0 13
EVENT: 20 2 1
VERTEX: 0 0 0 0 1 0 0 2
TRACK:  5 2.02693 -1.83572 0.0719589 20 0 0 -13
TRACK:  6 -2.03335 1.8548 23.9208 20 1 0 13
EVENT: 21 2 1
VERTEX: 0 0 0 0 1 0 0 2
TRACK:  5 1.6819 -2.54438 44.9053 21 0 0 -13
TRACK:  6 -1.69947 2.51134 4.04997 21 1 0 13
EVENT: 22 2 1
VERTEX: 0 0 0 0 1 0 0 2
TRACK:  5 0.120861 0.0233455 -10.431 22 0 0 -13
TRACK:  6 -0.126146 -0.0313796 7.07246 22 1 0 13
EVENT: 23 2 1
VERTEX: 0 0 0 0 1 0 0 2
TRACK:  6 1.87784 4.35857 12.0712 23 0 0 13
TRACK:  5 -1.89068 -4.38258 1.53218 23 1 0 -13
EVENT: 24 2 1
VERTEX: 0 0 0 0 1 0 0 2
TRACK:  5 -0.043705 0.051182 0.962478 24 0 0 -13
TRACK:  6 0.025027 -0.0219558 -2.08022 24 1 0 13
EVENT: 25 2 1
VERTEX: 0 0 0 0 1 0 0 2
TRACK:  5 0.104284 -0.215885 -17.1585 25 0 0 -13
TRACK:  6 -0.100249 0.184083 9.13583 25 1 0 13
EVENT: 26 2 1
VERTEX: 0 0 0 0 1 0 0 2
TRACK:  6 -0.152092 0.334133 -47.4445 26 0 0 13
TRACK:  5 0.116739 -0.294798 0.547477 26 1 0 -13
EVENT: 27 2 1
VERTEX: 0 0 0 0 1 0 0 2
TRACK:  6 -3.65167 3.43613 -7.76139 27 0 0 13
TRACK:  5 3.60317 -3.52395 -0.380577 27 1 0 -13
EVENT: 28 2 1
VERTEX: 0 0 0 0 1 0 0 2
TRACK:  5 0.976317 2.29126 -0.000981156 28 0 0 -13
TRACK:  6 -0.963071 -2.28093 -37.4781 28 1 0 13
EVENT: 29 2 1
VERTEX: 0 0 0 0 1 0 0 2
TRACK:  6 0.119565 0.000696765 2.49787 29 0 0 13
TRACK:  5 -0.00350544 -0.0390925 -16.011 29 1 0 -13
EVENT: 30 2 1
VERTEX: 0 0 0 0 1 0 0 2
TRACK:  5 0.0999476 0.0752638 -23.6283 30 0 0 -13
TRACK:  6 -0.0674392 -0.0885532 4.21578 30 1 0 13
EVENT: 31 2 1
VERTEX: 0 0 0 0 1 0 0 2
TRACK:  5 -0.746742 -0.33418 6.63331 31 0 0 -13
TRACK:  6 0.724916 0.372912 -15.7036 31 1 0 13
EVENT: 32 2 1
VERTEX: 0 0 0 0 1 0 0 2
TRACK:  6 2.12547 -3.16853 -1.5669 32 0 0 13
TRACK:  5 -2.07522 3.18703 5.19481 32 1 0 -13
EVENT: 33 2 1
VERTEX: 0 0 0 0 1 0 0 2
TRACK:  6 7.13815 1.37294 -6.40162 33 0 0 13
TRACK:  5 -7.10506 -1.36704 -3.52643 33 1 0 -13
EVENT: 34 2 1
VERTEX: 0 0 0 0 1 0 0 2
TRACK:  5 0.0180458 -0.193889 -4.00969 34 0 0 -13
TRACK:  6 -0.0152479 0.21796 3.64834 34 1 0 13
EVENT: 35 2 1
VERTEX: 0 0 0 0 1 0 0 2
TRACK:  5 0.635301 0.534908 -3.70624 35 0 0 -13
TRACK:  6 -0.638757 -0.530768 3.83118 35 1 0 13
EVENT: 36 2 1
VERTEX: 0 0 0 0 1 0 0 2
TRACK:  5 0.400401 1.24053 10.0788 36 0 0 -13
TRACK:  6 -0.257984 -1.23336 -6.12832 36 1 0 13
EVENT: 37 2 1
VERTEX: 0 0 0 0 1 0 0 2
TRACK:  6 -0.0699577 0.804653 -28.5149 37 0 0 13
TRACK:  5 0.0572864 -0.830605 0.547506 37 1 0 -13
EVENT: 38 2 1
VERTEX: 0 0 0 0 1 0 0 2
TRACK:  5 -1.0776 0.755666 -7.38662 38 0 0 -13
TRACK:  6 1.1248 -0.73924 3.90092 38 1 0 13
EVENT: 39 2 1
VERTEX: 0 0 0 0 1 0 0 2
TRACK:  5 -0.417554 -0.0897102 -0.493282 39 0 0 -13
TRACK:  6 0.398154 0.0705741 21.3996 39 1 0 13
EVENT: 40 2 1
VERTEX: 0 0 0 0 1 0 0 2
TRACK:  6 0.0445531 0.0508889 -130.503 40 0 0 13
TRACK:  5 0.0340336 0.0139866 2.45533 40 1 0 -13
