EVENT: 1 2 1
VERTEX: 0 0 0 0 1 0 0 2
TRACK:  5 0.841183 0.660631 -11.0465 1 0 0 -13
TRACK:  6 -0.786095 -0.830134 -1.94999 1 1 0 13
EVENT: 2 2 1
VERTEX: 0 0 0 0 1 0 0 2
TRACK:  5 -0.973218 -1.18009 1.00571 2 0 0 -13
TRACK:  6 0.748329 1.23768 2.15386 2 1 0 13
EVENT: 3 2 1
VERTEX: 0 0 0 0 1 0 0 2
TRACK:  6 0.085633 -0.754516 3.61234 3 0 0 13
TRACK:  5 -0.140123 0.556799 -0.450817 3 1 0 -13
EVENT: 4 2 1
VERTEX: 0 0 0 0 1 0 0 2
TRACK:  5 -0.539017 -1.27811 -1.62903 4 0 0 -13
TRACK:  6 0.593334 1.41923 -3.95575 4 1 0 13
EVENT: 5 2 1
VERTEX: 0 0 0 0 1 0 0 2
TRACK:  5 0.387883 1.41186 -12.5844 5 0 0 -13
TRACK:  6 -0.361208 -1.39572 -6.05213 5 1 0 13
EVENT: 6 2 1
VERTEX: 0 0 0 0 1 0 0 2
TRACK:  6 -0.95831 -0.264882 0.253152 6 0 0 13
TRACK:  5 0.858803 0.305228 -2.90764 6 1 0 -13
EVENT: 7 2 1
VERTEX: 0 0 0 0 1 0 0 2
TRACK:  6 0.342542 1.40899 -1.62827 7 0 0 13
TRACK:  5 -0.354104 -1.48651 -0.65773 7 1 0 -13
EVENT: 8 2 1
VERTEX: 0 0 0 0 1 0 0 2
TRACK:  5 0.909 -1.17973 -0.391802 8 0 0 -13
TRACK:  6 -0.998394 1.12451 0.382073 8 1 0 13
EVENT: 9 2 1
VERTEX: 0 0 0 0 1 0 0 2
TRACK:  6 0.968956 -0.134691 5.65186 9 0 0 13
TRACK:  5 -0.942899 0.13851 0.357029 9 1 0 -13
EVENT: 10 2 1
VERTEX: 0 0 0 0 1 0 0 2
TRACK:  6 0.578695 -0.501791 -1.17564 10 0 0 13
TRACK:  5 -0.447403 0.530936 1.56723 10 1 0 -13
EVENT: 11 2 1
VERTEX: 0 0 0 0 1 0 0 2
TRACK:  5 0.546317 0.218338 -0.0733977 11 0 0 -13
TRACK:  6 -0.600988 -0.123549 6.5284 11 1 0 13
EVENT: 12 2 1
VERTEX: 0 0 0 0 1 0 0 2
TRACK:  6 -0.165216 1.12333 0.381729 12 0 0 13
TRACK:  5 0.135567 -1.05046 4.16782 12 1 0 -13
EVENT: 13 2 1
VERTEX: 0 0 0 0 1 0 0 2
TRACK:  5 -0.983214 0.435628 1.39294 13 0 0 -13
TRACK:  6 0.994932 -0.560097 -0.792817 13 1 0 13
EVENT: 14 2 1
VERTEX: 0 0 0 0 1 0 0 2
TRACK:  6 -0.514782 0.754485 -1.35907 14 0 0 13
TRACK:  5 0.58149 -0.658209 1.16684 14 1 0 -13
EVENT: 15 2 1
VERTEX: 0 0 0 0 1 0 0 2
TRACK:  5 0.0169751 -1.2594 2.03924 15 0 0 -13
TRACK:  6 0.0164424 1.18239 8.61432 15 1 0 13
EVENT: 16 2 1
VERTEX: 0 0 0 0 1 0 0 2
TRACK:  5 -0.460767 1.49195 -7.26212 16 0 0 -13
TRACK:  6 0.45455 -1.45244 -6.19667 16 1 0 13
EVENT: 17 2 1
VERTEX: 0 0 0 0 1 0 0 2
TRACK:  6 -0.230299 -0.0439372 -3.47733 17 0 0 13
TRACK:  5 0.244014 -0.135319 0.647063 17 1 0 -13
EVENT: 18 2 1
VERTEX: 0 0 0 0 1 0 0 2
TRACK:  6 0.783427 -1.29284 -3.55149 18 0 0 13
TRACK:  5 -0.769858 1.20234 -1.57306 18 1 0 -13
EVENT: 19 2 1
VERTEX: 0 0 0 0 1 0 0 2
TRACK:  5 -0.764146 -1.04586 -6.83426 19 0 0 -13
TRACK:  6 0.747588 0.992562 -1.60198 19 1 0 13
EVENT: 20 2 1
VERTEX: 0 0 0 0 1 0 0 2
TRACK:  5 1.34923 -0.212931 0.417572 20 0 0 -13
TRACK:  6 -1.45967 0.040219 2.12137 20 1 0 13
EVENT: 21 2 1
VERTEX: 0 0 0 0 1 0 0 2
TRACK:  6 -1.47094 0.383186 -1.85828 21 0 0 13
TRACK:  5 1.35038 -0.519527 -0.665102 21 1 0 -13
EVENT: 22 2 1
VERTEX: 0 0 0 0 1 0 0 2
TRACK:  5 -0.37304 1.24037 3.6018 22 0 0 -13
TRACK:  6 0.474866 -1.26212 0.858555 22 1 0 13
EVENT: 23 2 1
VERTEX: 0 0 0 0 1 0 0 2
TRACK:  6 0.620377 -0.993703 -3.16521 23 0 0 13
TRACK:  5 -0.725226 1.08219 -0.442489 23 1 0 -13
EVENT: 24 2 1
VERTEX: 0 0 0 0 1 0 0 2
TRACK:  6 -0.024051 0.518309 14.1207 24 0 0 13
TRACK:  5 -0.124134 -0.478229 0.236985 24 1 0 -13
EVENT: 25 2 1
VERTEX: 0 0 0 0 1 0 0 2
TRACK:  6 0.884668 0.0939031 -8.30941 25 0 0 13
TRACK:  5 -0.851349 -0.176016 -0.565192 25 1 0 -13
EVENT: 26 2 1
VERTEX: 0 0 0 0 1 0 0 2
TRACK:  5 0.0361794 -1.00497 0.320004 26 0 0 -13
TRACK:  6 -0.0955044 0.942601 5.0487 26 1 0 13
EVENT: 27 2 1
VERTEX: 0 0 0 0 1 0 0 2
TRACK:  6 0.853623 -1.10831 -2.33066 27 0 0 13
TRACK:  5 -0.769875 1.05673 -6.69748 27 1 0 -13
EVENT: 28 2 1
VERTEX: 0 0 0 0 1 0 0 2
TRACK:  6 -1.02717 0.176995 1.02165 28 0 0 13
TRACK:  5 0.924889 -0.205844 -1.34996 28 1 0 -13
EVENT: 29 2 1
VERTEX: 0 0 0 0 1 0 0 2
TRACK:  5 -0.232497 0.73883 -0.458174 29 0 0 -13
TRACK:  6 0.247858 -0.798357 2.95389 29 1 0 13
EVENT: 30 2 1
VERTEX: 0 0 0 0 1 0 0 2
TRACK:  6 -0.343898 0.251649 -5.28973 30 0 0 13
TRACK:  5 0.205563 -0.279458 0.362935 30 1 0 -13
EVENT: 31 2 1
VERTEX: 0 0 0 0 1 0 0 2
TRACK:  5 1.11557 0.78193 -8.83959 31 0 0 -13
TRACK:  6 -1.09662 -0.776852 -2.92368 31 1 0 13
EVENT: 32 2 1
VERTEX: 0 0 0 0 1 0 0 2
TRACK:  5 -0.935309 -0.383556 -3.36212 32 0 0 -13
TRACK:  6 1.02062 0.448115 -0.0851369 32 1 0 13
EVENT: 33 2 1
VERTEX: 0 0 0 0 1 0 0 2
TRACK:  6 -1.31888 0.0316063 -10.7853 33 0 0 13
TRACK:  5 1.25437 -0.234642 -2.95624 33 1 0 -13
EVENT: 34 2 1
VERTEX: 0 0 0 0 1 0 0 2
TRACK:  6 -0.936508 1.0208 -6.2615 34 0 0 13
TRACK:  5 0.897271 -1.09024 -2.4205 34 1 0 -13
EVENT: 35 2 1
VERTEX: 0 0 0 0 1 0 0 2
TRACK:  6 1.24927 0.529843 4.29338 35 0 0 13
TRACK:  5 -1.23412 -0.481559 12.7022 35 1 0 -13
EVENT: 36 2 1
VERTEX: 0 0 0 0 1 0 0 2
TRACK:  6 0.643406 -0.595793 -0.171395 36 0 0 13
TRACK:  5 -0.713114 0.664054 -5.28406 36 1 0 -13
EVENT: 37 2 1
VERTEX: 0 0 0 0 1 0 0 2
TRACK:  5 0.994748 0.922355 -11.5072 37 0 0 -13
TRACK:  6 -0.810458 -1.07336 -3.81589 37 1 0 13
EVENT: 38 2 1
VERTEX: 0 0 0 0 1 0 0 2
TRACK:  5 1.16538 -1.0873 -6.81261 38 0 0 -13
TRACK:  6 -1.01649 1.09983 -5.95171 38 1 0 13
EVENT: 39 2 1
VERTEX: 0 0 0 0 1 0 0 2
TRACK:  5 -0.928255 0.980572 -1.04423 39 0 0 -13
TRACK:  6 1.12193 -0.941877 -3.46748 39 1 0 13
EVENT: 40 2 1
VERTEX: 0 0 0 0 1 0 0 2
TRACK:  6 -1.01197 -1.09749 -1.25929 40 0 0 13
TRACK:  5 1.09993 1.09674 -2.09673 40 1 0 -13
EVENT: 41 2 1
VERTEX: 0 0 0 0 1 0 0 2
TRACK:  5 -0.484705 1.00059 0.430508 41 0 0 -13
TRACK:  6 0.356196 -1.13375 -1.88215 41 1 0 13
EVENT: 42 2 1
VERTEX: 0 0 0 0 1 0 0 2
TRACK:  5 -0.0811438 1.21643 -3.38719 42 0 0 -13
TRACK:  6 0.0942913 -1.37582 -0.763892 42 1 0 13
EVENT: 43 2 1
VERTEX: 0 0 0 0 1 0 0 2
TRACK:  6 -0.699776 0.287283 -0.965935 43 0 0 13
TRACK:  5 0.656527 -0.235161 -15.9641 43 1 0 -13
EVENT: 44 2 1
VERTEX: 0 0 0 0 1 0 0 2
TRACK:  5 -0.790567 -0.781773 1.55064 44 0 0 -13
TRACK:  6 0.873142 0.78842 9.24996 44 1 0 13
EVENT: 45 2 1
VERTEX: 0 0 0 0 1 0 0 2
TRACK:  6 -0.915424 1.24245 1.49641 45 0 0 13
TRACK:  5 1.01653 -1.07992 2.47971 45 1 0 -13
EVENT: 46 2 1
VERTEX: 0 0 0 0 1 0 0 2
TRACK:  6 -0.145271 0.47942 -13.5455 46 0 0 13
TRACK:  5 0.116984 -0.626392 -0.468989 46 1 0 -13
EVENT: 47 2 1
VERTEX: 0 0 0 0 1 0 0 2
TRACK:  6 -1.41651 -0.422386 -5.14799 47 0 0 13
TRACK:  5 1.38702 0.404093 -2.42617 47 1 0 -13
EVENT: 48 2 1
VERTEX: 0 0 0 0 1 0 0 2
TRACK:  6 -0.115495 1.60616 2.63775 48 0 0 13
TRACK:  5 0.0635868 -1.39382 3.94751 48 1 0 -13
EVENT: 49 2 1
VERTEX: 0 0 0 0 1 0 0 2
TRACK:  5 -1.5524 0.119236 0.99046 49 0 0 -13
TRACK:  6 1.50847 -0.223681 0.692959 49 1 0 13
EVENT: 50 2 1
VERTEX: 0 0 0 0 1 0 0 2
TRACK:  5 -0.368632 -0.518202 0.121654 50 0 0 -13
TRACK:  6 0.361843 0.478884 -5.63294 50 1 0 13
EVENT: 51 2 1
VERTEX: 0 0 0 0 1 0 0 2
TRACK:  6 -0.662951 0.840543 -0.781578 51 0 0 13
TRACK:  5 0.651029 -0.7784 1.56037 51 1 0 -13
EVENT: 52 2 1
VERTEX: 0 0 0 0 1 0 0 2
TRACK:  6 0.248104 -1.57056 -1.45692 52 0 0 13
TRACK:  5 -0.250217 1.47958 -1.4326 52 1 0 -13
EVENT: 53 2 1
VERTEX: 0 0 0 0 1 0 0 2
TRACK:  6 0.896907 1.20499 -11.0839 53 0 0 13
TRACK:  5 -0.838798 -1.26889 -7.31809 53 1 0 -13
EVENT: 54 2 1
VERTEX: 0 0 0 0 1 0 0 2
TRACK:  6 -1.0073 -1.07637 -0.655001 54 0 0 13
TRACK:  5 0.982142 1.25843 -1.1789 54 1 0 -13
EVENT: 55 2 1
VERTEX: 0 0 0 0 1 0 0 2
TRACK:  6 -0.957467 0.310979 -0.27648 55 0 0 13
TRACK:  5 0.939558 -0.268086 2.7318 55 1 0 -13
EVENT: 56 2 1
VERTEX: 0 0 0 0 1 0 0 2
TRACK:  6 1.31128 0.778935 0.959645 56 0 0 13
TRACK:  5 -1.25881 -0.759408 1.95348 56 1 0 -13
EVENT: 57 2 1
VERTEX: 0 0 0 0 1 0 0 2
TRACK:  6 1.2954 1.02911 -2.95484 57 0 0 13
TRACK:  5 -1.16176 -0.855102 -2.71267 57 1 0 -13
EVENT: 58 2 1
VERTEX: 0 0 0 0 1 0 0 2
TRACK:  6 0.778601 -1.42093 5.48732 58 0 0 13
TRACK:  5 -0.774454 1.25211 4.65672 58 1 0 -13
EVENT: 59 2 1
VERTEX: 0 0 0 0 1 0 0 2
TRACK:  6 0.733919 -0.547315 5.88602 59 0 0 13
TRACK:  5 -0.826147 0.510107 0.409694 59 1 0 -13
EVENT: 60 2 1
VERTEX: 0 0 0 0 1 0 0 2
TRACK:  5 0.952571 -0.293035 -1.4059 60 0 0 -13
TRACK:  6 -1.04205 0.117883 0.938953 60 1 0 13
EVENT: 61 2 1
VERTEX: 0 0 0 0 1 0 0 2
TRACK:  6 -0.192541 0.38498 11.3804 61 0 0 13
TRACK:  5 0.16589 -0.389844 0.0337927 61 1 0 -13
EVENT: 62 2 1
VERTEX: 0 0 0 0 1 0 0 2
TRACK:  6 0.749087 -0.994351 3.2553 62 0 0 13
TRACK:  5 -0.801764 0.921551 0.36705 62 1 0 -13
EVENT: 63 2 1
VERTEX: 0 0 0 0 1 0 0 2
TRACK:  5 -0.553748 0.365671 3.87393 63 0 0 -13
TRACK:  6 0.479137 -0.255817 -0.430717 63 1 0 13
EVENT: 64 2 1
VERTEX: 0 0 0 0 1 0 0 2
TRACK:  6 0.995479 -0.785711 0.953558 64 0 0 13
TRACK:  5 -0.962641 0.873012 -0.76882 64 1 0 -13
EVENT: 65 2 1
VERTEX: 0 0 0 0 1 0 0 2
TRACK:  6 0.386401 -1.32476 -2.81724 65 0 0 13
TRACK:  5 -0.458159 1.32205 -0.768947 65 1 0 -13
EVENT: 66 2 1
VERTEX: 0 0 0 0 1 0 0 2
TRACK:  6 -1.47037 -0.0730259 -1.16131 66 0 0 13
TRACK:  5 1.42054 -0.024626 0.0182147 66 1 0 -13
EVENT: 67 2 1
VERTEX: 0 0 0 0 1 0 0 2
TRACK:  6 1.00039 0.301291 0.116145 67 0 0 13
TRACK:  5 -0.897705 -0.280187 3.91625 67 1 0 -13
EVENT: 68 2 1
VERTEX: 0 0 0 0 1 0 0 2
TRACK:  6 -0.888573 -0.423771 -1.9914 68 0 0 13
TRACK:  5 0.965877 0.409556 0.554005 68 1 0 -13
EVENT: 69 2 1
VERTEX: 0 0 0 0 1 0 0 2
TRACK:  5 0.759761 -0.0339956 0.336448 69 0 0 -13
TRACK:  6 -0.8655 -0.0339822 8.14751 69 1 0 13
EVENT: 70 2 1
VERTEX: 0 0 0 0 1 0 0 2
TRACK:  5 -0.333067 -0.103452 0.125292 70 0 0 -13
TRACK:  6 0.192337 0.0992806 -9.22135 70 1 0 13
EVENT: 71 2 1
VERTEX: 0 0 0 0 1 0 0 2
TRACK:  6 -0.717444 -0.166574 11.1762 71 0 0 13
TRACK:  5 0.775044 0.186114 0.679451 71 1 0 -13
EVENT: 72 2 1
VERTEX: 0 0 0 0 1 0 0 2
TRACK:  5 -0.429452 -0.757969 0.0292309 72 0 0 -13
TRACK:  6 0.442721 0.645661 4.76886 72 1 0 13
EVENT: 73 2 1
VERTEX: 0 0 0 0 1 0 0 2
TRACK:  6 -0.775582 -0.80035 0.00310179 73 0 0 13
TRACK:  5 0.797558 0.736175 3.01164 73 1 0 -13
EVENT: 74 2 1
VERTEX: 0 0 0 0 1 0 0 2
TRACK:  5 0.554004 -1.31304 1.07943 74 0 0 -13
TRACK:  6 -0.660893 1.38822 2.57609 74 1 0 13
EVENT: 75 2 1
VERTEX: 0 0 0 0 1 0 0 2
TRACK:  6 0.709701 1.32052 -0.776243 75 0 0 13
TRACK:  5 -0.69073 -1.37448 -0.192393 75 1 0 -13
EVENT: 76 2 1
VERTEX: 0 0 0 0 1 0 0 2
TRACK:  6 -0.151576 -1.48871 -2.43734 76 0 0 13
TRACK:  5 0.127557 1.52721 -1.49298 76 1 0 -13
EVENT: 77 2 1
VERTEX: 0 0 0 0 1 0 0 2
TRACK:  5 -1.14911 -0.296449 -1.48097 77 0 0 -13
TRACK:  6 1.17779 0.238435 0.561289 77 1 0 13
EVENT: 78 2 1
VERTEX: 0 0 0 0 1 0 0 2
TRACK:  5 1.08736 0.060127 0.833458 78 0 0 -13
TRACK:  6 -1.1073 -0.0935597 6.34843 78 1 0 13
EVENT: 79 2 1
VERTEX: 0 0 0 0 1 0 0 2
TRACK:  6 1.2466 0.549881 -0.646989 79 0 0 13
TRACK:  5 -1.33943 -0.552929 -2.58399 79 1 0 -13
EVENT: 80 2 1
VERTEX: 0 0 0 0 1 0 0 2
TRACK:  6 0.0927558 -1.1239 1.5781 80 0 0 13
TRACK:  5 -0.0731853 1.07059 -0.68953 80 1 0 -13
EVENT: 81 2 1
VERTEX: 0 0 0 0 1 0 0 2
TRACK:  6 -0.196582 -0.33265 4.11261 81 0 0 13
TRACK:  5 0.28645 0.398881 -0.443791 81 1 0 -13
EVENT: 82 2 1
VERTEX: 0 0 0 0 1 0 0 2
TRACK:  6 -1.13762 -0.8489 1.77659 82 0 0 13
TRACK:  5 1.10459 0.924155 0.364428 82 1 0 -13
EVENT: 83 2 1
VERTEX: 0 0 0 0 1 0 0 2
TRACK:  6 -0.135796 1.54453 -0.0182552 83 0 0 13
TRACK:  5 0.326462 -1.48024 0.410131 83 1 0 -13
EVENT: 84 2 1
VERTEX: 0 0 0 0 1 0 0 2
TRACK:  6 0.811206 0.469027 -0.236037 84 0 0 13
TRACK:  5 -0.762778 -0.410077 -5.30421 84 1 0 -13
EVENT: 85 2 1
VERTEX: 0 0 0 0 1 0 0 2
TRACK:  6 0.541608 -0.750341 0.253623 85 0 0 13
TRACK:  5 -0.50956 0.842697 -3.05703 85 1 0 -13
EVENT: 86 2 1
VERTEX: 0 0 0 0 1 0 0 2
TRACK:  5 1.37196 0.407332 10.3737 86 0 0 -13
TRACK:  6 -1.34158 -0.437232 4.38342 86 1 0 13
EVENT: 87 2 1
VERTEX: 0 0 0 0 1 0 0 2
TRACK:  5 -0.652565 -1.02484 1.66439 87 0 0 -13
TRACK:  6 0.635123 0.961615 -0.480104 87 1 0 13
EVENT: 88 2 1
VERTEX: 0 0 0 0 1 0 0 2
TRACK:  5 -0.461593 -1.08641 -0.739572 88 0 0 -13
TRACK:  6 0.392341 1.0954 -4.90005 88 1 0 13
EVENT: 89 2 1
VERTEX: 0 0 0 0 1 0 0 2
TRACK:  6 -0.24426 -1.27663 -3.88961 89 0 0 13
TRACK:  5 0.301417 1.35403 -12.5301 89 1 0 -13
EVENT: 90 2 1
VERTEX: 0 0 0 0 1 0 0 2
TRACK:  6 0.582598 -0.865688 -2.9236 90 0 0 13
TRACK:  5 -0.473007 0.791982 0.277959 90 1 0 -13
EVENT: 91 2 1
VERTEX: 0 0 0 0 1 0 0 2
TRACK:  6 -0.936095 1.27699 -0.817487 91 0 0 13
TRACK:  5 0.882235 -1.14777 -0.133687 91 1 0 -13
EVENT: 92 2 1
VERTEX: 0 0 0 0 1 0 0 2
TRACK:  6 -0.246059 1.02941 -0.132374 92 0 0 13
TRACK:  5 0.249651 -1.05109 2.84533 92 1 0 -13
EVENT: 93 2 1
VERTEX: 0 0 0 0 1 0 0 2
TRACK:  5 -1.04018 0.00957206 0.477941 93 0 0 -13
TRACK:  6 0.993381 0.0146533 5.42881 93 1 0 13
EVENT: 94 2 1
VERTEX: 0 0 0 0 1 0 0 2
TRACK:  6 1.16176 -0.655539 0.287188 94 0 0 13
TRACK:  5 -1.04958 0.668274 2.52163 94 1 0 -13
EVENT: 95 2 1
VERTEX: 0 0 0 0 1 0 0 2
TRACK:  6 0.412365 0.564343 8.11973 95 0 0 13
TRACK:  5 -0.401634 -0.589006 0.232044 95 1 0 -13
EVENT: 96 2 1
VERTEX: 0 0 0 0 1 0 0 2
TRACK:  6 -1.2485 -0.2142 0.513535 96 0 0 13
TRACK:  5 1.34863 0.189162 -1.16584 96 1 0 -13
EVENT: 97 2 1
VERTEX: 0 0 0 0 1 0 0 2
TRACK:  6 0.252896 0.172752 0.140042 97 0 0 13
TRACK:  5 -0.372035 -0.244789 -9.42018 97 1 0 -13
EVENT: 98 2 1
VERTEX: 0 0 0 0 1 0 0 2
TRACK:  6 1.34479 0.220836 -3.41844 98 0 0 13
TRACK:  5 -1.38279 -0.355135 -1.1347 98 1 0 -13
EVENT: 99 2 1
VERTEX: 0 0 0 0 1 0 0 2
TRACK:  6 -0.919092 0.16564 1.37658 99 0 0 13
TRACK:  5 0.948656 -0.248112 -1.0594 99 1 0 -13
EVENT: 100 2 1
VERTEX: 0 0 0 0 1 0 0 2
TRACK:  6 -0.968387 -0.478205 -1.62564 100 0 0 13
TRACK:  5 0.923371 0.43884 -10.902 100 1 0 -13
EVENT: 101 2 1
VERTEX: 0 0 0 0 1 0 0 2
TRACK:  5 -0.0378857 -0.459316 -0.0741396 101 0 0 -13
TRACK:  6 -0.0281357 0.467191 8.25673 101 1 0 13
EVENT: 102 2 1
VERTEX: 0 0 0 0 1 0 0 2
TRACK:  5 1.11324 0.857243 1.6143 102 0 0 -13
TRACK:  6 -1.13519 -0.762804 0.0460105 102 1 0 13
EVENT: 103 2 1
VERTEX: 0 0 0 0 1 0 0 2
TRACK:  5 -0.0202329 -1.52927 5.96263 103 0 0 -13
TRACK:  6 0.0426179 1.54104 4.78175 103 1 0 13
EVENT: 104 2 1
VERTEX: 0 0 0 0 1 0 0 2
TRACK:  6 0.542729 0.382371 -3.38765 104 0 0 13
TRACK:  5 -0.464792 -0.416632 0.480585 104 1 0 -13
EVENT: 105 2 1
VERTEX: 0 0 0 0 1 0 0 2
TRACK:  5 0.655826 1.2818 1.24544 105 0 0 -13
TRACK:  6 -0.57514 -1.30615 -0.00345118 105 1 0 13
EVENT: 106 2 1
VERTEX: 0 0 0 0 1 0 0 2
TRACK:  5 -0.115401 0.729066 -0.574096 106 0 0 -13
TRACK:  6 0.190829 -0.785287 2.69007 106 1 0 13
EVENT: 107 2 1
VERTEX: 0 0 0 0 1 0 0 2
TRACK:  6 -1.48925 -0.266452 -1.79832 107 0 0 13
TRACK:  5 1.51485 0.181961 -2.83577 107 1 0 -13
EVENT: 108 2 1
VERTEX: 0 0 0 0 1 0 0 2
TRACK:  5 -0.331391 1.00378 0.49964 108 0 0 -13
TRACK:  6 0.353756 -1.08983 -1.91057 108 1 0 13
EVENT: 109 2 1
VERTEX: 0 0 0 0 1 0 0 2
TRACK:  5 1.39252 -0.605531 0.896376 109 0 0 -13
TRACK:  6 -1.36835 0.567885 0.106625 109 1 0 13
EVENT: 110 2 1
VERTEX: 0 0 0 0 1 0 0 2
TRACK:  6 -0.710067 1.4554 -2.8388 110 0 0 13
TRACK:  5 0.506426 -1.38063 -2.19319 110 1 0 -13
EVENT: 111 2 1
VERTEX: 0 0 0 0 1 0 0 2
TRACK:  6 0.316085 -1.16157 -1.5636 111 0 0 13
TRACK:  5 -0.385275 1.27541 0.302476 111 1 0 -13
EVENT: 112 2 1
VERTEX: 0 0 0 0 1 0 0 2
TRACK:  6 0.886921 0.956472 5.22866 112 0 0 13
TRACK:  5 -0.844522 -0.950131 1.22556 112 1 0 -13
EVENT: 113 2 1
VERTEX: 0 0 0 0 1 0 0 2
TRACK:  6 -0.4843 1.42962 -5.30169 113 0 0 13
TRACK:  5 0.340476 -1.54408 -4.96059 113 1 0 -13
EVENT: 114 2 1
VERTEX: 0 0 0 0 1 0 0 2
TRACK:  6 -1.10057 -1.10548 1.15453 114 0 0 13
TRACK:  5 0.925407 1.15472 1.89157 114 1 0 -13
EVENT: 115 2 1
VERTEX: 0 0 0 0 1 0 0 2
TRACK:  5 0.458272 -1.12888 0.323199 115 0 0 -13
TRACK:  6 -0.385133 1.11489 3.27794 115 1 0 13
EVENT: 116 2 1
VERTEX: 0 0 0 0 1 0 0 2
TRACK:  6 1.13808 0.499502 7.06075 116 0 0 13
TRACK:  5 -1.14904 -0.524694 1.69001 116 1 0 -13
EVENT: 117 2 1
VERTEX: 0 0 0 0 1 0 0 2
TRACK:  5 -1.23247 -0.424484 -4.04914 117 0 0 -13
TRACK:  6 1.30157 0.370617 -1.0695 117 1 0 13
EVENT: 118 2 1
VERTEX: 0 0 0 0 1 0 0 2
TRACK:  6 -0.76482 -0.917495 0.174913 118 0 0 13
TRACK:  5 0.811817 0.834791 3.02176 118 1 0 -13
EVENT: 119 2 1
VERTEX: 0 0 0 0 1 0 0 2
TRACK:  5 -0.682683 -1.12546 -1.12852 119 0 0 -13
TRACK:  6 0.708611 1.22077 0.349477 119 1 0 13
EVENT: 120 2 1
VERTEX: 0 0 0 0 1 0 0 2
TRACK:  6 -0.457753 1.45253 -0.200622 120 0 0 13
TRACK:  5 0.497389 -1.39167 -0.975593 120 1 0 -13
EVENT: 121 2 1
VERTEX: 0 0 0 0 1 0 0 2
TRACK:  6 0.0723218 -1.26359 -1.21934 121 0 0 13
TRACK:  5 0.0181985 1.2511 0.611576 121 1 0 -13
EVENT: 122 2 1
VERTEX: 0 0 0 0 1 0 0 2
TRACK:  6 -1.09798 -0.254742 1.19216 122 0 0 13
TRACK:  5 0.938103 0.269709 -1.07936 122 1 0 -13
EVENT: 123 2 1
VERTEX: 0 0 0 0 1 0 0 2
TRACK:  6 1.05524 0.094979 9.30042 123 0 0 13
TRACK:  5 -1.17681 -0.0348182 1.72073 123 1 0 -13
EVENT: 124 2 1
VERTEX: 0 0 0 0 1 0 0 2
TRACK:  6 0.708592 -0.889265 1.10608 124 0 0 13
TRACK:  5 -0.840698 0.818562 -0.951809 124 1 0 -13
EVENT: 125 2 1
VERTEX: 0 0 0 0 1 0 0 2
TRACK:  6 -0.628991 0.516671 -0.939731 125 0 0 13
TRACK:  5 0.665315 -0.519309 -13.1932 125 1 0 -13
EVENT: 126 2 1
VERTEX: 0 0 0 0 1 0 0 2
TRACK:  5 -0.883736 -0.556629 1.44959 126 0 0 -13
TRACK:  6 0.851486 0.693462 10.4106 126 1 0 13
EVENT: 127 2 1
VERTEX: 0 0 0 0 1 0 0 2
TRACK:  6 1.4886 -0.31511 2.07689 127 0 0 13
TRACK:  5 -1.49456 0.373219 2.89484 127 1 0 -13
EVENT: 128 2 1
VERTEX: 0 0 0 0 1 0 0 2
TRACK:  6 0.746544 1.32691 0.837562 128 0 0 13
TRACK:  5 -0.65823 -1.32216 0.0485849 128 1 0 -13
EVENT: 129 2 1
VERTEX: 0 0 0 0 1 0 0 2
TRACK:  6 -0.743554 0.592394 -13.594 129 0 0 13
TRACK:  5 0.673991 -0.628933 -1.37651 129 1 0 -13
EVENT: 130 2 1
VERTEX: 0 0 0 0 1 0 0 2
TRACK:  5 -0.258504 0.267207 -5.12566 130 0 0 -13
TRACK:  6 0.300444 -0.28944 0.348158 130 1 0 13
EVENT: 131 2 1
VERTEX: 0 0 0 0 1 0 0 2
TRACK:  6 -1.17607 0.731915 -1.28175 131 0 0 13
TRACK:  5 1.09196 -0.659876 -4.39055 131 1 0 -13
EVENT: 132 2 1
VERTEX: 0 0 0 0 1 0 0 2
TRACK:  6 -0.333685 -0.835058 -13.5873 132 0 0 13
TRACK:  5 0.278197 0.913339 -1.47487 132 1 0 -13
EVENT: 133 2 1
VERTEX: 0 0 0 0 1 0 0 2
TRACK:  6 -0.398946 0.984148 -1.72818 133 0 0 13
TRACK:  5 0.35143 -1.01606 -11.695 133 1 0 -13
EVENT: 134 2 1
VERTEX: 0 0 0 0 1 0 0 2
TRACK:  5 -1.08253 -0.436706 -4.14352 134 0 0 -13
TRACK:  6 1.05819 0.373516 -0.406086 134 1 0 13
EVENT: 135 2 1
VERTEX: 0 0 0 0 1 0 0 2
TRACK:  5 -0.224409 -1.3342 1.91949 135 0 0 -13
TRACK:  6 0.228761 1.40354 0.292737 135 1 0 13
EVENT: 136 2 1
VERTEX: 0 0 0 0 1 0 0 2
TRACK:  6 -0.216333 -1.49611 1.40375 136 0 0 13
TRACK:  5 0.223678 1.56255 1.41301 136 1 0 -13
EVENT: 137 2 1
VERTEX: 0 0 0 0 1 0 0 2
TRACK:  5 -0.354642 1.25493 6.37456 137 0 0 -13
TRACK:  6 0.292647 -1.20812 1.47818 137 1 0 13
EVENT: 138 2 1
VERTEX: 0 0 0 0 1 0 0 2
TRACK:  5 0.598123 -1.08675 -0.823429 138 0 0 -13
TRACK:  6 -0.600927 1.18961 -4.21886 138 1 0 13
EVENT: 139 2 1
VERTEX: 0 0 0 0 1 0 0 2
TRACK:  5 -1.17515 0.766535 2.76441 139 0 0 -13
TRACK:  6 1.19227 -0.848359 6.62222 139 1 0 13
EVENT: 140 2 1
VERTEX: 0 0 0 0 1 0 0 2
TRACK:  6 0.589074 -0.344408 3.01751 140 0 0 13
TRACK:  5 -0.554392 0.467362 -0.508783 140 1 0 -13
EVENT: 141 2 1
VERTEX: 0 0 0 0 1 0 0 2
TRACK:  5 0.736737 1.28285 -1.35692 141 0 0 -13
TRACK:  6 -0.657954 -1.19723 -3.41663 141 1 0 13
EVENT: 142 2 1
VERTEX: 0 0 0 0 1 0 0 2
TRACK:  6 -0.349016 0.745907 -13.849 142 0 0 13
TRACK:  5 0.28883 -0.683973 -0.78962 142 1 0 -13
EVENT: 143 2 1
VERTEX: 0 0 0 0 1 0 0 2
TRACK:  6 -1.19361 -0.327674 -0.518607 143 0 0 13
TRACK:  5 1.10017 0.294363 1.53613 143 1 0 -13
EVENT: 144 2 1
VERTEX: 0 0 0 0 1 0 0 2
TRACK:  5 1.37661 -0.237484 -0.473518 144 0 0 -13
TRACK:  6 -1.44943 0.318983 0.653815 144 1 0 13
EVENT: 145 2 1
VERTEX: 0 0 0 0 1 0 0 2
TRACK:  5 -0.761953 0.529294 -1.14906 145 0 0 -13
TRACK:  6 0.755826 -0.479898 1.34981 145 1 0 13
EVENT: 146 2 1
VERTEX: 0 0 0 0 1 0 0 2
TRACK:  5 -1.16801 -0.661449 2.03581 146 0 0 -13
TRACK:  6 1.25779 0.661612 0.34422 146 1 0 13
EVENT: 147 2 1
VERTEX: 0 0 0 0 1 0 0 2
TRACK:  5 -0.824824 0.329323 -0.0568935 147 0 0 -13
TRACK:  6 0.780293 -0.431175 -4.67275 147 1 0 13
EVENT: 148 2 1
VERTEX: 0 0 0 0 1 0 0 2
TRACK:  5 -0.519672 1.02996 6.64664 148 0 0 -13
TRACK:  6 0.577013 -1.08278 1.34182 148 1 0 13
EVENT: 149 2 1
VERTEX: 0 0 0 0 1 0 0 2
TRACK:  5 0.363064 -0.321262 8.14255 149 0 0 -13
TRACK:  6 -0.274747 0.297225 -0.125894 149 1 0 13
EVENT: 150 2 1
VERTEX: 0 0 0 0 1 0 0 2
TRACK:  5 -0.0293094 1.24573 -1.46184 150 0 0 -13
TRACK:  6 0.117636 -1.32846 -6.16784 150 1 0 13
EVENT: 151 2 1
VERTEX: 0 0 0 0 1 0 0 2
TRACK:  5 -1.38533 0.501705 1.00588 151 0 0 -13
TRACK:  6 1.40715 -0.383653 2.46455 151 1 0 13
EVENT: 152 2 1
VERTEX: 0 0 0 0 1 0 0 2
TRACK:  5 0.524137 0.106935 0.278201 152 0 0 -13
TRACK:  6 -0.451553 -0.123404 -5.07714 152 1 0 13
EVENT: 153 2 1
VERTEX: 0 0 0 0 1 0 0 2
TRACK:  6 -1.46733 0.626707 2.22967 153 0 0 13
TRACK:  5 1.3734 -0.591531 2.16552 153 1 0 -13
EVENT: 154 2 1
VERTEX: 0 0 0 0 1 0 0 2
TRACK:  6 0.952072 0.18429 -12.9128 154 0 0 13
TRACK:  5 -0.976705 -0.164365 -1.5596 154 1 0 -13
EVENT: 155 2 1
VERTEX: 0 0 0 0 1 0 0 2
TRACK:  6 0.55608 -1.46555 5.2372 155 0 0 13
TRACK:  5 -0.504695 1.38445 3.34815 155 1 0 -13
EVENT: 156 2 1
VERTEX: 0 0 0 0 1 0 0 2
TRACK:  6 -0.378188 -0.275463 2.81292 156 0 0 13
TRACK:  5 0.294565 0.235318 -0.765722 156 1 0 -13
EVENT: 157 2 1
VERTEX: 0 0 0 0 1 0 0 2
TRACK:  5 0.491079 -0.507043 8.167 157 0 0 -13
TRACK:  6 -0.444746 0.461548 0.135755 157 1 0 13
EVENT: 158 2 1
VERTEX: 0 0 0 0 1 0 0 2
TRACK:  6 0.852634 0.242871 1.1933 158 0 0 13
TRACK:  5 -0.661017 -0.253202 -1.4576 158 1 0 -13
EVENT: 159 2 1
VERTEX: 0 0 0 0 1 0 0 2
TRACK:  6 -1.49546 -0.0340247 2.06047 159 0 0 13
TRACK:  5 1.51113 0.135269 1.09385 159 1 0 -13
EVENT: 160 2 1
VERTEX: 0 0 0 0 1 0 0 2
TRACK:  6 0.3606 -0.752397 1.65314 160 0 0 13
TRACK:  5 -0.368724 0.808574 -0.967179 160 1 0 -13
EVENT: 161 2 1
VERTEX: 0 0 0 0 1 0 0 2
TRACK:  5 -0.255598 -0.131373 0.0347214 161 0 0 -13
TRACK:  6 0.222866 0.0623587 17.2567 161 1 0 13
EVENT: 162 2 1
VERTEX: 0 0 0 0 1 0 0 2
TRACK:  6 1.3864 0.694026 -2.93379 162 0 0 13
TRACK:  5 -1.26611 -0.627871 -1.2681 162 1 0 -13
EVENT: 163 2 1
VERTEX: 0 0 0 0 1 0 0 2
TRACK:  5 -1.24761 0.639028 -0.925955 163 0 0 -13
TRACK:  6 1.25851 -0.696351 0.308242 163 1 0 13
EVENT: 164 2 1
VERTEX: 0 0 0 0 1 0 0 2
TRACK:  6 -0.178552 -0.261705 0.468734 164 0 0 13
TRACK:  5 0.215942 0.197585 -4.48943 164 1 0 -13
EVENT: 165 2 1
VERTEX: 0 0 0 0 1 0 0 2
TRACK:  5 0.304645 -1.35077 3.8462 165 0 0 -13
TRACK:  6 -0.341426 1.35181 1.25693 165 1 0 13
EVENT: 166 2 1
VERTEX: 0 0 0 0 1 0 0 2
TRACK:  5 0.198386 1.4253 1.31386 166 0 0 -13
TRACK:  6 -0.267675 -1.4599 3.129 166 1 0 13
EVENT: 167 2 1
VERTEX: 0 0 0 0 1 0 0 2
TRACK:  6 1.18919 0.0651069 -0.719049 167 0 0 13
TRACK:  5 -1.21519 -0.0415699 -4.6044 167 1 0 -13
EVENT: 168 2 1
VERTEX: 0 0 0 0 1 0 0 2
TRACK:  5 1.12701 -1.06593 0.985952 168 0 0 -13
TRACK:  6 -1.04065 1.01878 1.87191 168 1 0 13
EVENT: 169 2 1
VERTEX: 0 0 0 0 1 0 0 2
TRACK:  6 -1.17484 -0.534237 1.54582 169 0 0 13
TRACK:  5 1.19147 0.641672 5.79007 169 1 0 -13
EVENT: 170 2 1
VERTEX: 0 0 0 0 1 0 0 2
TRACK:  5 1.10636 0.0812679 -1.86465 170 0 0 -13
TRACK:  6 -0.986551 -0.103847 0.61245 170 1 0 13
EVENT: 171 2 1
VERTEX: 0 0 0 0 1 0 0 2
TRACK:  5 0.546663 1.38215 0.135524 171 0 0 -13
TRACK:  6 -0.615196 -1.39775 -0.561812 171 1 0 13
EVENT: 172 2 1
VERTEX: 0 0 0 0 1 0 0 2
TRACK:  5 1.31977 0.665742 -4.9294 172 0 0 -13
TRACK:  6 -1.27508 -0.725614 -2.47715 172 1 0 13
EVENT: 173 2 1
VERTEX: 0 0 0 0 1 0 0 2
TRACK:  6 0.117493 1.31793 -1.48264 173 0 0 13
TRACK:  5 -0.0517188 -1.22505 0.398022 173 1 0 -13
EVENT: 174 2 1
VERTEX: 0 0 0 0 1 0 0 2
TRACK:  5 -0.176507 -1.26885 -4.67787 174 0 0 -13
TRACK:  6 0.312113 1.30921 -1.25759 174 1 0 13
EVENT: 175 2 1
VERTEX: 0 0 0 0 1 0 0 2
TRACK:  6 0.416536 1.45724 1.37492 175 0 0 13
TRACK:  5 -0.46851 -1.49634 1.15539 175 1 0 -13
EVENT: 176 2 1
VERTEX: 0 0 0 0 1 0 0 2
TRACK:  6 -0.882626 1.23941 4.37489 176 0 0 13
TRACK:  5 0.943354 -1.25237 4.28762 176 1 0 -13
EVENT: 177 2 1
VERTEX: 0 0 0 0 1 0 0 2
TRACK:  6 -0.189522 1.29359 -1.13744 177 0 0 13
TRACK:  5 0.164922 -1.36451 0.424985 177 1 0 -13
EVENT: 178 2 1
VERTEX: 0 0 0 0 1 0 0 2
TRACK:  6 -0.106321 -0.0393692 1.78626 178 0 0 13
TRACK:  5 0.187491 0.0954446 -1.31971 178 1 0 -13
EVENT: 179 2 1
VERTEX: 0 0 0 0 1 0 0 2
TRACK:  5 -1.347 -0.42686 -1.96069 179 0 0 -13
TRACK:  6 1.41245 0.446569 -0.606936 179 1 0 13
EVENT: 180 2 1
VERTEX: 0 0 0 0 1 0 0 2
TRACK:  5 0.328243 -0.687635 -0.809517 180 0 0 -13
TRACK:  6 -0.340012 0.687842 -13.5905 180 1 0 13
EVENT: 181 2 1
VERTEX: 0 0 0 0 1 0 0 2
TRACK:  5 -0.82201 0.388823 9.56158 181 0 0 -13
TRACK:  6 0.738095 -0.300311 0.558672 181 1 0 13
EVENT: 182 2 1
VERTEX: 0 0 0 0 1 0 0 2
TRACK:  5 -0.934784 -0.0501409 -0.418079 182 0 0 -13
TRACK:  6 0.90683 0.114561 -6.30446 182 1 0 13
EVENT: 183 2 1
VERTEX: 0 0 0 0 1 0 0 2
TRACK:  6 -0.920748 -0.901713 -2.1999 183 0 0 13
TRACK:  5 1.00435 0.833017 -0.1111 183 1 0 -13
EVENT: 184 2 1
VERTEX: 0 0 0 0 1 0 0 2
TRACK:  5 -0.0153597 -0.0453495 -5.80116 184 0 0 -13
TRACK:  6 -0.016175 0.131212 0.394447 184 1 0 13
EVENT: 185 2 1
VERTEX: 0 0 0 0 1 0 0 2
TRACK:  5 -1.37409 -0.668443 2.25418 185 0 0 -13
TRACK:  6 1.23335 0.661408 0.749474 185 1 0 13
EVENT: 186 2 1
VERTEX: 0 0 0 0 1 0 0 2
TRACK:  6 -0.687669 -0.606837 0.524354 186 0 0 13
TRACK:  5 0.660498 0.647414 7.20854 186 1 0 -13
EVENT: 187 2 1
VERTEX: 0 0 0 0 1 0 0 2
TRACK:  5 0.695614 -0.171291 -1.13807 187 0 0 -13
TRACK:  6 -0.737761 0.258025 1.6 187 1 0 13
EVENT: 188 2 1
VERTEX: 0 0 0 0 1 0 0 2
TRACK:  5 0.947089 -0.312615 -1.98717 188 0 0 -13
TRACK:  6 -0.901833 0.316779 0.636245 188 1 0 13
EVENT: 189 2 1
VERTEX: 0 0 0 0 1 0 0 2
TRACK:  6 1.07698 0.259598 10.5429 189 0 0 13
TRACK:  5 -1.20983 -0.250942 2.3308 189 1 0 -13
EVENT: 190 2 1
VERTEX: 0 0 0 0 1 0 0 2
TRACK:  5 -0.84096 -1.1662 -3.57449 190 0 0 -13
TRACK:  6 0.81089 1.10392 -1.13168 190 1 0 13
EVENT: 191 2 1
VERTEX: 0 0 0 0 1 0 0 2
TRACK:  5 0.26507 -1.32074 -1.60975 191 0 0 -13
TRACK:  6 -0.102137 1.20373 0.327826 191 1 0 13
EVENT: 192 2 1
VERTEX: 0 0 0 0 1 0 0 2
TRACK:  5 0.586941 0.834853 0.441995 192 0 0 -13
TRACK:  6 -0.519282 -0.89517 5.36248 192 1 0 13
EVENT: 193 2 1
VERTEX: 0 0 0 0 1 0 0 2
TRACK:  6 0.399848 1.08922 13.2209 193 0 0 13
TRACK:  5 -0.310336 -0.977616 1.88462 193 1 0 -13
EVENT: 194 2 1
VERTEX: 0 0 0 0 1 0 0 2
TRACK:  6 -0.756591 -0.412861 -6.83169 194 0 0 13
TRACK:  5 0.857425 0.504806 -0.602561 194 1 0 -13
EVENT: 195 2 1
VERTEX: 0 0 0 0 1 0 0 2
TRACK:  5 0.90244 1.26242 2.94756 195 0 0 -13
TRACK:  6 -0.910796 -1.2369 3.16054 195 1 0 13
EVENT: 196 2 1
VERTEX: 0 0 0 0 1 0 0 2
TRACK:  6 -1.12727 0.475257 -1.00347 196 0 0 13
TRACK:  5 1.10002 -0.459159 0.924444 196 1 0 -13
EVENT: 197 2 1
VERTEX: 0 0 0 0 1 0 0 2
TRACK:  5 -1.39572 0.211651 1.74695 197 0 0 -13
TRACK:  6 1.5697 -0.210076 3.57246 197 1 0 13
EVENT: 198 2 1
VERTEX: 0 0 0 0 1 0 0 2
TRACK:  5 -0.718375 -0.563007 0.0615594 198 0 0 -13
TRACK:  6 0.630022 0.524588 -4.03008 198 1 0 13
EVENT: 199 2 1
VERTEX: 0 0 0 0 1 0 0 2
TRACK:  6 -1.5118 -0.423082 1.36904 199 0 0 13
TRACK:  5 1.46005 0.326861 0.831278 199 1 0 -13
EVENT: 200 2 1
VERTEX: 0 0 0 0 1 0 0 2
TRACK:  6 1.26196 0.853751 0.492133 200 0 0 13
TRACK:  5 -1.18484 -0.828253 1.45761 200 1 0 -13
EVENT: 201 2 1
VERTEX: 0 0 0 0 1 0 0 2
TRACK:  6 0.0534153 0.482736 2.4351 201 0 0 13
TRACK:  5 0.0113213 -0.661101 -0.782734 201 1 0 -13
EVENT: 202 2 1
VERTEX: 0 0 0 0 1 0 0 2
TRACK:  5 1.1936 -0.660969 -3.30193 202 0 0 -13
TRACK:  6 -1.12238 0.692035 -9.80196 202 1 0 13
EVENT: 203 2 1
VERTEX: 0 0 0 0 1 0 0 2
TRACK:  5 -0.682395 -1.24496 6.51751 203 0 0 -13
TRACK:  6 0.655156 1.33124 3.21109 203 1 0 13
EVENT: 204 2 1
VERTEX: 0 0 0 0 1 0 0 2
TRACK:  5 0.427822 -1.18983 13.9361 204 0 0 -13
TRACK:  6 -0.503847 1.12622 3.43146 204 1 0 13
EVENT: 205 2 1
VERTEX: 0 0 0 0 1 0 0 2
TRACK:  5 0.14396 1.53719 5.84514 205 0 0 -13
TRACK:  6 -0.112058 -1.47613 8.5807 205 1 0 13
EVENT: 206 2 1
VERTEX: 0 0 0 0 1 0 0 2
TRACK:  5 0.480766 -0.840932 -6.80888 206 0 0 -13
TRACK:  6 -0.406841 0.639451 -0.205459 206 1 0 13
EVENT: 207 2 1
VERTEX: 0 0 0 0 1 0 0 2
TRACK:  6 -0.191659 -0.989465 1.18334 207 0 0 13
TRACK:  5 0.142464 0.964446 -1.18674 207 1 0 -13
EVENT: 208 2 1
VERTEX: 0 0 0 0 1 0 0 2
TRACK:  6 -0.380565 0.128912 -12.4033 208 0 0 13
TRACK:  5 0.361875 -0.06969 -0.00980169 208 1 0 -13
EVENT: 209 2 1
VERTEX: 0 0 0 0 1 0 0 2
TRACK:  5 -1.30643 0.512364 -4.50383 209 0 0 -13
TRACK:  6 1.33165 -0.488277 -11.0003 209 1 0 13
EVENT: 210 2 1
VERTEX: 0 0 0 0 1 0 0 2
TRACK:  6 0.253091 0.432507 0.316338 210 0 0 13
TRACK:  5 -0.120161 -0.404948 16.0186 210 1 0 -13
EVENT: 211 2 1
VERTEX: 0 0 0 0 1 0 0 2
TRACK:  5 1.29072 0.20767 -0.541092 211 0 0 -13
TRACK:  6 -1.34153 -0.187772 1.05666 211 1 0 13
EVENT: 212 2 1
VERTEX: 0 0 0 0 1 0 0 2
TRACK:  5 0.886748 1.1866 -0.168013 212 0 0 -13
TRACK:  6 -0.921637 -1.23522 -0.866148 212 1 0 13
EVENT: 213 2 1
VERTEX: 0 0 0 0 1 0 0 2
TRACK:  6 -0.087738 -1.52827 -5.17395 213 0 0 13
TRACK:  5 -0.061341 1.46614 -2.88608 213 1 0 -13
EVENT: 214 2 1
VERTEX: 0 0 0 0 1 0 0 2
TRACK:  5 1.27482 0.851071 0.186148 214 0 0 -13
TRACK:  6 -1.22018 -0.830291 -0.517104 214 1 0 13
EVENT: 215 2 1
VERTEX: 0 0 0 0 1 0 0 2
TRACK:  5 1.48632 0.0693318 6.29001 215 0 0 -13
TRACK:  6 -1.41794 -0.0867816 12.2501 215 1 0 13
EVENT: 216 2 1
VERTEX: 0 0 0 0 1 0 0 2
TRACK:  5 0.312334 1.25314 1.13587 216 0 0 -13
TRACK:  6 -0.351508 -1.24792 -0.578842 216 1 0 13
EVENT: 217 2 1
VERTEX: 0 0 0 0 1 0 0 2
TRACK:  5 1.03105 -1.13952 0.586072 217 0 0 -13
TRACK:  6 -1.12198 1.06229 0.326475 217 1 0 13
EVENT: 218 2 1
VERTEX: 0 0 0 0 1 0 0 2
TRACK:  6 -0.899782 1.13395 5.02006 218 0 0 13
TRACK:  5 0.99449 -1.10198 2.52555 218 1 0 -13
EVENT: 219 2 1
VERTEX: 0 0 0 0 1 0 0 2
TRACK:  5 -0.471946 -1.36211 -2.47689 219 0 0 -13
TRACK:  6 0.455201 1.40366 -5.3162 219 1 0 13
EVENT: 220 2 1
VERTEX: 0 0 0 0 1 0 0 2
TRACK:  5 0.948883 -1.30347 6.73719 220 0 0 -13
TRACK:  6 -0.776157 1.25581 7.04438 220 1 0 13
EVENT: 221 2 1
VERTEX: 0 0 0 0 1 0 0 2
TRACK:  6 -0.76211 -0.520637 2.64312 221 0 0 13
TRACK:  5 0.824124 0.388313 -0.424573 221 1 0 -13
EVENT: 222 2 1
VERTEX: 0 0 0 0 1 0 0 2
TRACK:  6 -1.37975 0.0219109 -9.0232 222 0 0 13
TRACK:  5 1.45074 0.0210488 -3.95312 222 1 0 -13
EVENT: 223 2 1
VERTEX: 0 0 0 0 1 0 0 2
TRACK:  6 0.82967 0.523567 -3.20737 223 0 0 13
TRACK:  5 -0.847466 -0.579961 0.0933058 223 1 0 -13
EVENT: 224 2 1
VERTEX: 0 0 0 0 1 0 0 2
TRACK:  6 -0.980161 1.1019 -0.0394256 224 0 0 13
TRACK:  5 1.09198 -0.952511 1.01835 224 1 0 -13
EVENT: 225 2 1
VERTEX: 0 0 0 0 1 0 0 2
TRACK:  5 0.14954 0.0232197 0.183959 225 0 0 -13
TRACK:  6 -0.0856829 -0.140523 -10.7249 225 1 0 13
EVENT: 226 2 1
VERTEX: 0 0 0 0 1 0 0 2
TRACK:  5 -1.49752 -0.329634 -6.16828 226 0 0 -13
TRACK:  6 1.48601 0.387226 -7.85625 226 1 0 13
EVENT: 227 2 1
VERTEX: 0 0 0 0 1 0 0 2
TRACK:  6 -1.20607 0.953713 2.47166 227 0 0 13
TRACK:  5 1.24208 -0.912144 2.00218 227 1 0 -13
EVENT: 228 2 1
VERTEX: 0 0 0 0 1 0 0 2
TRACK:  5 -1.20839 0.541978 5.37321 228 0 0 -13
TRACK:  6 1.14961 -0.636215 1.45404 228 1 0 13
EVENT: 229 2 1
VERTEX: 0 0 0 0 1 0 0 2
TRACK:  6 -0.33399 -0.53712 -0.799233 229 0 0 13
TRACK:  5 0.15787 0.562714 2.38767 229 1 0 -13
EVENT: 230 2 1
VERTEX: 0 0 0 0 1 0 0 2
TRACK:  5 -1.01983 1.21782 5.0874 230 0 0 -13
TRACK:  6 0.940023 -1.03838 7.76691 230 1 0 13
EVENT: 231 2 1
VERTEX: 0 0 0 0 1 0 0 2
TRACK:  6 1.07736 -0.132949 2.16649 231 0 0 13
TRACK:  5 -1.12345 0.269329 -0.293432 231 1 0 -13
EVENT: 232 2 1
VERTEX: 0 0 0 0 1 0 0 2
TRACK:  6 -0.647738 1.34517 -0.739775 232 0 0 13
TRACK:  5 0.614065 -1.42423 -1.43503 232 1 0 -13
EVENT: 233 2 1
VERTEX: 0 0 0 0 1 0 0 2
TRACK:  6 -1.11021 0.96313 -0.643143 233 0 0 13
TRACK:  5 1.08465 -0.839046 -2.21996 233 1 0 -13
EVENT: 234 2 1
VERTEX: 0 0 0 0 1 0 0 2
TRACK:  6 0.943826 -0.0994091 1.60876 234 0 0 13
TRACK:  5 -0.98065 -0.020355 14.4941 234 1 0 -13
EVENT: 235 2 1
VERTEX: 0 0 0 0 1 0 0 2
TRACK:  6 1.29988 0.647108 -2.8102 235 0 0 13
TRACK:  5 -1.2845 -0.703635 -5.88697 235 1 0 -13
EVENT: 236 2 1
VERTEX: 0 0 0 0 1 0 0 2
TRACK:  5 0.663171 1.17717 4.22573 236 0 0 -13
TRACK:  6 -0.67494 -1.26299 1.52642 236 1 0 13
EVENT: 237 2 1
VERTEX: 0 0 0 0 1 0 0 2
TRACK:  5 -0.834652 -1.23504 -4.7166 237 0 0 -13
TRACK:  6 0.722245 1.37998 -7.0786 237 1 0 13
EVENT: 238 2 1
VERTEX: 0 0 0 0 1 0 0 2
TRACK:  5 1.06869 -0.258342 -0.160048 238 0 0 -13
TRACK:  6 -0.999997 0.285848 2.68185 238 1 0 13
EVENT: 239 2 1
VERTEX: 0 0 0 0 1 0 0 2
TRACK:  5 -1.16151 -0.850589 -3.02638 239 0 0 -13
TRACK:  6 1.15451 0.792085 -7.05925 239 1 0 13
EVENT: 240 2 1
VERTEX: 0 0 0 0 1 0 0 2
TRACK:  5 -0.0521627 -1.48955 -4.15061 240 0 0 -13
TRACK:  6 0.177576 1.40066 -8.27792 240 1 0 13
EVENT: 241 2 1
VERTEX: 0 0 0 0 1 0 0 2
TRACK:  6 -0.177211 -0.0677808 5.62756 241 0 0 13
TRACK:  5 0.172009 0.00446361 -0.398044 241 1 0 -13
EVENT: 242 2 1
VERTEX: 0 0 0 0 1 0 0 2
TRACK:  5 1.18695 0.12539 3.6898 242 0 0 -13
TRACK:  6 -1.14855 -0.0105854 0.336472 242 1 0 13
EVENT: 243 2 1
VERTEX: 0 0 0 0 1 0 0 2
TRACK:  6 0.38413 0.742013 6.66704 243 0 0 13
TRACK:  5 -0.380757 -0.791873 0.352764 243 1 0 -13
EVENT: 244 2 1
VERTEX: 0 0 0 0 1 0 0 2
TRACK:  6 -1.02701 -1.08651 1.59083 244 0 0 13
TRACK:  5 1.11291 1.05929 2.67232 244 1 0 -13
EVENT: 245 2 1
VERTEX: 0 0 0 0 1 0 0 2
TRACK:  5 -1.44449 0.581298 -9.9328 245 0 0 -13
TRACK:  6 1.33368 -0.605147 -6.03304 245 1 0 13
EVENT: 246 2 1
VERTEX: 0 0 0 0 1 0 0 2
TRACK:  5 -0.155709 -0.422433 1.12926 246 0 0 -13
TRACK:  6 0.0669808 0.482894 -1.91169 246 1 0 13
EVENT: 247 2 1
VERTEX: 0 0 0 0 1 0 0 2
TRACK:  5 -1.0983 -0.864142 -0.263159 247 0 0 -13
TRACK:  6 1.04842 0.936838 -1.84188 247 1 0 13
EVENT: 248 2 1
VERTEX: 0 0 0 0 1 0 0 2
TRACK:  6 1.36001 -0.442926 0.854785 248 0 0 13
TRACK:  5 -1.46013 0.571721 2.01793 248 1 0 -13
EVENT: 249 2 1
VERTEX: 0 0 0 0 1 0 0 2
TRACK:  5 0.0670862 -1.3531 -1.92676 249 0 0 -13
TRACK:  6 -0.154722 1.25581 -6.45802 249 1 0 13
EVENT: 250 2 1
VERTEX: 0 0 0 0 1 0 0 2
TRACK:  6 -0.890303 0.712673 1.99795 250 0 0 13
TRACK:  5 0.843237 -0.670607 -0.43496 250 1 0 -13
EVENT: 251 2 1
VERTEX: 0 0 0 0 1 0 0 2
TRACK:  6 -1.48486 -0.0388492 -2.60626 251 0 0 13
TRACK:  5 1.51025 -0.0347136 -1.39746 251 1 0 -13
EVENT: 252 2 1
VERTEX: 0 0 0 0 1 0 0 2
TRACK:  6 0.842112 -0.90544 3.97636 252 0 0 13
TRACK:  5 -0.848176 0.929994 0.701792 252 1 0 -13
EVENT: 253 2 1
VERTEX: 0 0 0 0 1 0 0 2
TRACK:  5 -0.128938 -0.883916 -1.79894 253 0 0 -13
TRACK:  6 0.0719914 0.977125 0.773602 253 1 0 13
EVENT: 254 2 1
VERTEX: 0 0 0 0 1 0 0 2
TRACK:  5 -0.336765 1.19023 -1.00404 254 0 0 -13
TRACK:  6 0.237761 -1.09461 0.997189 254 1 0 13
EVENT: 255 2 1
VERTEX: 0 0 0 0 1 0 0 2
TRACK:  6 -0.586825 0.0662339 -1.40299 255 0 0 13
TRACK:  5 0.673495 -0.20813 1.40513 255 1 0 -13
EVENT: 256 2 1
VERTEX: 0 0 0 0 1 0 0 2
TRACK:  5 -1.55341 -0.219026 -1.29936 256 0 0 -13
TRACK:  6 1.49344 0.143716 -0.807315 256 1 0 13
EVENT: 257 2 1
VERTEX: 0 0 0 0 1 0 0 2
TRACK:  5 -0.133699 -0.521451 0.538836 257 0 0 -13
TRACK:  6 0.0088079 0.383524 -3.4913 257 1 0 13
EVENT: 258 2 1
VERTEX: 0 0 0 0 1 0 0 2
TRACK:  5 -1.4467 0.0081534 -1.23282 258 0 0 -13
TRACK:  6 1.4435 -0.0893774 -3.10379 258 1 0 13
EVENT: 259 2 1
VERTEX: 0 0 0 0 1 0 0 2
TRACK:  5 -0.406457 0.61379 -1.22 259 0 0 -13
TRACK:  6 0.433714 -0.694735 1.46152 259 1 0 13
EVENT: 260 2 1
VERTEX: 0 0 0 0 1 0 0 2
TRACK:  6 0.985035 -1.22504 -5.9643 260 0 0 13
TRACK:  5 -0.896848 1.22554 -5.86896 260 1 0 -13
EVENT: 261 2 1
VERTEX: 0 0 0 0 1 0 0 2
TRACK:  6 0.895168 0.444371 -2.51563 261 0 0 13
TRACK:  5 -0.996442 -0.430596 0.262955 261 1 0 -13
EVENT: 262 2 1
VERTEX: 0 0 0 0 1 0 0 2
TRACK:  5 0.288815 0.875191 -11.0038 262 0 0 -13
TRACK:  6 -0.333836 -0.882708 -1.11051 262 1 0 13
EVENT: 263 2 1
VERTEX: 0 0 0 0 1 0 0 2
TRACK:  5 0.717196 -1.13577 0.36546 263 0 0 -13
TRACK:  6 -0.756289 1.1191 -1.20401 263 1 0 13
EVENT: 264 2 1
VERTEX: 0 0 0 0 1 0 0 2
TRACK:  5 1.41786 -0.0536814 10.6604 264 0 0 -13
TRACK:  6 -1.45437 0.128926 5.04328 264 1 0 13
EVENT: 265 2 1
VERTEX: 0 0 0 0 1 0 0 2
TRACK:  6 0.378304 -0.340907 -2.72997 265 0 0 13
TRACK:  5 -0.391324 0.394999 0.718289 265 1 0 -13
EVENT: 266 2 1
VERTEX: 0 0 0 0 1 0 0 2
TRACK:  5 1.32115 0.643745 3.7292 266 0 0 -13
TRACK:  6 -1.50291 -0.619088 4.19679 266 1 0 13
EVENT: 267 2 1
VERTEX: 0 0 0 0 1 0 0 2
TRACK:  5 0.742529 1.26698 5.32685 267 0 0 -13
TRACK:  6 -0.925884 -1.28913 8.00599 267 1 0 13
EVENT: 268 2 1
VERTEX: 0 0 0 0 1 0 0 2
TRACK:  5 0.537217 0.536945 -3.27982 268 0 0 -13
TRACK:  6 -0.601425 -0.465371 0.396573 268 1 0 13
EVENT: 269 2 1
VERTEX: 0 0 0 0 1 0 0 2
TRACK:  5 0.811367 -1.10072 3.46267 269 0 0 -13
TRACK:  6 -0.793708 1.13238 9.6458 269 1 0 13
EVENT: 270 2 1
VERTEX: 0 0 0 0 1 0 0 2
TRACK:  6 -1.29767 0.903985 1.71663 270 0 0 13
TRACK:  5 1.1607 -0.95261 2.01326 270 1 0 -13
EVENT: 271 2 1
VERTEX: 0 0 0 0 1 0 0 2
TRACK:  5 0.145487 -0.729668 0.880615 271 0 0 -13
TRACK:  6 -0.0874459 0.721262 -2.009 271 1 0 13
EVENT: 272 2 1
VERTEX: 0 0 0 0 1 0 0 2
TRACK:  6 -0.0386633 -1.45037 4.11029 272 0 0 13
TRACK:  5 -0.1542 1.4407 1.78109 272 1 0 -13
EVENT: 273 2 1
VERTEX: 0 0 0 0 1 0 0 2
TRACK:  5 -1.12712 0.962665 -5.84219 273 0 0 -13
TRACK:  6 1.06353 -0.893355 -2.37028 273 1 0 13
EVENT: 274 2 1
VERTEX: 0 0 0 0 1 0 0 2
TRACK:  5 -0.196923 1.16363 0.994634 274 0 0 -13
TRACK:  6 0.133634 -1.1052 -1.07682 274 1 0 13
EVENT: 275 2 1
VERTEX: 0 0 0 0 1 0 0 2
TRACK:  6 -0.909648 0.507921 -0.669891 275 0 0 13
TRACK:  5 0.900143 -0.457067 1.77645 275 1 0 -13
EVENT: 276 2 1
VERTEX: 0 0 0 0 1 0 0 2
TRACK:  5 -0.481191 -0.753445 -1.63016 276 0 0 -13
TRACK:  6 0.564651 0.688719 -17.0209 276 1 0 13
EVENT: 277 2 1
VERTEX: 0 0 0 0 1 0 0 2
TRACK:  6 1.24803 -0.928367 1.27345 277 0 0 13
TRACK:  5 -1.26447 0.822794 1.80716 277 1 0 -13
EVENT: 278 2 1
VERTEX: 0 0 0 0 1 0 0 2
TRACK:  5 0.924994 -0.269553 -1.02874 278 0 0 -13
TRACK:  6 -1.14468 0.294061 1.21314 278 1 0 13
EVENT: 279 2 1
VERTEX: 0 0 0 0 1 0 0 2
TRACK:  6 0.340532 -0.823395 -0.51468 279 0 0 13
TRACK:  5 -0.305944 0.893393 2.42642 279 1 0 -13
EVENT: 280 2 1
VERTEX: 0 0 0 0 1 0 0 2
TRACK:  6 1.16609 -0.421205 6.16942 280 0 0 13
TRACK:  5 -1.12901 0.501221 1.31824 280 1 0 -13
EVENT: 281 2 1
VERTEX: 0 0 0 0 1 0 0 2
TRACK:  6 -1.32428 0.826288 -0.688811 281 0 0 13
TRACK:  5 1.27976 -0.82294 -0.910111 281 1 0 -13
EVENT: 282 2 1
VERTEX: 0 0 0 0 1 0 0 2
TRACK:  6 -0.0215369 0.354808 -2.68618 282 0 0 13
TRACK:  5 0.107453 -0.545699 0.755216 282 1 0 -13
EVENT: 283 2 1
VERTEX: 0 0 0 0 1 0 0 2
TRACK:  5 0.0139851 -0.818302 -7.20152 283 0 0 -13
TRACK:  6 -0.0495522 0.741268 -0.202212 283 1 0 13
EVENT: 284 2 1
VERTEX: 0 0 0 0 1 0 0 2
TRACK:  6 -0.518318 -0.488046 -5.60595 284 0 0 13
TRACK:  5 0.544418 0.382427 0.085201 284 1 0 -13
EVENT: 285 2 1
VERTEX: 0 0 0 0 1 0 0 2
TRACK:  5 1.1421 0.513678 0.579915 285 0 0 -13
TRACK:  6 -1.19703 -0.31282 -1.30904 285 1 0 13
EVENT: 286 2 1
VERTEX: 0 0 0 0 1 0 0 2
TRACK:  6 0.516623 -0.471036 -0.889602 286 0 0 13
TRACK:  5 -0.503719 0.359829 2.09763 286 1 0 -13
EVENT: 287 2 1
VERTEX: 0 0 0 0 1 0 0 2
TRACK:  5 -0.0810329 0.912324 -2.88606 287 0 0 -13
TRACK:  6 -0.017073 -0.987134 0.266753 287 1 0 13
EVENT: 288 2 1
VERTEX: 0 0 0 0 1 0 0 2
TRACK:  6 0.757569 0.62497 1.8728 288 0 0 13
TRACK:  5 -0.890113 -0.613088 -0.591856 288 1 0 -13
EVENT: 289 2 1
VERTEX: 0 0 0 0 1 0 0 2
TRACK:  5 -0.395023 -0.404507 -0.327531 289 0 0 -13
TRACK:  6 0.491942 0.417381 4.4367 289 1 0 13
EVENT: 290 2 1
VERTEX: 0 0 0 0 1 0 0 2
TRACK:  5 -0.963575 0.933974 0.30041 290 0 0 -13
TRACK:  6 1.09968 -0.95069 -1.08914 290 1 0 13
EVENT: 291 2 1
VERTEX: 0 0 0 0 1 0 0 2
TRACK:  6 -0.66668 -0.913326 5.94218 291 0 0 13
TRACK:  5 0.691949 0.973253 1.03353 291 1 0 -13
EVENT: 292 2 1
VERTEX: 0 0 0 0 1 0 0 2
TRACK:  6 0.778752 1.06821 -1.91573 292 0 0 13
TRACK:  5 -0.712755 -0.922236 -7.30789 292 1 0 -13
EVENT: 293 2 1
VERTEX: 0 0 0 0 1 0 0 2
TRACK:  5 0.171063 -0.264706 0.262679 293 0 0 -13
TRACK:  6 -0.354902 0.349671 -6.73531 293 1 0 13
EVENT: 294 2 1
VERTEX: 0 0 0 0 1 0 0 2
TRACK:  5 -0.224038 1.24436 -2.95616 294 0 0 -13
TRACK:  6 0.249706 -1.15422 -11.8968 294 1 0 13
