EVENT: 1 2 1
VERTEX: 0 0 0 0 1 0 0 2
TRACK:  6 -0.494971 -1.06008 5.8973 1 0 0 13
TRACK:  5 0.501221 1.04114 -5.88026 1 1 0 -13
EVENT: 2 2 1
VERTEX: 0 0 0 0 1 0 0 2
TRACK:  6 0.290909 -0.0536839 -0.146118 2 0 0 13
TRACK:  5 -0.294519 0.0434824 4.13364 2 1 0 -13
EVENT: 3 2 1
VERTEX: 0 0 0 0 1 0 0 2
TRACK:  6 0.233679 0.329401 1.09604 3 0 0 13
TRACK:  5 -0.230991 -0.296989 -14.5427 3 1 0 -13
EVENT: 4 2 1
VERTEX: 0 0 0 0 1 0 0 2
TRACK:  5 -3.45875 1.16402 14.1406 4 0 0 -13
TRACK:  6 3.46939 -1.14886 12.2135 4 1 0 13
EVENT: 5 2 1
VERTEX: 0 0 0 0 1 0 0 2
TRACK:  6 0.232127 0.102708 26.2834 5 0 0 13
TRACK:  5 -0.232609 -0.102668 -1.12803 5 1 0 -13
EVENT: 6 2 1
VERTEX: 0 0 0 0 1 0 0 2
TRACK:  5 3.56458 -4.11631 -26.7437 6 0 0 -13
TRACK:  6 -3.55935 4.09418 -4.93069 6 1 0 13
EVENT: 7 2 1
VERTEX: 0 0 0 0 1 0 0 2
TRACK:  5 0.068742 0.00853106 -4.32626 7 0 0 -13
TRACK:  6 -0.0649405 -0.0351445 2.52708 7 1 0 13
EVENT: 8 2 1
VERTEX: 0 0 0 0 1 0 0 2
TRACK:  5 2.17051 -6.07027 -23.8486 8 0 0 -13
TRACK:  6 -2.2224 6.06331 2.19445 8 1 0 13
EVENT: 9 2 1
VERTEX: 0 0 0 0 1 0 0 2
TRACK:  6 -0.162043 -0.0635389 -22.0443 9 0 0 13
TRACK:  5 0.17301 0.0422172 2.88382 9 1 0 -13
EVENT: 10 2 1
VERTEX: 0 0 0 0 1 0 0 2
TRACK:  6 0.0618321 -0.188949 0.880569 10 0 0 13
TRACK:  5 0.0712146 0.0880135 -0.190966 10 1 0 -13
EVENT: 11 2 1
VERTEX: 0 0 0 0 1 0 0 2
TRACK:  6 0.561097 0.274974 -5.17347 11 0 0 13
TRACK:  5 -0.55105 -0.274872 6.93973 11 1 0 -13
EVENT: 12 2 1
VERTEX: 0 0 0 0 1 0 0 2
TRACK:  6 -0.0741365 -0.0625912 12.3789 12 0 0 13
TRACK:  5 0.0248729 0.115247 -0.532432 12 1 0 -13
EVENT: 13 2 1
VERTEX: 0 0 0 0 1 0 0 2
TRACK:  6 0.944444 7.14059 27.0061 13 0 0 13
TRACK:  5 -0.92008 -7.14344 20.0443 13 1 0 -13
EVENT: 14 2 1
VERTEX: 0 0 0 0 1 0 0 2
TRACK:  5 0.839425 1.41509 1.83125 14 0 0 -13
TRACK:  6 -0.892162 -1.35777 -8.53857 14 1 0 13
EVENT: 15 2 1
VERTEX: 0 0 0 0 1 0 0 2
TRACK:  6 0.338766 1.21179 3.84311 15 0 0 13
TRACK:  5 -0.391836 -1.14735 -6.71585 15 1 0 -13
EVENT: 16 2 1
VERTEX: 0 0 0 0 1 0 0 2
TRACK:  5 0.0446929 0.0600169 34.0763 16 0 0 -13
TRACK:  6 -0.0432903 -0.0729 -0.691381 16 1 0 13
EVENT: 17 2 1
VERTEX: 0 0 0 0 1 0 0 2
TRACK:  5 -2.21674 -1.26591 8.66325 17 0 0 -13
TRACK:  6 2.21113 1.27915 -1.76318 17 1 0 13
EVENT: 18 2 1
VERTEX: 0 0 0 0 1 0 0 2
TRACK:  5 1.10055 1.69422 2.0425 18 0 0 -13
TRACK:  6 -1.1 -1.7295 -9.28709 18 1 0 13
EVENT: 19 2 1
VERTEX: 0 0 0 0 1 0 0 2
TRACK:  5 0.913271 -0.25514 7.17912 19 0 0 -13
TRACK:  6 -0.878752 0.16808 -0.847868 19 1 0 13
EVENT: 20 2 1
VERTEX: 0 0 0 0 1 0 0 2
TRACK:  5 1.95504 -1.77056 0.202809 20 0 0 -13
TRACK:  6 -1.96146 1.78965 23.7124 20 1 0 13
EVENT: 21 2 1
VERTEX: 0 0 0 0 1 0 0 2
TRACK:  5 1.63043 -2.46805 44.175 21 0 0 -13
TRACK:  6 -1.648 2.435 4.07948 21 1 0 13
EVENT: 22 2 1
VERTEX: 0 0 0 0 1 0 0 2
TRACK:  5 0.118831 0.0228687 -9.6724 22 0 0 -13
TRACK:  6 -0.124116 -0.0309029 6.39315 22 1 0 13
EVENT: 23 2 1
VERTEX: 0 0 0 0 1 0 0 2
TRACK:  6 1.80091 4.18019 11.856 23 0 0 13
TRACK:  5 -1.81376 -4.2042 1.63435 23 1 0 -13
EVENT: 24 2 1
VERTEX: 0 0 0 0 1 0 0 2
TRACK:  5 -0.0435224 0.0509641 0.922812 24 0 0 -13
TRACK:  6 0.0248444 -0.0217378 -2.03191 24 1 0 13
EVENT: 25 2 1
VERTEX: 0 0 0 0 1 0 0 2
TRACK:  5 0.099276 -0.206543 -14.3079 25 0 0 -13
TRACK:  6 -0.0952408 0.174741 6.72992 25 1 0 13
EVENT: 26 2 1
VERTEX: 0 0 0 0 1 0 0 2
TRACK:  6 -0.150654 0.330454 -46.8572 26 0 0 13
TRACK:  5 0.115302 -0.291118 0.508566 26 1 0 -13
EVENT: 27 2 1
VERTEX: 0 0 0 0 1 0 0 2
TRACK:  6 -3.50161 3.29152 -7.55557 27 0 0 13
TRACK:  5 3.45311 -3.37934 -0.479469 27 1 0 -13
EVENT: 28 2 1
VERTEX: 0 0 0 0 1 0 0 2
TRACK:  5 0.934857 2.19391 -0.15647 28 0 0 -13
TRACK:  6 -0.921611 -2.18357 -36.9684 28 1 0 13
EVENT: 29 2 1
VERTEX: 0 0 0 0 1 0 0 2
TRACK:  6 0.118374 0.000847231 2.30773 29 0 0 13
TRACK:  5 -0.00231428 -0.039243 -15.6625 29 1 0 -13
EVENT: 30 2 1
VERTEX: 0 0 0 0 1 0 0 2
TRACK:  5 0.0993073 0.0731494 -23.4709 30 0 0 -13
TRACK:  6 -0.066799 -0.0864388 3.14926 30 1 0 13
EVENT: 31 2 1
VERTEX: 0 0 0 0 1 0 0 2
TRACK:  5 -0.696249 -0.311171 5.19927 31 0 0 -13
TRACK:  6 0.674423 0.349902 -14.4017 31 1 0 13
EVENT: 32 2 1
VERTEX: 0 0 0 0 1 0 0 2
TRACK:  6 2.06112 -3.07143 -1.46368 32 0 0 13
TRACK:  5 -2.01087 3.08993 5.05631 32 1 0 -13
EVENT: 33 2 1
VERTEX: 0 0 0 0 1 0 0 2
TRACK:  6 6.69896 1.28845 -6.21361 33 0 0 13
TRACK:  5 -6.66587 -1.28255 -3.51666 33 1 0 -13
EVENT: 34 2 1
VERTEX: 0 0 0 0 1 0 0 2
TRACK:  5 0.0179078 -0.192161 -3.87895 34 0 0 -13
TRACK:  6 -0.0151099 0.216231 3.52152 34 1 0 13
EVENT: 35 2 1
VERTEX: 0 0 0 0 1 0 0 2
TRACK:  5 0.623098 0.5247 -3.57758 35 0 0 -13
TRACK:  6 -0.626555 -0.52056 3.70117 35 1 0 13
EVENT: 36 2 1
VERTEX: 0 0 0 0 1 0 0 2
TRACK:  5 0.387611 1.18963 9.46453 36 0 0 -13
TRACK:  6 -0.245194 -1.18246 -5.61245 36 1 0 13
EVENT: 37 2 1
VERTEX: 0 0 0 0 1 0 0 2
TRACK:  5 -0.35988 -0.38725 0.624922 37 0 0 -13
TRACK:  6 0.358981 0.359231 -28.6969 37 1 0 13
EVENT: 38 2 1
VERTEX: 0 0 0 0 1 0 0 2
TRACK:  6 1.23828 -4.04544 -0.714352 38 0 0 13
TRACK:  5 -1.26241 3.97579 -8.60186 38 1 0 -13
EVENT: 39 2 1
VERTEX: 0 0 0 0 1 0 0 2
TRACK:  6 -0.351066 -0.0364494 0.0567316 39 0 0 13
TRACK:  5 0.33095 0.0176196 -23.8021 39 1 0 -13
EVENT: 40 2 1
VERTEX: 0 0 0 0 1 0 0 2
TRACK:  6 -1.09494 0.53027 4.99068 40 0 0 13
TRACK:  5 1.08527 -0.515376 -0.752462 40 1 0 -13
EVENT: 41 2 1
VERTEX: 0 0 0 0 1 0 0 2
TRACK:  5 -0.124613 1.08168 2.43761 41 0 0 -13
TRACK:  6 0.112331 -1.06829 -37.3345 41 1 0 13
EVENT: 42 2 1
VERTEX: 0 0 0 0 1 0 0 2
TRACK:  6 -0.328563 -0.0326488 -42.4854 42 0 0 13
TRACK:  5 0.372299 -0.00711906 1.28205 42 1 0 -13
EVENT: 43 2 1
VERTEX: 0 0 0 0 1 0 0 2
TRACK:  5 0.178647 -0.0733329 -1.9347 43 0 0 -13
TRACK:  6 -0.179528 0.0732586 1.26266 43 1 0 13
EVENT: 44 2 1
VERTEX: 0 0 0 0 1 0 0 2
TRACK:  6 -1.33384 0.0069208 -0.662821 44 0 0 13
TRACK:  5 1.29631 -0.0182939 0.489516 44 1 0 -13
EVENT: 45 2 1
VERTEX: 0 0 0 0 1 0 0 2
TRACK:  5 -0.349483 0.120442 -3.48295 45 0 0 -13
TRACK:  6 0.334175 -0.129828 10.2857 45 1 0 13
EVENT: 46 2 1
VERTEX: 0 0 0 0 1 0 0 2
TRACK:  5 -0.300104 -1.15388 -0.305893 46 0 0 -13
TRACK:  6 0.315522 1.26192 26.3607 46 1 0 13
EVENT: 47 2 1
VERTEX: 0 0 0 0 1 0 0 2
TRACK:  6 0.0749997 -0.106535 -2.17075 47 0 0 13
TRACK:  5 0.00225199 0.0650221 8.02495 47 1 0 -13
EVENT: 48 2 1
VERTEX: 0 0 0 0 1 0 0 2
TRACK:  5 -0.166825 -0.704221 31.2902 48 0 0 -13
TRACK:  6 0.303802 0.724539 -1.68672 48 1 0 13
EVENT: 49 2 1
VERTEX: 0 0 0 0 1 0 0 2
TRACK:  5 -2.65777 -0.994628 54.4263 49 0 0 -13
TRACK:  6 2.67955 0.933173 3.20866 49 1 0 13
EVENT: 50 2 1
VERTEX: 0 0 0 0 1 0 0 2
TRACK:  5 4.5022 3.76387 -0.0992945 50 0 0 -13
TRACK:  6 -4.50152 -3.77205 -7.2606 50 1 0 13
EVENT: 51 2 1
VERTEX: 0 0 0 0 1 0 0 2
TRACK:  5 -0.0106777 1.33443 -0.979158 51 0 0 -13
TRACK:  6 -0.0159671 -1.37492 17.667 51 1 0 13
EVENT: 52 2 1
VERTEX: 0 0 0 0 1 0 0 2
TRACK:  6 2.24063 4.77806 2.60776 52 0 0 13
TRACK:  5 -2.23867 -4.78327 19.0532 52 1 0 -13
EVENT: 53 2 1
VERTEX: 0 0 0 0 1 0 0 2
TRACK:  5 -1.47889 0.517749 -0.57136 53 0 0 -13
TRACK:  6 1.47603 -0.518243 0.189438 53 1 0 13
EVENT: 54 2 1
VERTEX: 0 0 0 0 1 0 0 2
TRACK:  6 0.301873 2.74056 26.3149 54 0 0 13
TRACK:  5 -0.236463 -2.69813 2.72109 54 1 0 -13
EVENT: 55 2 1
VERTEX: 0 0 0 0 1 0 0 2
TRACK:  6 0.189908 0.306792 31.4367 55 0 0 13
TRACK:  5 -0.215345 -0.333388 -3.98613 55 1 0 -13
EVENT: 56 2 1
VERTEX: 0 0 0 0 1 0 0 2
TRACK:  6 0.24124 1.38004 1.46282 56 0 0 13
TRACK:  5 -0.194922 -1.45945 -4.70731 56 1 0 -13
EVENT: 57 2 1
VERTEX: 0 0 0 0 1 0 0 2
TRACK:  6 -8.01753 -2.32622 31.4279 57 0 0 13
TRACK:  5 8.05979 2.38435 59.5688 57 1 0 -13
EVENT: 58 2 1
VERTEX: 0 0 0 0 1 0 0 2
TRACK:  5 -0.122065 -0.496459 71.9658 58 0 0 -13
TRACK:  6 0.126071 0.461041 -0.420059 58 1 0 13
EVENT: 59 2 1
VERTEX: 0 0 0 0 1 0 0 2
TRACK:  6 0.388256 0.936079 1.64425 59 0 0 13
TRACK:  5 -0.38394 -0.952852 -0.840308 59 1 0 -13
EVENT: 60 2 1
VERTEX: 0 0 0 0 1 0 0 2
TRACK:  5 -0.40959 -0.215487 -2.45048 60 0 0 -13
TRACK:  6 0.394037 0.192088 13.1519 60 1 0 13
EVENT: 61 2 1
VERTEX: 0 0 0 0 1 0 0 2
TRACK:  6 -0.462046 0.64883 4.04726 61 0 0 13
TRACK:  5 0.376473 -0.693332 -10.9992 61 1 0 -13
EVENT: 62 2 1
VERTEX: 0 0 0 0 1 0 0 2
TRACK:  5 -0.954384 -0.0937135 5.26121 62 0 0 -13
TRACK:  6 0.950592 0.105834 -2.65831 62 1 0 13
EVENT: 63 2 1
VERTEX: 0 0 0 0 1 0 0 2
TRACK:  5 0.1546 -0.0653088 18.7928 63 0 0 -13
TRACK:  6 -0.257112 0.034926 -2.77181 63 1 0 13
EVENT: 64 2 1
VERTEX: 0 0 0 0 1 0 0 2
TRACK:  6 -0.0371374 0.0390511 -1.60047 64 0 0 13
TRACK:  5 0.0165105 -0.0153014 1.02668 64 1 0 -13
EVENT: 65 2 1
VERTEX: 0 0 0 0 1 0 0 2
TRACK:  6 1.00552 -2.35754 1.28821 65 0 0 13
TRACK:  5 -0.926179 2.22821 -8.86184 65 1 0 -13
EVENT: 66 2 1
VERTEX: 0 0 0 0 1 0 0 2
TRACK:  5 0.0936589 -0.174871 25.1381 66 0 0 -13
TRACK:  6 -0.0793859 0.175225 -2.99982 66 1 0 13
EVENT: 67 2 1
VERTEX: 0 0 0 0 1 0 0 2
TRACK:  6 1.47699 0.169174 -10.1856 67 0 0 13
TRACK:  5 -1.49271 -0.112833 1.90467 67 1 0 -13
EVENT: 68 2 1
VERTEX: 0 0 0 0 1 0 0 2
TRACK:  6 2.62943 -0.730244 1.38608 68 0 0 13
TRACK:  5 -2.63817 0.722915 -8.3226 68 1 0 -13
EVENT: 69 2 1
VERTEX: 0 0 0 0 1 0 0 2
TRACK:  5 -1.00285 0.0423961 -0.13844 69 0 0 -13
TRACK:  6 0.92723 -0.0402597 27.3078 69 1 0 13
EVENT: 70 2 1
VERTEX: 0 0 0 0 1 0 0 2
TRACK:  5 -0.74201 -0.188176 -0.891572 70 0 0 -13
TRACK:  6 0.748131 0.189577 8.59212 70 1 0 13
EVENT: 71 2 1
VERTEX: 0 0 0 0 1 0 0 2
TRACK:  6 -0.201125 0.132289 -1.57429 71 0 0 13
TRACK:  5 0.204361 -0.201741 12.0548 71 1 0 -13
EVENT: 72 2 1
VERTEX: 0 0 0 0 1 0 0 2
TRACK:  6 -0.198904 0.0163622 -28.3611 72 0 0 13
TRACK:  5 0.208081 -0.00771286 1.95806 72 1 0 -13
EVENT: 73 2 1
VERTEX: 0 0 0 0 1 0 0 2
TRACK:  5 -0.23895 0.0230445 4.27558 73 0 0 -13
TRACK:  6 0.246778 -0.0153038 -2.87807 73 1 0 13
EVENT: 74 2 1
VERTEX: 0 0 0 0 1 0 0 2
TRACK:  5 -0.726158 -0.300209 7.768 74 0 0 -13
TRACK:  6 0.71993 0.451267 -1.1634 74 1 0 13
EVENT: 75 2 1
VERTEX: 0 0 0 0 1 0 0 2
TRACK:  5 2.40021 -5.0847 39.4951 75 0 0 -13
TRACK:  6 -2.50378 5.12209 16.7335 75 1 0 13
EVENT: 76 2 1
VERTEX: 0 0 0 0 1 0 0 2
TRACK:  5 -0.0641261 0.0214878 1.31099 76 0 0 -13
TRACK:  6 0.0317127 0.0296539 -10.6044 76 1 0 13
EVENT: 77 2 1
VERTEX: 0 0 0 0 1 0 0 2
TRACK:  6 -1.16299 6.177 22.353 77 0 0 13
TRACK:  5 1.18719 -6.18425 2.3363 77 1 0 -13
EVENT: 78 2 1
VERTEX: 0 0 0 0 1 0 0 2
TRACK:  5 -0.101902 0.263883 9.54168 78 0 0 -13
TRACK:  6 0.0410425 -0.265626 -1.09195 78 1 0 13
EVENT: 79 2 1
VERTEX: 0 0 0 0 1 0 0 2
TRACK:  6 -0.746003 -0.045491 -2.61296 79 0 0 13
TRACK:  5 0.785858 0.0873022 24.4605 79 1 0 -13
EVENT: 80 2 1
VERTEX: 0 0 0 0 1 0 0 2
TRACK:  6 -0.00273195 1.43117 -8.85652 80 0 0 13
TRACK:  5 0.0311045 -1.46951 0.511306 80 1 0 -13
EVENT: 81 2 1
VERTEX: 0 0 0 0 1 0 0 2
TRACK:  6 -0.815799 0.307695 -11.1741 81 0 0 13
TRACK:  5 0.816764 -0.314556 0.627073 81 1 0 -13
EVENT: 82 2 1
VERTEX: 0 0 0 0 1 0 0 2
TRACK:  5 -0.226046 -0.537569 -4.95247 82 0 0 -13
TRACK:  6 0.242372 0.50501 5.44679 82 1 0 13
EVENT: 83 2 1
VERTEX: 0 0 0 0 1 0 0 2
TRACK:  5 -0.186841 -0.104619 9.49376 83 0 0 -13
TRACK:  6 0.210394 0.0568441 -1.77765 83 1 0 13
EVENT: 84 2 1
VERTEX: 0 0 0 0 1 0 0 2
TRACK:  6 -0.178145 0.0394824 -0.624866 84 0 0 13
TRACK:  5 0.19372 -0.0117943 4.26897 84 1 0 -13
EVENT: 85 2 1
VERTEX: 0 0 0 0 1 0 0 2
TRACK:  6 1.8202 1.01175 11.2917 85 0 0 13
TRACK:  5 -1.79442 -1.01653 -4.3562 85 1 0 -13
EVENT: 86 2 1
VERTEX: 0 0 0 0 1 0 0 2
TRACK:  6 -0.481987 0.27777 0.566638 86 0 0 13
TRACK:  5 0.470233 -0.344737 -5.69148 86 1 0 -13
EVENT: 87 2 1
VERTEX: 0 0 0 0 1 0 0 2
TRACK:  5 1.07199 1.92545 -0.932417 87 0 0 -13
TRACK:  6 -1.06092 -1.96313 0.480269 87 1 0 13
EVENT: 88 2 1
VERTEX: 0 0 0 0 1 0 0 2
TRACK:  6 -0.55161 0.651893 -22.3286 88 0 0 13
TRACK:  5 0.522532 -0.659187 2.72856 88 1 0 -13
EVENT: 89 2 1
VERTEX: 0 0 0 0 1 0 0 2
TRACK:  5 -0.0206533 0.0767044 -2.51214 89 0 0 -13
TRACK:  6 0.0212593 -0.0743627 4.03225 89 1 0 13
EVENT: 90 2 1
VERTEX: 0 0 0 0 1 0 0 2
TRACK:  5 -0.262687 -0.0989619 -33.5473 90 0 0 -13
TRACK:  6 0.268481 0.0562838 2.98019 90 1 0 13
EVENT: 91 2 1
VERTEX: 0 0 0 0 1 0 0 2
TRACK:  5 0.0985958 -0.0600637 5.32338 91 0 0 -13
TRACK:  6 -0.0918957 0.0804618 -7.88072 91 1 0 13
EVENT: 92 2 1
VERTEX: 0 0 0 0 1 0 0 2
TRACK:  6 0.140009 1.40709 5.92843 92 0 0 13
TRACK:  5 -0.0610722 -1.42105 -13.2789 92 1 0 -13
EVENT: 93 2 1
VERTEX: 0 0 0 0 1 0 0 2
TRACK:  6 0.24635 -2.55376 -17.6952 93 0 0 13
TRACK:  5 -0.220363 2.50789 -0.618105 93 1 0 -13
EVENT: 94 2 1
VERTEX: 0 0 0 0 1 0 0 2
TRACK:  5 -4.1966 -3.33838 53.515 94 0 0 -13
TRACK:  6 4.24068 3.37477 13.9544 94 1 0 13
EVENT: 95 2 1
VERTEX: 0 0 0 0 1 0 0 2
TRACK:  6 -0.0589176 -0.221618 0.697491 95 0 0 13
TRACK:  5 0.102723 0.226093 -40.3883 95 1 0 -13
EVENT: 96 2 1
VERTEX: 0 0 0 0 1 0 0 2
TRACK:  6 -0.760329 0.187194 10.5567 96 0 0 13
TRACK:  5 0.803442 -0.357056 -2.81357 96 1 0 -13
EVENT: 97 2 1
VERTEX: 0 0 0 0 1 0 0 2
TRACK:  6 0.0666057 0.0498146 -6.84137 97 0 0 13
TRACK:  5 -0.0649852 0.0538926 6.47016 97 1 0 -13
EVENT: 98 2 1
VERTEX: 0 0 0 0 1 0 0 2
TRACK:  6 -0.437747 -2.63535 0.796304 98 0 0 13
TRACK:  5 0.408632 2.67417 -5.63269 98 1 0 -13
EVENT: 99 2 1
VERTEX: 0 0 0 0 1 0 0 2
TRACK:  6 5.07638 1.59013 8.94589 99 0 0 13
TRACK:  5 -5.14364 -1.53184 26.1109 99 1 0 -13
EVENT: 100 2 1
VERTEX: 0 0 0 0 1 0 0 2
TRACK:  6 0.631665 0.0509006 -40.71 100 0 0 13
TRACK:  5 -0.594739 -0.0620226 2.03651 100 1 0 -13
EVENT: 101 2 1
VERTEX: 0 0 0 0 1 0 0 2
TRACK:  6 -1.8363 1.64033 13.8322 101 0 0 13
TRACK:  5 1.85998 -1.61443 -2.28167 101 1 0 -13
EVENT: 102 2 1
VERTEX: 0 0 0 0 1 0 0 2
TRACK:  5 0.639206 -4.65507 4.61711 102 0 0 -13
TRACK:  6 -0.589751 4.66808 41.799 102 1 0 13
EVENT: 103 2 1
VERTEX: 0 0 0 0 1 0 0 2
TRACK:  5 -5.54666 -2.45542 14.1714 103 0 0 -13
TRACK:  6 5.55128 2.44312 5.20693 103 1 0 13
EVENT: 104 2 1
VERTEX: 0 0 0 0 1 0 0 2
TRACK:  5 0.0914551 -0.208477 15.0626 104 0 0 -13
TRACK:  6 -0.101847 0.196141 -6.66549 104 1 0 13
EVENT: 105 2 1
VERTEX: 0 0 0 0 1 0 0 2
TRACK:  5 0.0857931 0.00153057 1.08514 105 0 0 -13
TRACK:  6 0.0782591 0.0383917 -27.9754 105 1 0 13
EVENT: 106 2 1
VERTEX: 0 0 0 0 1 0 0 2
TRACK:  6 -0.0854679 0.00736781 -10.806 106 0 0 13
TRACK:  5 -0.00763408 0.0496519 3.04283 106 1 0 -13
EVENT: 107 2 1
VERTEX: 0 0 0 0 1 0 0 2
TRACK:  6 2.18372 -4.35745 -5.81585 107 0 0 13
TRACK:  5 -2.17973 4.35571 -10.5114 107 1 0 -13
EVENT: 108 2 1
VERTEX: 0 0 0 0 1 0 0 2
TRACK:  6 -0.06464 -0.0362639 -17.7893 108 0 0 13
TRACK:  5 0.0613148 -0.00581078 0.106592 108 1 0 -13
EVENT: 109 2 1
VERTEX: 0 0 0 0 1 0 0 2
TRACK:  6 0.402682 -0.395311 -0.37417 109 0 0 13
TRACK:  5 -0.324451 0.350499 38.2681 109 1 0 -13
EVENT: 110 2 1
VERTEX: 0 0 0 0 1 0 0 2
TRACK:  6 -0.114329 -0.580248 86.6267 110 0 0 13
TRACK:  5 0.0933486 0.632746 -2.36103 110 1 0 -13
EVENT: 111 2 1
VERTEX: 0 0 0 0 1 0 0 2
TRACK:  5 -0.532475 -0.258169 -27.7642 111 0 0 -13
TRACK:  6 0.530416 0.260731 1.31256 111 1 0 13
EVENT: 112 2 1
VERTEX: 0 0 0 0 1 0 0 2
TRACK:  6 0.0648098 -0.0560903 0.102891 112 0 0 13
TRACK:  5 -0.0678503 0.0552206 -3.66128 112 1 0 -13
EVENT: 113 2 1
VERTEX: 0 0 0 0 1 0 0 2
TRACK:  5 0.353812 -0.600577 0.978498 113 0 0 -13
TRACK:  6 -0.368093 0.633405 -47.1561 113 1 0 13
EVENT: 114 2 1
VERTEX: 0 0 0 0 1 0 0 2
TRACK:  6 -0.601441 -0.194146 -0.895825 114 0 0 13
TRACK:  5 0.582449 0.219347 13.8642 114 1 0 -13
EVENT: 115 2 1
VERTEX: 0 0 0 0 1 0 0 2
TRACK:  6 0.0657904 0.0255801 22.6048 115 0 0 13
TRACK:  5 -0.0389713 -0.0103814 -1.11434 115 1 0 -13
EVENT: 116 2 1
VERTEX: 0 0 0 0 1 0 0 2
TRACK:  5 1.40398 -0.442422 0.171595 116 0 0 -13
TRACK:  6 -1.49735 0.393341 28.1707 116 1 0 13
EVENT: 117 2 1
VERTEX: 0 0 0 0 1 0 0 2
TRACK:  6 -2.40351 2.76062 18.5323 117 0 0 13
TRACK:  5 2.36 -2.74381 -1.89624 117 1 0 -13
EVENT: 118 2 1
VERTEX: 0 0 0 0 1 0 0 2
TRACK:  6 2.01057 2.53296 3.89047 118 0 0 13
TRACK:  5 -2.00205 -2.52849 0.364457 118 1 0 -13
EVENT: 119 2 1
VERTEX: 0 0 0 0 1 0 0 2
TRACK:  6 0.845246 1.90277 54.907 119 0 0 13
TRACK:  5 -0.903554 -1.91692 0.545603 119 1 0 -13
EVENT: 120 2 1
VERTEX: 0 0 0 0 1 0 0 2
TRACK:  5 -1.99039 -0.762892 0.776679 120 0 0 -13
TRACK:  6 2.00533 0.801531 24.8925 120 1 0 13
