EVENT: 1 2 1
VERTEX: 0 0 0 0 1 0 0 2
TRACK:  6 -0.504267 -1.07968 6.08664 1 0 0 13
TRACK:  5 0.510516 1.06074 -6.07141 1 1 0 -13
EVENT: 2 2 1
VERTEX: 0 0 0 0 1 0 0 2
TRACK:  6 0.293648 -0.0544053 -0.203042 2 0 0 13
TRACK:  5 -0.297258 0.0442037 3.66009 2 1 0 -13
EVENT: 3 2 1
VERTEX: 0 0 0 0 1 0 0 2
TRACK:  6 0.548907 -4.05868 -4.97447 3 0 0 13
TRACK:  5 -0.548732 4.13406 -6.70687 3 1 0 -13
EVENT: 4 2 1
VERTEX: 0 0 0 0 1 0 0 2
TRACK:  5 0.418113 0.466565 5.16223 4 0 0 -13
TRACK:  6 -0.440437 -0.461067 -11.1472 4 1 0 13
EVENT: 5 2 1
VERTEX: 0 0 0 0 1 0 0 2
TRACK:  6 1.30803 -1.32929 0.744176 5 0 0 13
TRACK:  5 -1.33539 1.32895 1.80105 5 1 0 -13
EVENT: 6 2 1
VERTEX: 0 0 0 0 1 0 0 2
TRACK:  6 0.0208112 -0.150148 8.29652 6 0 0 13
TRACK:  5 0.0485037 0.186423 -0.156492 6 1 0 -13
EVENT: 7 2 1
VERTEX: 0 0 0 0 1 0 0 2
TRACK:  6 0.568495 0.278606 -5.44583 7 0 0 13
TRACK:  5 -0.558449 -0.278504 7.02444 7 1 0 -13
EVENT: 8 2 1
VERTEX: 0 0 0 0 1 0 0 2
TRACK:  6 -0.0519873 -0.0829216 10.9391 8 0 0 13
TRACK:  5 0.0290477 0.112097 -0.632688 8 1 0 -13
EVENT: 9 2 1
VERTEX: 0 0 0 0 1 0 0 2
TRACK:  6 -0.68189 0.940085 -1.06327 9 0 0 13
TRACK:  5 0.710367 -0.935717 43.2442 9 1 0 -13
EVENT: 10 2 1
VERTEX: 0 0 0 0 1 0 0 2
TRACK:  5 -1.29936 3.30956 -0.830542 10 0 0 -13
TRACK:  6 1.33539 -3.23672 17.7687 10 1 0 13
EVENT: 11 2 1
VERTEX: 0 0 0 0 1 0 0 2
TRACK:  6 0.640785 5.2342 12.7497 11 0 0 13
TRACK:  5 -0.719849 -5.25232 9.51566 11 1 0 -13
EVENT: 12 2 1
VERTEX: 0 0 0 0 1 0 0 2
TRACK:  5 0.851686 1.43758 2.09883 12 0 0 -13
TRACK:  6 -0.904423 -1.38026 -8.00117 12 1 0 13
EVENT: 13 2 1
VERTEX: 0 0 0 0 1 0 0 2
TRACK:  6 0.343843 1.23039 4.09098 13 0 0 13
TRACK:  5 -0.396913 -1.16595 -6.6466 13 1 0 -13
EVENT: 14 2 1
VERTEX: 0 0 0 0 1 0 0 2
TRACK:  6 0.0018192 -0.183149 -0.798275 14 0 0 13
TRACK:  5 -0.0156321 0.155099 30.5814 14 1 0 -13
EVENT: 15 2 1
VERTEX: 0 0 0 0 1 0 0 2
TRACK:  5 -3.13462 -0.00388304 3.47319 15 0 0 -13
TRACK:  6 3.12549 0.00291692 -46.8595 15 1 0 13
EVENT: 16 2 1
VERTEX: 0 0 0 0 1 0 0 2
TRACK:  6 0.29629 0.538928 -7.86471 16 0 0 13
TRACK:  5 -0.355468 -0.464428 5.74391 16 1 0 -13
EVENT: 17 2 1
VERTEX: 0 0 0 0 1 0 0 2
TRACK:  5 0.880726 -0.188591 4.13878 17 0 0 -13
TRACK:  6 -0.883677 0.193856 -1.63902 17 1 0 13
EVENT: 18 2 1
VERTEX: 0 0 0 0 1 0 0 2
TRACK:  5 1.9995 -1.81063 -0.208095 18 0 0 -13
TRACK:  6 -2.00592 1.82971 21.0786 18 1 0 13
EVENT: 19 2 1
VERTEX: 0 0 0 0 1 0 0 2
TRACK:  5 1.66228 -2.51501 41.8808 19 0 0 -13
TRACK:  6 -1.67985 2.48196 3.74824 19 1 0 13
EVENT: 20 2 1
VERTEX: 0 0 0 0 1 0 0 2
TRACK:  5 0.11916 0.022995 -9.88922 20 0 0 -13
TRACK:  6 -0.124445 -0.0310292 6.95429 20 1 0 13
EVENT: 21 2 1
VERTEX: 0 0 0 0 1 0 0 2
TRACK:  6 1.84865 4.29082 10.7389 21 0 0 13
TRACK:  5 -1.86149 -4.31482 1.07571 21 1 0 -13
EVENT: 22 2 1
VERTEX: 0 0 0 0 1 0 0 2
TRACK:  5 -0.0439018 0.0514842 0.990929 22 0 0 -13
TRACK:  6 0.0252238 -0.022258 -1.97264 22 1 0 13
EVENT: 23 2 1
VERTEX: 0 0 0 0 1 0 0 2
TRACK:  5 0.102976 -0.213217 -15.4658 23 0 0 -13
TRACK:  6 -0.0989407 0.181415 8.6179 23 1 0 13
EVENT: 24 2 1
VERTEX: 0 0 0 0 1 0 0 2
TRACK:  5 -0.0133104 -0.123283 0.614245 24 0 0 -13
TRACK:  6 -0.0191925 0.15976 -43.9279 24 1 0 13
EVENT: 25 2 1
VERTEX: 0 0 0 0 1 0 0 2
TRACK:  5 -0.130183 -0.230911 -69.1122 25 0 0 -13
TRACK:  6 0.0684408 0.27895 0.702759 25 1 0 13
EVENT: 26 2 1
VERTEX: 0 0 0 0 1 0 0 2
TRACK:  6 0.942466 0.18403 -9.45991 26 0 0 13
TRACK:  5 -0.940259 -0.18549 0.439399 26 1 0 -13
EVENT: 27 2 1
VERTEX: 0 0 0 0 1 0 0 2
TRACK:  6 0.302915 0.555393 -0.659502 27 0 0 13
TRACK:  5 -0.2969 -0.563617 18.9507 27 1 0 -13
EVENT: 28 2 1
VERTEX: 0 0 0 0 1 0 0 2
TRACK:  5 0.696068 -0.281366 -0.213355 28 0 0 -13
TRACK:  6 -0.738305 0.361127 -1.87824 28 1 0 13
EVENT: 29 2 1
VERTEX: 0 0 0 0 1 0 0 2
TRACK:  6 -4.80123 -0.668532 -50.9169 29 0 0 13
TRACK:  5 4.84255 0.558118 -8.18798 29 1 0 -13
EVENT: 30 2 1
VERTEX: 0 0 0 0 1 0 0 2
TRACK:  5 -1.29458 0.85688 -3.57661 30 0 0 -13
TRACK:  6 1.28101 -0.898029 13.2664 30 1 0 13
EVENT: 31 2 1
VERTEX: 0 0 0 0 1 0 0 2
TRACK:  5 -0.415794 -0.0895326 -0.554627 31 0 0 -13
TRACK:  6 0.396394 0.0703965 19.0905 31 1 0 13
EVENT: 32 2 1
VERTEX: 0 0 0 0 1 0 0 2
TRACK:  6 -1.40442 0.248315 -115.296 32 0 0 13
TRACK:  5 1.52205 -0.167875 1.91938 32 1 0 -13
EVENT: 33 2 1
VERTEX: 0 0 0 0 1 0 0 2
TRACK:  6 -1.44488 1.39592 -13.1612 33 0 0 13
TRACK:  5 1.48215 -1.35874 4.77668 33 1 0 -13
EVENT: 34 2 1
VERTEX: 0 0 0 0 1 0 0 2
TRACK:  5 0.746557 2.38862 -0.999666 34 0 0 -13
TRACK:  6 -0.731186 -2.37797 35.0294 34 1 0 13
EVENT: 35 2 1
VERTEX: 0 0 0 0 1 0 0 2
TRACK:  5 0.18472 -0.0763744 -1.70311 35 0 0 -13
TRACK:  6 -0.183191 0.0741569 1.69664 35 1 0 13
EVENT: 36 2 1
VERTEX: 0 0 0 0 1 0 0 2
TRACK:  6 -1.35969 0.00718011 -0.668439 36 0 0 13
TRACK:  5 1.32215 -0.0185532 0.514458 36 1 0 -13
EVENT: 37 2 1
VERTEX: 0 0 0 0 1 0 0 2
TRACK:  5 -0.352441 0.121264 -3.85588 37 0 0 -13
TRACK:  6 0.337133 -0.13065 9.89633 37 1 0 13
EVENT: 38 2 1
VERTEX: 0 0 0 0 1 0 0 2
TRACK:  5 -0.303789 -1.16729 -0.504043 38 0 0 -13
TRACK:  6 0.319207 1.27532 23.3843 38 1 0 13
EVENT: 39 2 1
VERTEX: 0 0 0 0 1 0 0 2
TRACK:  6 0.0768605 -0.108131 -2.40574 39 0 0 13
TRACK:  5 0.000391156 0.0666186 7.56279 39 1 0 -13
